%MSG-i configureMessageFacility:  Early 25-Mar-2019 14:02:41 CDT pre-events configureMessageFacility.cc:286
Message Facility Application RunControlStateMachine configured with: debugModules:["*"] destinations:{file:{append:false directory:"/home/mu2edaq/sync_demo/ots/srcs/otsdaq_mu2e/Data/Logs/RunControlStateMachine" pattern:"RunControlStateMachine-%?H%t-%p.log" seperator:"-" threshold:"DEBUG" timestamp_pattern:"%Y%m%d%H%M%S" type:"GenFile"} udp:{host:"192.168.157.6" port:30000 threshold:"DEBUG" type:"UDP"}}
%MSG
%MSG-i _TCPConnect:  DAQ 25-Mar-2019 14:02:41 CDT Booted TCPConnect.cc:334
Resolving host 192.168.157.6, on port 30000
%MSG
%MSG-i _TCPConnect:  DAQ 25-Mar-2019 14:02:41 CDT Booted TCPConnect.cc:241
Resolving ip mu2edaq06.fnal.gov
%MSG
%MSG-i configureMessageFacility:  DAQ 25-Mar-2019 14:02:42 CDT Booted configureMessageFacility.cc:286
Message Facility Application CorePropertySupervisorBase configured with: debugModules:["*"] destinations:{file:{append:false directory:"/home/mu2edaq/sync_demo/ots/srcs/otsdaq_mu2e/Data/Logs/CorePropertySupervisorBase" pattern:"CorePropertySupervisorBase-%?H%t-%p.log" seperator:"-" threshold:"DEBUG" timestamp_pattern:"%Y%m%d%H%M%S" type:"GenFile"} udp:{host:"192.168.157.6" port:30000 threshold:"DEBUG" type:"UDP"}}
%MSG
%MSG-i WebUsers:  DAQ 25-Mar-2019 14:02:43 CDT Booted WebUsers.cc:3050
otsdaq/otsdaq-core/WebUsersUtilities/WebUsers.cc [3050]	User 'admin' has locked out the system!
%MSG
%MSG-i configureMessageFacility:  DAQ 25-Mar-2019 14:02:43 CDT Booted configureMessageFacility.cc:286
Message Facility Application GatewaySupervisor configured with: debugModules:["*"] destinations:{file:{append:false directory:"/home/mu2edaq/sync_demo/ots/srcs/otsdaq_mu2e/Data/Logs/GatewaySupervisor" pattern:"GatewaySupervisor-%?H%t-%p.log" seperator:"-" threshold:"DEBUG" timestamp_pattern:"%Y%m%d%H%M%S" type:"GenFile"} udp:{host:"192.168.157.6" port:30000 threshold:"DEBUG" type:"UDP"}}
%MSG
%MSG-i configureMessageFacility:  DAQ 25-Mar-2019 14:02:44 CDT Booted configureMessageFacility.cc:286
Message Facility Application CorePropertySupervisorBase configured with: debugModules:["*"] destinations:{file:{append:false directory:"/home/mu2edaq/sync_demo/ots/srcs/otsdaq_mu2e/Data/Logs/CorePropertySupervisorBase" pattern:"CorePropertySupervisorBase-%?H%t-%p.log" seperator:"-" threshold:"DEBUG" timestamp_pattern:"%Y%m%d%H%M%S" type:"GenFile"} udp:{host:"192.168.157.6" port:30000 threshold:"DEBUG" type:"UDP"}}
%MSG
%MSG-i configureMessageFacility:  DAQ 25-Mar-2019 14:02:45 CDT Booted configureMessageFacility.cc:286
Message Facility Application RunControlStateMachine configured with: debugModules:["*"] destinations:{file:{append:false directory:"/home/mu2edaq/sync_demo/ots/srcs/otsdaq_mu2e/Data/Logs/RunControlStateMachine" pattern:"RunControlStateMachine-%?H%t-%p.log" seperator:"-" threshold:"DEBUG" timestamp_pattern:"%Y%m%d%H%M%S" type:"GenFile"} udp:{host:"192.168.157.6" port:30000 threshold:"DEBUG" type:"UDP"}}
%MSG
%MSG-i configureMessageFacility:  DAQ 25-Mar-2019 14:02:45 CDT Booted configureMessageFacility.cc:286
Message Facility Application CoreSupervisorBase configured with: debugModules:["*"] destinations:{file:{append:false directory:"/home/mu2edaq/sync_demo/ots/srcs/otsdaq_mu2e/Data/Logs/CoreSupervisorBase" pattern:"CoreSupervisorBase-%?H%t-%p.log" seperator:"-" threshold:"DEBUG" timestamp_pattern:"%Y%m%d%H%M%S" type:"GenFile"} udp:{host:"192.168.157.6" port:30000 threshold:"DEBUG" type:"UDP"}}
%MSG
%MSG-i configureMessageFacility:  DAQ 25-Mar-2019 14:02:45 CDT Booted configureMessageFacility.cc:286
Message Facility Application ChatSupervisor configured with: debugModules:["*"] destinations:{file:{append:false directory:"/home/mu2edaq/sync_demo/ots/srcs/otsdaq_mu2e/Data/Logs/ChatSupervisor" pattern:"ChatSupervisor-%?H%t-%p.log" seperator:"-" threshold:"DEBUG" timestamp_pattern:"%Y%m%d%H%M%S" type:"GenFile"} udp:{host:"192.168.157.6" port:30000 threshold:"DEBUG" type:"UDP"}}
%MSG
%MSG-i configureMessageFacility:  DAQ 25-Mar-2019 14:02:46 CDT Booted configureMessageFacility.cc:286
Message Facility Application CorePropertySupervisorBase configured with: debugModules:["*"] destinations:{file:{append:false directory:"/home/mu2edaq/sync_demo/ots/srcs/otsdaq_mu2e/Data/Logs/CorePropertySupervisorBase" pattern:"CorePropertySupervisorBase-%?H%t-%p.log" seperator:"-" threshold:"DEBUG" timestamp_pattern:"%Y%m%d%H%M%S" type:"GenFile"} udp:{host:"192.168.157.6" port:30000 threshold:"DEBUG" type:"UDP"}}
%MSG
%MSG-i configureMessageFacility:  DAQ 25-Mar-2019 14:02:47 CDT Booted configureMessageFacility.cc:286
Message Facility Application RunControlStateMachine configured with: debugModules:["*"] destinations:{file:{append:false directory:"/home/mu2edaq/sync_demo/ots/srcs/otsdaq_mu2e/Data/Logs/RunControlStateMachine" pattern:"RunControlStateMachine-%?H%t-%p.log" seperator:"-" threshold:"DEBUG" timestamp_pattern:"%Y%m%d%H%M%S" type:"GenFile"} udp:{host:"192.168.157.6" port:30000 threshold:"DEBUG" type:"UDP"}}
%MSG
%MSG-i configureMessageFacility:  DAQ 25-Mar-2019 14:02:47 CDT Booted configureMessageFacility.cc:286
Message Facility Application CoreSupervisorBase configured with: debugModules:["*"] destinations:{file:{append:false directory:"/home/mu2edaq/sync_demo/ots/srcs/otsdaq_mu2e/Data/Logs/CoreSupervisorBase" pattern:"CoreSupervisorBase-%?H%t-%p.log" seperator:"-" threshold:"DEBUG" timestamp_pattern:"%Y%m%d%H%M%S" type:"GenFile"} udp:{host:"192.168.157.6" port:30000 threshold:"DEBUG" type:"UDP"}}
%MSG
%MSG-i configureMessageFacility:  DAQ 25-Mar-2019 14:02:47 CDT Booted configureMessageFacility.cc:286
Message Facility Application ConsoleSupervisor configured with: debugModules:["*"] destinations:{file:{append:false directory:"/home/mu2edaq/sync_demo/ots/srcs/otsdaq_mu2e/Data/Logs/ConsoleSupervisor" pattern:"ConsoleSupervisor-%?H%t-%p.log" seperator:"-" threshold:"DEBUG" timestamp_pattern:"%Y%m%d%H%M%S" type:"GenFile"} udp:{host:"192.168.157.6" port:30000 threshold:"DEBUG" type:"UDP"}}
%MSG
%MSG-i Console:  Early 25-Mar-2019 14:02:47 CDT pre-events ConsoleSupervisor.cc:171
otsdaq_utilities/otsdaq-utilities/Console/ConsoleSupervisor.cc [171]	INFO messages look like this.
%MSG
%MSG-w Console:  Early 25-Mar-2019 14:02:47 CDT pre-events ConsoleSupervisor.cc:172
otsdaq_utilities/otsdaq-utilities/Console/ConsoleSupervisor.cc [172]	WARNING messages look like this.
%MSG
%MSG-e Console:  Early 25-Mar-2019 14:02:47 CDT pre-events ConsoleSupervisor.cc:173
otsdaq_utilities/otsdaq-utilities/Console/ConsoleSupervisor.cc [173]	ERROR messages look like this.
%MSG
%MSG-i configureMessageFacility:  DAQ 25-Mar-2019 14:02:47 CDT Booted configureMessageFacility.cc:286
Message Facility Application CorePropertySupervisorBase configured with: debugModules:["*"] destinations:{file:{append:false directory:"/home/mu2edaq/sync_demo/ots/srcs/otsdaq_mu2e/Data/Logs/CorePropertySupervisorBase" pattern:"CorePropertySupervisorBase-%?H%t-%p.log" seperator:"-" threshold:"DEBUG" timestamp_pattern:"%Y%m%d%H%M%S" type:"GenFile"} udp:{host:"192.168.157.6" port:30000 threshold:"DEBUG" type:"UDP"}}
%MSG
%MSG-i configureMessageFacility:  DAQ 25-Mar-2019 14:02:48 CDT Booted configureMessageFacility.cc:286
Message Facility Application RunControlStateMachine configured with: debugModules:["*"] destinations:{file:{append:false directory:"/home/mu2edaq/sync_demo/ots/srcs/otsdaq_mu2e/Data/Logs/RunControlStateMachine" pattern:"RunControlStateMachine-%?H%t-%p.log" seperator:"-" threshold:"DEBUG" timestamp_pattern:"%Y%m%d%H%M%S" type:"GenFile"} udp:{host:"192.168.157.6" port:30000 threshold:"DEBUG" type:"UDP"}}
%MSG
%MSG-i configureMessageFacility:  DAQ 25-Mar-2019 14:02:48 CDT Booted configureMessageFacility.cc:286
Message Facility Application CoreSupervisorBase configured with: debugModules:["*"] destinations:{file:{append:false directory:"/home/mu2edaq/sync_demo/ots/srcs/otsdaq_mu2e/Data/Logs/CoreSupervisorBase" pattern:"CoreSupervisorBase-%?H%t-%p.log" seperator:"-" threshold:"DEBUG" timestamp_pattern:"%Y%m%d%H%M%S" type:"GenFile"} udp:{host:"192.168.157.6" port:30000 threshold:"DEBUG" type:"UDP"}}
%MSG
%MSG-i configureMessageFacility:  DAQ 25-Mar-2019 14:02:48 CDT Booted configureMessageFacility.cc:286
Message Facility Application LogbookSupervisor configured with: debugModules:["*"] destinations:{file:{append:false directory:"/home/mu2edaq/sync_demo/ots/srcs/otsdaq_mu2e/Data/Logs/LogbookSupervisor" pattern:"LogbookSupervisor-%?H%t-%p.log" seperator:"-" threshold:"DEBUG" timestamp_pattern:"%Y%m%d%H%M%S" type:"GenFile"} udp:{host:"192.168.157.6" port:30000 threshold:"DEBUG" type:"UDP"}}
%MSG
%MSG-i configureMessageFacility:  DAQ 25-Mar-2019 14:02:49 CDT Booted configureMessageFacility.cc:286
Message Facility Application CorePropertySupervisorBase configured with: debugModules:["*"] destinations:{file:{append:false directory:"/home/mu2edaq/sync_demo/ots/srcs/otsdaq_mu2e/Data/Logs/CorePropertySupervisorBase" pattern:"CorePropertySupervisorBase-%?H%t-%p.log" seperator:"-" threshold:"DEBUG" timestamp_pattern:"%Y%m%d%H%M%S" type:"GenFile"} udp:{host:"192.168.157.6" port:30000 threshold:"DEBUG" type:"UDP"}}
%MSG
%MSG-i configureMessageFacility:  DAQ 25-Mar-2019 14:02:50 CDT Booted configureMessageFacility.cc:286
Message Facility Application RunControlStateMachine configured with: debugModules:["*"] destinations:{file:{append:false directory:"/home/mu2edaq/sync_demo/ots/srcs/otsdaq_mu2e/Data/Logs/RunControlStateMachine" pattern:"RunControlStateMachine-%?H%t-%p.log" seperator:"-" threshold:"DEBUG" timestamp_pattern:"%Y%m%d%H%M%S" type:"GenFile"} udp:{host:"192.168.157.6" port:30000 threshold:"DEBUG" type:"UDP"}}
%MSG
%MSG-i configureMessageFacility:  DAQ 25-Mar-2019 14:02:50 CDT Booted configureMessageFacility.cc:286
Message Facility Application CoreSupervisorBase configured with: debugModules:["*"] destinations:{file:{append:false directory:"/home/mu2edaq/sync_demo/ots/srcs/otsdaq_mu2e/Data/Logs/CoreSupervisorBase" pattern:"CoreSupervisorBase-%?H%t-%p.log" seperator:"-" threshold:"DEBUG" timestamp_pattern:"%Y%m%d%H%M%S" type:"GenFile"} udp:{host:"192.168.157.6" port:30000 threshold:"DEBUG" type:"UDP"}}
%MSG
%MSG-i configureMessageFacility:  DAQ 25-Mar-2019 14:02:50 CDT Booted configureMessageFacility.cc:286
Message Facility Application ConfigurationGUI configured with: debugModules:["*"] destinations:{file:{append:false directory:"/home/mu2edaq/sync_demo/ots/srcs/otsdaq_mu2e/Data/Logs/ConfigurationGUI" pattern:"ConfigurationGUI-%?H%t-%p.log" seperator:"-" threshold:"DEBUG" timestamp_pattern:"%Y%m%d%H%M%S" type:"GenFile"} udp:{host:"192.168.157.6" port:30000 threshold:"DEBUG" type:"UDP"}}
%MSG
%MSG-i configureMessageFacility:  DAQ 25-Mar-2019 14:02:52 CDT Booted configureMessageFacility.cc:286
Message Facility Application CorePropertySupervisorBase configured with: debugModules:["*"] destinations:{file:{append:false directory:"/home/mu2edaq/sync_demo/ots/srcs/otsdaq_mu2e/Data/Logs/CorePropertySupervisorBase" pattern:"CorePropertySupervisorBase-%?H%t-%p.log" seperator:"-" threshold:"DEBUG" timestamp_pattern:"%Y%m%d%H%M%S" type:"GenFile"} udp:{host:"192.168.157.6" port:30000 threshold:"DEBUG" type:"UDP"}}
%MSG
%MSG-i configureMessageFacility:  DAQ 25-Mar-2019 14:02:52 CDT Booted configureMessageFacility.cc:286
Message Facility Application RunControlStateMachine configured with: debugModules:["*"] destinations:{file:{append:false directory:"/home/mu2edaq/sync_demo/ots/srcs/otsdaq_mu2e/Data/Logs/RunControlStateMachine" pattern:"RunControlStateMachine-%?H%t-%p.log" seperator:"-" threshold:"DEBUG" timestamp_pattern:"%Y%m%d%H%M%S" type:"GenFile"} udp:{host:"192.168.157.6" port:30000 threshold:"DEBUG" type:"UDP"}}
%MSG
%MSG-i configureMessageFacility:  DAQ 25-Mar-2019 14:02:52 CDT Booted configureMessageFacility.cc:286
Message Facility Application CoreSupervisorBase configured with: debugModules:["*"] destinations:{file:{append:false directory:"/home/mu2edaq/sync_demo/ots/srcs/otsdaq_mu2e/Data/Logs/CoreSupervisorBase" pattern:"CoreSupervisorBase-%?H%t-%p.log" seperator:"-" threshold:"DEBUG" timestamp_pattern:"%Y%m%d%H%M%S" type:"GenFile"} udp:{host:"192.168.157.6" port:30000 threshold:"DEBUG" type:"UDP"}}
%MSG
%MSG-i configureMessageFacility:  DAQ 25-Mar-2019 14:02:52 CDT Booted configureMessageFacility.cc:286
Message Facility Application MacroMaker configured with: debugModules:["*"] destinations:{file:{append:false directory:"/home/mu2edaq/sync_demo/ots/srcs/otsdaq_mu2e/Data/Logs/MacroMaker" pattern:"MacroMaker-%?H%t-%p.log" seperator:"-" threshold:"DEBUG" timestamp_pattern:"%Y%m%d%H%M%S" type:"GenFile"} udp:{host:"192.168.157.6" port:30000 threshold:"DEBUG" type:"UDP"}}
%MSG
%MSG-i configureMessageFacility:  DAQ 25-Mar-2019 14:02:53 CDT Booted configureMessageFacility.cc:286
Message Facility Application CorePropertySupervisorBase configured with: debugModules:["*"] destinations:{file:{append:false directory:"/home/mu2edaq/sync_demo/ots/srcs/otsdaq_mu2e/Data/Logs/CorePropertySupervisorBase" pattern:"CorePropertySupervisorBase-%?H%t-%p.log" seperator:"-" threshold:"DEBUG" timestamp_pattern:"%Y%m%d%H%M%S" type:"GenFile"} udp:{host:"192.168.157.6" port:30000 threshold:"DEBUG" type:"UDP"}}
%MSG
%MSG-i configureMessageFacility:  DAQ 25-Mar-2019 14:02:54 CDT Booted configureMessageFacility.cc:286
Message Facility Application RunControlStateMachine configured with: debugModules:["*"] destinations:{file:{append:false directory:"/home/mu2edaq/sync_demo/ots/srcs/otsdaq_mu2e/Data/Logs/RunControlStateMachine" pattern:"RunControlStateMachine-%?H%t-%p.log" seperator:"-" threshold:"DEBUG" timestamp_pattern:"%Y%m%d%H%M%S" type:"GenFile"} udp:{host:"192.168.157.6" port:30000 threshold:"DEBUG" type:"UDP"}}
%MSG
%MSG-i configureMessageFacility:  DAQ 25-Mar-2019 14:02:54 CDT Booted configureMessageFacility.cc:286
Message Facility Application CoreSupervisorBase configured with: debugModules:["*"] destinations:{file:{append:false directory:"/home/mu2edaq/sync_demo/ots/srcs/otsdaq_mu2e/Data/Logs/CoreSupervisorBase" pattern:"CoreSupervisorBase-%?H%t-%p.log" seperator:"-" threshold:"DEBUG" timestamp_pattern:"%Y%m%d%H%M%S" type:"GenFile"} udp:{host:"192.168.157.6" port:30000 threshold:"DEBUG" type:"UDP"}}
%MSG
%MSG-i ConfigurationManagerRW:  Early 25-Mar-2019 14:05:07 CDT pre-events ConfigurationManagerRW.cc:497
otsdaq/otsdaq-core/ConfigurationInterface/ConfigurationManagerRW.cc [497]	Updating persistent active groups to /home/mu2edaq/sync_demo/ots/srcs/otsdaq_mu2e/Data/ServiceData/ActiveTableGroups.cfg ...
%MSG
%MSG-i ConfigurationManagerRW:  Early 25-Mar-2019 14:05:07 CDT pre-events ConfigurationManagerRW.cc:517
otsdaq/otsdaq-core/ConfigurationInterface/ConfigurationManagerRW.cc [517]	Active Context table group: testContext(59)
%MSG
%MSG-i ConfigurationManagerRW:  Early 25-Mar-2019 14:05:07 CDT pre-events ConfigurationManagerRW.cc:523
otsdaq/otsdaq-core/ConfigurationInterface/ConfigurationManagerRW.cc [523]	Active Backbone table group: TableEditWizBackbone(93)
%MSG
%MSG-i ConfigurationManagerRW:  Early 25-Mar-2019 14:05:07 CDT pre-events ConfigurationManagerRW.cc:529
otsdaq/otsdaq-core/ConfigurationInterface/ConfigurationManagerRW.cc [529]	Active Iterate table group: (-1)
%MSG
%MSG-i ConfigurationManagerRW:  Early 25-Mar-2019 14:05:07 CDT pre-events ConfigurationManagerRW.cc:535
otsdaq/otsdaq-core/ConfigurationInterface/ConfigurationManagerRW.cc [535]	Active Configuration table group: defaultConfig(136)
%MSG
%MSG-e GatewaySupervisor:  Early 25-Mar-2019 14:05:32 CDT pre-events GatewaySupervisor.cc:1793
otsdaq/otsdaq-core/GatewaySupervisor/GatewaySupervisor.cc [1793]	:GatewaySupervisor:otsdaq/otsdaq-core/GatewaySupervisor/GatewaySupervisor.cc [1786]	Error! Gateway Supervisor can NOT Configure Supervisor instance = 'FESupervisorDTC0' [LID=311] in Context 'ContextDTC0' [URL=http://mu2edaq05.fnal.gov:2017].

Fault
%MSG
%MSG-e GatewaySupervisor:  Early 25-Mar-2019 14:05:32 CDT pre-events GatewaySupervisor.cc:1827
otsdaq/otsdaq-core/GatewaySupervisor/GatewaySupervisor.cc [1827]	:GatewaySupervisor:otsdaq/otsdaq-core/GatewaySupervisor/GatewaySupervisor.cc [1820]	Received error from Supervisor instance = 'FESupervisorDTC0' [LID=311] in Context 'ContextDTC0' [URL=http://mu2edaq05.fnal.gov:2017].

 Error Message = :FESupervisor:FESupervisorDTC0:otsdaq/otsdaq-core/CoreSupervisors/CoreSupervisorBase.cc [581]	Error was caught while configuring: :FE:DTCFrontEndInterface:DTC0:DTC0:otsdaq_mu2e/otsdaq-mu2e/FEInterfaces/DTCFrontEndInterface_interface.cc [1050]	Error caught: :FE:ROCPolarFireCoreInterface:DTC0_ROC1_PolarFire:DTC0_ROC1_PolarFire:otsdaq_mu2e/otsdaq-mu2e/FEInterfaces/ROCPolarFireCoreInterface_interface.cc [137]	Bad read not 4860! val = 65535


:FSM-FESupervisor:FESupervisorDTC0:otsdaq/otsdaq-core/FiniteStateMachine/RunControlStateMachine.cc [436]	Run Control Message Handling Failed: :FESupervisor:FESupervisorDTC0:otsdaq/otsdaq-core/CoreSupervisors/CoreSupervisorBase.cc [581]	Error was caught while configuring: :FE:DTCFrontEndInterface:DTC0:DTC0:otsdaq_mu2e/otsdaq-mu2e/FEInterfaces/DTCFrontEndInterface_interface.cc [1050]	Error caught: :FE:ROCPolarFireCoreInterface:DTC0_ROC1_PolarFire:DTC0_ROC1_PolarFire:otsdaq_mu2e/otsdaq-mu2e/FEInterfaces/ROCPolarFireCoreInterface_interface.cc [137]	Bad read not 4860! val = 65535


 :FESupervisor:FESupervisorDTC0:otsdaq/otsdaq-core/CoreSupervisors/CoreSupervisorBase.cc [581]	Error was caught while configuring: :FE:DTCFrontEndInterface:DTC0:DTC0:otsdaq_mu2e/otsdaq-mu2e/FEInterfaces/DTCFrontEndInterface_interface.cc [1050]	Error caught: :FE:ROCPolarFireCoreInterface:DTC0_ROC1_PolarFire:DTC0_ROC1_PolarFire:otsdaq_mu2e/otsdaq-mu2e/FEInterfaces/ROCPolarFireCoreInterface_interface.cc [137]	Bad read not 4860! val = 65535
%MSG
%MSG-e GatewaySupervisor:  Early 25-Mar-2019 14:05:33 CDT pre-events GatewaySupervisor.cc:830
otsdaq/otsdaq-core/GatewaySupervisor/GatewaySupervisor.cc [830]	:GatewaySupervisor:otsdaq/otsdaq-core/GatewaySupervisor/GatewaySupervisor.cc [827]	Failure to send Workloop transition command 'Configure!' An error response 'Fault' was received.
%MSG
%MSG-i ConfigurationManagerRW:  Early 25-Mar-2019 14:07:36 CDT pre-events ConfigurationManagerRW.cc:497
otsdaq/otsdaq-core/ConfigurationInterface/ConfigurationManagerRW.cc [497]	Updating persistent active groups to /home/mu2edaq/sync_demo/ots/srcs/otsdaq_mu2e/Data/ServiceData/ActiveTableGroups.cfg ...
%MSG
%MSG-i ConfigurationManagerRW:  Early 25-Mar-2019 14:07:36 CDT pre-events ConfigurationManagerRW.cc:517
otsdaq/otsdaq-core/ConfigurationInterface/ConfigurationManagerRW.cc [517]	Active Context table group: testContext(59)
%MSG
%MSG-i ConfigurationManagerRW:  Early 25-Mar-2019 14:07:36 CDT pre-events ConfigurationManagerRW.cc:523
otsdaq/otsdaq-core/ConfigurationInterface/ConfigurationManagerRW.cc [523]	Active Backbone table group: TableEditWizBackbone(93)
%MSG
%MSG-i ConfigurationManagerRW:  Early 25-Mar-2019 14:07:36 CDT pre-events ConfigurationManagerRW.cc:529
otsdaq/otsdaq-core/ConfigurationInterface/ConfigurationManagerRW.cc [529]	Active Iterate table group: (-1)
%MSG
%MSG-i ConfigurationManagerRW:  Early 25-Mar-2019 14:07:36 CDT pre-events ConfigurationManagerRW.cc:535
otsdaq/otsdaq-core/ConfigurationInterface/ConfigurationManagerRW.cc [535]	Active Configuration table group: defaultConfig(137)
%MSG
%MSG-i ConfigurationManagerRW:  Early 25-Mar-2019 14:07:42 CDT pre-events ConfigurationManagerRW.cc:497
otsdaq/otsdaq-core/ConfigurationInterface/ConfigurationManagerRW.cc [497]	Updating persistent active groups to /home/mu2edaq/sync_demo/ots/srcs/otsdaq_mu2e/Data/ServiceData/ActiveTableGroups.cfg ...
%MSG
%MSG-i ConfigurationManagerRW:  Early 25-Mar-2019 14:07:42 CDT pre-events ConfigurationManagerRW.cc:517
otsdaq/otsdaq-core/ConfigurationInterface/ConfigurationManagerRW.cc [517]	Active Context table group: testContext(59)
%MSG
%MSG-i ConfigurationManagerRW:  Early 25-Mar-2019 14:07:42 CDT pre-events ConfigurationManagerRW.cc:523
otsdaq/otsdaq-core/ConfigurationInterface/ConfigurationManagerRW.cc [523]	Active Backbone table group: TableEditWizBackbone(94)
%MSG
%MSG-i ConfigurationManagerRW:  Early 25-Mar-2019 14:07:42 CDT pre-events ConfigurationManagerRW.cc:529
otsdaq/otsdaq-core/ConfigurationInterface/ConfigurationManagerRW.cc [529]	Active Iterate table group: (-1)
%MSG
%MSG-i ConfigurationManagerRW:  Early 25-Mar-2019 14:07:42 CDT pre-events ConfigurationManagerRW.cc:535
otsdaq/otsdaq-core/ConfigurationInterface/ConfigurationManagerRW.cc [535]	Active Configuration table group: defaultConfig(137)
%MSG
%MSG-i ConfigurationManagerRW:  Early 25-Mar-2019 14:09:35 CDT pre-events ConfigurationManagerRW.cc:497
otsdaq/otsdaq-core/ConfigurationInterface/ConfigurationManagerRW.cc [497]	Updating persistent active groups to /home/mu2edaq/sync_demo/ots/srcs/otsdaq_mu2e/Data/ServiceData/ActiveTableGroups.cfg ...
%MSG
%MSG-i ConfigurationManagerRW:  Early 25-Mar-2019 14:09:35 CDT pre-events ConfigurationManagerRW.cc:517
otsdaq/otsdaq-core/ConfigurationInterface/ConfigurationManagerRW.cc [517]	Active Context table group: testContext(59)
%MSG
%MSG-i ConfigurationManagerRW:  Early 25-Mar-2019 14:09:35 CDT pre-events ConfigurationManagerRW.cc:523
otsdaq/otsdaq-core/ConfigurationInterface/ConfigurationManagerRW.cc [523]	Active Backbone table group: TableEditWizBackbone(94)
%MSG
%MSG-i ConfigurationManagerRW:  Early 25-Mar-2019 14:09:35 CDT pre-events ConfigurationManagerRW.cc:529
otsdaq/otsdaq-core/ConfigurationInterface/ConfigurationManagerRW.cc [529]	Active Iterate table group: (-1)
%MSG
%MSG-i ConfigurationManagerRW:  Early 25-Mar-2019 14:09:35 CDT pre-events ConfigurationManagerRW.cc:535
otsdaq/otsdaq-core/ConfigurationInterface/ConfigurationManagerRW.cc [535]	Active Configuration table group: defaultConfig(138)
%MSG
%MSG-i ConfigurationManagerRW:  Early 25-Mar-2019 14:09:41 CDT pre-events ConfigurationManagerRW.cc:497
otsdaq/otsdaq-core/ConfigurationInterface/ConfigurationManagerRW.cc [497]	Updating persistent active groups to /home/mu2edaq/sync_demo/ots/srcs/otsdaq_mu2e/Data/ServiceData/ActiveTableGroups.cfg ...
%MSG
%MSG-i ConfigurationManagerRW:  Early 25-Mar-2019 14:09:41 CDT pre-events ConfigurationManagerRW.cc:517
otsdaq/otsdaq-core/ConfigurationInterface/ConfigurationManagerRW.cc [517]	Active Context table group: testContext(59)
%MSG
%MSG-i ConfigurationManagerRW:  Early 25-Mar-2019 14:09:41 CDT pre-events ConfigurationManagerRW.cc:523
otsdaq/otsdaq-core/ConfigurationInterface/ConfigurationManagerRW.cc [523]	Active Backbone table group: TableEditWizBackbone(95)
%MSG
%MSG-i ConfigurationManagerRW:  Early 25-Mar-2019 14:09:41 CDT pre-events ConfigurationManagerRW.cc:529
otsdaq/otsdaq-core/ConfigurationInterface/ConfigurationManagerRW.cc [529]	Active Iterate table group: (-1)
%MSG
%MSG-i ConfigurationManagerRW:  Early 25-Mar-2019 14:09:41 CDT pre-events ConfigurationManagerRW.cc:535
otsdaq/otsdaq-core/ConfigurationInterface/ConfigurationManagerRW.cc [535]	Active Configuration table group: defaultConfig(138)
%MSG
%MSG-i ConfigurationManagerRW:  Early 25-Mar-2019 14:10:29 CDT pre-events ConfigurationManagerRW.cc:497
otsdaq/otsdaq-core/ConfigurationInterface/ConfigurationManagerRW.cc [497]	Updating persistent active groups to /home/mu2edaq/sync_demo/ots/srcs/otsdaq_mu2e/Data/ServiceData/ActiveTableGroups.cfg ...
%MSG
%MSG-i ConfigurationManagerRW:  Early 25-Mar-2019 14:10:29 CDT pre-events ConfigurationManagerRW.cc:517
otsdaq/otsdaq-core/ConfigurationInterface/ConfigurationManagerRW.cc [517]	Active Context table group: testContext(59)
%MSG
%MSG-i ConfigurationManagerRW:  Early 25-Mar-2019 14:10:29 CDT pre-events ConfigurationManagerRW.cc:523
otsdaq/otsdaq-core/ConfigurationInterface/ConfigurationManagerRW.cc [523]	Active Backbone table group: TableEditWizBackbone(95)
%MSG
%MSG-i ConfigurationManagerRW:  Early 25-Mar-2019 14:10:29 CDT pre-events ConfigurationManagerRW.cc:529
otsdaq/otsdaq-core/ConfigurationInterface/ConfigurationManagerRW.cc [529]	Active Iterate table group: (-1)
%MSG
%MSG-i ConfigurationManagerRW:  Early 25-Mar-2019 14:10:29 CDT pre-events ConfigurationManagerRW.cc:535
otsdaq/otsdaq-core/ConfigurationInterface/ConfigurationManagerRW.cc [535]	Active Configuration table group: defaultConfig(138)
%MSG
%MSG-i ConfigurationManagerRW:  Early 25-Mar-2019 14:11:55 CDT pre-events ConfigurationManagerRW.cc:497
otsdaq/otsdaq-core/ConfigurationInterface/ConfigurationManagerRW.cc [497]	Updating persistent active groups to /home/mu2edaq/sync_demo/ots/srcs/otsdaq_mu2e/Data/ServiceData/ActiveTableGroups.cfg ...
%MSG
%MSG-i ConfigurationManagerRW:  Early 25-Mar-2019 14:11:55 CDT pre-events ConfigurationManagerRW.cc:517
otsdaq/otsdaq-core/ConfigurationInterface/ConfigurationManagerRW.cc [517]	Active Context table group: testContext(59)
%MSG
%MSG-i ConfigurationManagerRW:  Early 25-Mar-2019 14:11:55 CDT pre-events ConfigurationManagerRW.cc:523
otsdaq/otsdaq-core/ConfigurationInterface/ConfigurationManagerRW.cc [523]	Active Backbone table group: TableEditWizBackbone(95)
%MSG
%MSG-i ConfigurationManagerRW:  Early 25-Mar-2019 14:11:55 CDT pre-events ConfigurationManagerRW.cc:529
otsdaq/otsdaq-core/ConfigurationInterface/ConfigurationManagerRW.cc [529]	Active Iterate table group: (-1)
%MSG
%MSG-i ConfigurationManagerRW:  Early 25-Mar-2019 14:11:55 CDT pre-events ConfigurationManagerRW.cc:535
otsdaq/otsdaq-core/ConfigurationInterface/ConfigurationManagerRW.cc [535]	Active Configuration table group: defaultConfig(138)
%MSG
%MSG-i ConfigurationManagerRW:  Early 25-Mar-2019 14:12:48 CDT pre-events ConfigurationManagerRW.cc:497
otsdaq/otsdaq-core/ConfigurationInterface/ConfigurationManagerRW.cc [497]	Updating persistent active groups to /home/mu2edaq/sync_demo/ots/srcs/otsdaq_mu2e/Data/ServiceData/ActiveTableGroups.cfg ...
%MSG
%MSG-i ConfigurationManagerRW:  Early 25-Mar-2019 14:12:48 CDT pre-events ConfigurationManagerRW.cc:517
otsdaq/otsdaq-core/ConfigurationInterface/ConfigurationManagerRW.cc [517]	Active Context table group: testContext(59)
%MSG
%MSG-i ConfigurationManagerRW:  Early 25-Mar-2019 14:12:48 CDT pre-events ConfigurationManagerRW.cc:523
otsdaq/otsdaq-core/ConfigurationInterface/ConfigurationManagerRW.cc [523]	Active Backbone table group: TableEditWizBackbone(95)
%MSG
%MSG-i ConfigurationManagerRW:  Early 25-Mar-2019 14:12:48 CDT pre-events ConfigurationManagerRW.cc:529
otsdaq/otsdaq-core/ConfigurationInterface/ConfigurationManagerRW.cc [529]	Active Iterate table group: (-1)
%MSG
%MSG-i ConfigurationManagerRW:  Early 25-Mar-2019 14:12:48 CDT pre-events ConfigurationManagerRW.cc:535
otsdaq/otsdaq-core/ConfigurationInterface/ConfigurationManagerRW.cc [535]	Active Configuration table group: defaultConfig(139)
%MSG
%MSG-i ConfigurationManagerRW:  Early 25-Mar-2019 14:12:53 CDT pre-events ConfigurationManagerRW.cc:497
otsdaq/otsdaq-core/ConfigurationInterface/ConfigurationManagerRW.cc [497]	Updating persistent active groups to /home/mu2edaq/sync_demo/ots/srcs/otsdaq_mu2e/Data/ServiceData/ActiveTableGroups.cfg ...
%MSG
%MSG-i ConfigurationManagerRW:  Early 25-Mar-2019 14:12:53 CDT pre-events ConfigurationManagerRW.cc:517
otsdaq/otsdaq-core/ConfigurationInterface/ConfigurationManagerRW.cc [517]	Active Context table group: testContext(59)
%MSG
%MSG-i ConfigurationManagerRW:  Early 25-Mar-2019 14:12:53 CDT pre-events ConfigurationManagerRW.cc:523
otsdaq/otsdaq-core/ConfigurationInterface/ConfigurationManagerRW.cc [523]	Active Backbone table group: TableEditWizBackbone(96)
%MSG
%MSG-i ConfigurationManagerRW:  Early 25-Mar-2019 14:12:53 CDT pre-events ConfigurationManagerRW.cc:529
otsdaq/otsdaq-core/ConfigurationInterface/ConfigurationManagerRW.cc [529]	Active Iterate table group: (-1)
%MSG
%MSG-i ConfigurationManagerRW:  Early 25-Mar-2019 14:12:53 CDT pre-events ConfigurationManagerRW.cc:535
otsdaq/otsdaq-core/ConfigurationInterface/ConfigurationManagerRW.cc [535]	Active Configuration table group: defaultConfig(139)
%MSG
%MSG-i ConfigurationManagerRW:  Early 25-Mar-2019 14:13:32 CDT pre-events ConfigurationManagerRW.cc:497
otsdaq/otsdaq-core/ConfigurationInterface/ConfigurationManagerRW.cc [497]	Updating persistent active groups to /home/mu2edaq/sync_demo/ots/srcs/otsdaq_mu2e/Data/ServiceData/ActiveTableGroups.cfg ...
%MSG
%MSG-i ConfigurationManagerRW:  Early 25-Mar-2019 14:13:32 CDT pre-events ConfigurationManagerRW.cc:517
otsdaq/otsdaq-core/ConfigurationInterface/ConfigurationManagerRW.cc [517]	Active Context table group: testContext(59)
%MSG
%MSG-i ConfigurationManagerRW:  Early 25-Mar-2019 14:13:32 CDT pre-events ConfigurationManagerRW.cc:523
otsdaq/otsdaq-core/ConfigurationInterface/ConfigurationManagerRW.cc [523]	Active Backbone table group: TableEditWizBackbone(96)
%MSG
%MSG-i ConfigurationManagerRW:  Early 25-Mar-2019 14:13:32 CDT pre-events ConfigurationManagerRW.cc:529
otsdaq/otsdaq-core/ConfigurationInterface/ConfigurationManagerRW.cc [529]	Active Iterate table group: (-1)
%MSG
%MSG-i ConfigurationManagerRW:  Early 25-Mar-2019 14:13:32 CDT pre-events ConfigurationManagerRW.cc:535
otsdaq/otsdaq-core/ConfigurationInterface/ConfigurationManagerRW.cc [535]	Active Configuration table group: defaultConfig(139)
%MSG
%MSG-i ConfigurationManagerRW:  Early 25-Mar-2019 14:17:20 CDT pre-events ConfigurationManagerRW.cc:497
otsdaq/otsdaq-core/ConfigurationInterface/ConfigurationManagerRW.cc [497]	Updating persistent active groups to /home/mu2edaq/sync_demo/ots/srcs/otsdaq_mu2e/Data/ServiceData/ActiveTableGroups.cfg ...
%MSG
%MSG-i ConfigurationManagerRW:  Early 25-Mar-2019 14:17:20 CDT pre-events ConfigurationManagerRW.cc:517
otsdaq/otsdaq-core/ConfigurationInterface/ConfigurationManagerRW.cc [517]	Active Context table group: testContext(59)
%MSG
%MSG-i ConfigurationManagerRW:  Early 25-Mar-2019 14:17:20 CDT pre-events ConfigurationManagerRW.cc:523
otsdaq/otsdaq-core/ConfigurationInterface/ConfigurationManagerRW.cc [523]	Active Backbone table group: TableEditWizBackbone(96)
%MSG
%MSG-i ConfigurationManagerRW:  Early 25-Mar-2019 14:17:20 CDT pre-events ConfigurationManagerRW.cc:529
otsdaq/otsdaq-core/ConfigurationInterface/ConfigurationManagerRW.cc [529]	Active Iterate table group: (-1)
%MSG
%MSG-i ConfigurationManagerRW:  Early 25-Mar-2019 14:17:20 CDT pre-events ConfigurationManagerRW.cc:535
otsdaq/otsdaq-core/ConfigurationInterface/ConfigurationManagerRW.cc [535]	Active Configuration table group: defaultConfig(140)
%MSG
%MSG-i ConfigurationManagerRW:  Early 25-Mar-2019 14:17:25 CDT pre-events ConfigurationManagerRW.cc:497
otsdaq/otsdaq-core/ConfigurationInterface/ConfigurationManagerRW.cc [497]	Updating persistent active groups to /home/mu2edaq/sync_demo/ots/srcs/otsdaq_mu2e/Data/ServiceData/ActiveTableGroups.cfg ...
%MSG
%MSG-i ConfigurationManagerRW:  Early 25-Mar-2019 14:17:25 CDT pre-events ConfigurationManagerRW.cc:517
otsdaq/otsdaq-core/ConfigurationInterface/ConfigurationManagerRW.cc [517]	Active Context table group: testContext(59)
%MSG
%MSG-i ConfigurationManagerRW:  Early 25-Mar-2019 14:17:25 CDT pre-events ConfigurationManagerRW.cc:523
otsdaq/otsdaq-core/ConfigurationInterface/ConfigurationManagerRW.cc [523]	Active Backbone table group: GroupAliasTreeEditWizBackbone(72)
%MSG
%MSG-i ConfigurationManagerRW:  Early 25-Mar-2019 14:17:25 CDT pre-events ConfigurationManagerRW.cc:529
otsdaq/otsdaq-core/ConfigurationInterface/ConfigurationManagerRW.cc [529]	Active Iterate table group: (-1)
%MSG
%MSG-i ConfigurationManagerRW:  Early 25-Mar-2019 14:17:25 CDT pre-events ConfigurationManagerRW.cc:535
otsdaq/otsdaq-core/ConfigurationInterface/ConfigurationManagerRW.cc [535]	Active Configuration table group: defaultConfig(140)
%MSG
%MSG-i ConfigurationManagerRW:  Early 25-Mar-2019 14:17:36 CDT pre-events ConfigurationManagerRW.cc:497
otsdaq/otsdaq-core/ConfigurationInterface/ConfigurationManagerRW.cc [497]	Updating persistent active groups to /home/mu2edaq/sync_demo/ots/srcs/otsdaq_mu2e/Data/ServiceData/ActiveTableGroups.cfg ...
%MSG
%MSG-i ConfigurationManagerRW:  Early 25-Mar-2019 14:17:36 CDT pre-events ConfigurationManagerRW.cc:517
otsdaq/otsdaq-core/ConfigurationInterface/ConfigurationManagerRW.cc [517]	Active Context table group: testContext(59)
%MSG
%MSG-i ConfigurationManagerRW:  Early 25-Mar-2019 14:17:36 CDT pre-events ConfigurationManagerRW.cc:523
otsdaq/otsdaq-core/ConfigurationInterface/ConfigurationManagerRW.cc [523]	Active Backbone table group: GroupAliasTreeEditWizBackbone(72)
%MSG
%MSG-i ConfigurationManagerRW:  Early 25-Mar-2019 14:17:36 CDT pre-events ConfigurationManagerRW.cc:529
otsdaq/otsdaq-core/ConfigurationInterface/ConfigurationManagerRW.cc [529]	Active Iterate table group: (-1)
%MSG
%MSG-i ConfigurationManagerRW:  Early 25-Mar-2019 14:17:36 CDT pre-events ConfigurationManagerRW.cc:535
otsdaq/otsdaq-core/ConfigurationInterface/ConfigurationManagerRW.cc [535]	Active Configuration table group: defaultConfig(140)
%MSG
%MSG-i ConfigurationManagerRW:  Early 25-Mar-2019 14:19:53 CDT pre-events ConfigurationManagerRW.cc:497
otsdaq/otsdaq-core/ConfigurationInterface/ConfigurationManagerRW.cc [497]	Updating persistent active groups to /home/mu2edaq/sync_demo/ots/srcs/otsdaq_mu2e/Data/ServiceData/ActiveTableGroups.cfg ...
%MSG
%MSG-i ConfigurationManagerRW:  Early 25-Mar-2019 14:19:53 CDT pre-events ConfigurationManagerRW.cc:517
otsdaq/otsdaq-core/ConfigurationInterface/ConfigurationManagerRW.cc [517]	Active Context table group: testContext(59)
%MSG
%MSG-i ConfigurationManagerRW:  Early 25-Mar-2019 14:19:53 CDT pre-events ConfigurationManagerRW.cc:523
otsdaq/otsdaq-core/ConfigurationInterface/ConfigurationManagerRW.cc [523]	Active Backbone table group: GroupAliasTreeEditWizBackbone(72)
%MSG
%MSG-i ConfigurationManagerRW:  Early 25-Mar-2019 14:19:53 CDT pre-events ConfigurationManagerRW.cc:529
otsdaq/otsdaq-core/ConfigurationInterface/ConfigurationManagerRW.cc [529]	Active Iterate table group: (-1)
%MSG
%MSG-i ConfigurationManagerRW:  Early 25-Mar-2019 14:19:53 CDT pre-events ConfigurationManagerRW.cc:535
otsdaq/otsdaq-core/ConfigurationInterface/ConfigurationManagerRW.cc [535]	Active Configuration table group: defaultConfig(140)
%MSG
%MSG-i ConfigurationManagerRW:  Early 25-Mar-2019 15:37:53 CDT pre-events ConfigurationManagerRW.cc:497
otsdaq/otsdaq-core/ConfigurationInterface/ConfigurationManagerRW.cc [497]	Updating persistent active groups to /home/mu2edaq/sync_demo/ots/srcs/otsdaq_mu2e/Data/ServiceData/ActiveTableGroups.cfg ...
%MSG
%MSG-i ConfigurationManagerRW:  Early 25-Mar-2019 15:37:53 CDT pre-events ConfigurationManagerRW.cc:517
otsdaq/otsdaq-core/ConfigurationInterface/ConfigurationManagerRW.cc [517]	Active Context table group: testContext(59)
%MSG
%MSG-i ConfigurationManagerRW:  Early 25-Mar-2019 15:37:53 CDT pre-events ConfigurationManagerRW.cc:523
otsdaq/otsdaq-core/ConfigurationInterface/ConfigurationManagerRW.cc [523]	Active Backbone table group: GroupAliasTreeEditWizBackbone(72)
%MSG
%MSG-i ConfigurationManagerRW:  Early 25-Mar-2019 15:37:53 CDT pre-events ConfigurationManagerRW.cc:529
otsdaq/otsdaq-core/ConfigurationInterface/ConfigurationManagerRW.cc [529]	Active Iterate table group: (-1)
%MSG
%MSG-i ConfigurationManagerRW:  Early 25-Mar-2019 15:37:53 CDT pre-events ConfigurationManagerRW.cc:535
otsdaq/otsdaq-core/ConfigurationInterface/ConfigurationManagerRW.cc [535]	Active Configuration table group: defaultConfig(140)
%MSG
%MSG-e GatewaySupervisor:  Early 25-Mar-2019 15:39:09 CDT pre-events GatewaySupervisor.cc:1793
otsdaq/otsdaq-core/GatewaySupervisor/GatewaySupervisor.cc [1793]	:GatewaySupervisor:otsdaq/otsdaq-core/GatewaySupervisor/GatewaySupervisor.cc [1786]	Error! Gateway Supervisor can NOT Start Supervisor instance = 'FESupervisorCFO0' [LID=210] in Context 'ContextCFO0' [URL=http://mu2edaq04.fnal.gov:2016].

Fault
%MSG
%MSG-e GatewaySupervisor:  Early 25-Mar-2019 15:39:09 CDT pre-events GatewaySupervisor.cc:1827
otsdaq/otsdaq-core/GatewaySupervisor/GatewaySupervisor.cc [1827]	:GatewaySupervisor:otsdaq/otsdaq-core/GatewaySupervisor/GatewaySupervisor.cc [1820]	Received error from Supervisor instance = 'FESupervisorCFO0' [LID=210] in Context 'ContextCFO0' [URL=http://mu2edaq04.fnal.gov:2016].

 Error Message = :FESupervisor:FESupervisorCFO0:otsdaq/otsdaq-core/CoreSupervisors/CoreSupervisorBase.cc [854]	Error was caught while Starting: :ConfigurationManager:otsdaq/otsdaq-core/ConfigurationInterface/ConfigurationManager.cc [1678]	

Can not find configuration named 'Mu2eGlobalsConfiguration'



You need to load the configuration before it can be used. It probably is missing from the member list of the Table Group that was loaded.

You may need to enter wiz mode to remedy the situation, use the following:

	 StartOTS.sh --wiz
%MSG
%MSG-e GatewaySupervisor:  Early 25-Mar-2019 15:39:10 CDT pre-events GatewaySupervisor.cc:830
otsdaq/otsdaq-core/GatewaySupervisor/GatewaySupervisor.cc [830]	:GatewaySupervisor:otsdaq/otsdaq-core/GatewaySupervisor/GatewaySupervisor.cc [827]	Failure to send Workloop transition command 'Start!' An error response 'Fault' was received.
%MSG
%MSG-i ConfigurationManagerRW:  Early 25-Mar-2019 15:39:32 CDT pre-events ConfigurationManagerRW.cc:497
otsdaq/otsdaq-core/ConfigurationInterface/ConfigurationManagerRW.cc [497]	Updating persistent active groups to /home/mu2edaq/sync_demo/ots/srcs/otsdaq_mu2e/Data/ServiceData/ActiveTableGroups.cfg ...
%MSG
%MSG-i ConfigurationManagerRW:  Early 25-Mar-2019 15:39:32 CDT pre-events ConfigurationManagerRW.cc:517
otsdaq/otsdaq-core/ConfigurationInterface/ConfigurationManagerRW.cc [517]	Active Context table group: testContext(59)
%MSG
%MSG-i ConfigurationManagerRW:  Early 25-Mar-2019 15:39:32 CDT pre-events ConfigurationManagerRW.cc:523
otsdaq/otsdaq-core/ConfigurationInterface/ConfigurationManagerRW.cc [523]	Active Backbone table group: GroupAliasTreeEditWizBackbone(72)
%MSG
%MSG-i ConfigurationManagerRW:  Early 25-Mar-2019 15:39:32 CDT pre-events ConfigurationManagerRW.cc:529
otsdaq/otsdaq-core/ConfigurationInterface/ConfigurationManagerRW.cc [529]	Active Iterate table group: (-1)
%MSG
%MSG-i ConfigurationManagerRW:  Early 25-Mar-2019 15:39:32 CDT pre-events ConfigurationManagerRW.cc:535
otsdaq/otsdaq-core/ConfigurationInterface/ConfigurationManagerRW.cc [535]	Active Configuration table group: defaultConfig(140)
%MSG
%MSG-e MacroMakerSupervisor-MacroMakerSupervisor:  Early  25-Mar-2019 15:41:36 CDT pre-events
otsdaq/otsdaq-core/CoreSupervisors/CoreSupervisorBase.cc [179]	'runFEMacro' ERROR encountered: :MacroMaker:otsdaq_utilities/otsdaq-utilities/MacroMaker/MacroMakerSupervisor.cc [1941] Attempted FE Macro Failed. Attempted target was UID=DTC0 at feSupervisorID=311.    The error was:  :FESupervisor:FESupervisorDTC0:otsdaq/otsdaq-core/CoreSupervisors/FESupervisor.cc [818] Error occurred handling request: :FESupervisor:FESupervisorDTC0:otsdaq/otsdaq-core/CoreSupervisors/FESupervisor.cc [731] In Supervisor with LID=311 the FE Macro named &apos;ROC_ReadBlock&apos; with target FE &apos;DTC0&apos; failed. Here is the error:  :ots:otsdaq/otsdaq-core/FECore/FEVInterface.cc [508] Requested input argument not found with name &apos;number of words&apos;
%MSG
%MSG-e MacroMakerSupervisor-MacroMakerSupervisor:  Early  25-Mar-2019 15:42:47 CDT pre-events
otsdaq/otsdaq-core/CoreSupervisors/CoreSupervisorBase.cc [179]	'runFEMacro' ERROR encountered: :MacroMaker:otsdaq_utilities/otsdaq-utilities/MacroMaker/MacroMakerSupervisor.cc [1941] Attempted FE Macro Failed. Attempted target was UID=DTC0 at feSupervisorID=311.    The error was:  :FESupervisor:FESupervisorDTC0:otsdaq/otsdaq-core/CoreSupervisors/FESupervisor.cc [818] Error occurred handling request: :FESupervisor:FESupervisorDTC0:otsdaq/otsdaq-core/CoreSupervisors/FESupervisor.cc [731] In Supervisor with LID=311 the FE Macro named &apos;ROC_ReadBlock&apos; with target FE &apos;DTC0&apos; failed. Here is the error:  :ots:otsdaq/otsdaq-core/FECore/FEVInterface.cc [508] Requested input argument not found with name &apos;number of words&apos;
%MSG
