%MSG-i configureMessageFacility:  Early 08-Mar-2019 15:18:43 CST pre-events configureMessageFacility.cc:286
Message Facility Application RunControlStateMachine configured with: debugModules:["*"] destinations:{file:{append:false directory:"/home/mu2edaq/sync_demo/ots/srcs/otsdaq_mu2e/Data/Logs/RunControlStateMachine" pattern:"RunControlStateMachine-%?H%t-%p.log" seperator:"-" threshold:"DEBUG" timestamp_pattern:"%Y%m%d%H%M%S" type:"GenFile"} udp:{host:"192.168.157.6" port:30000 threshold:"DEBUG" type:"UDP"}}
%MSG
%MSG-i _TCPConnect:  DAQ 08-Mar-2019 15:18:43 CST Booted TCPConnect.cc:334
Resolving host 192.168.157.6, on port 30000
%MSG
%MSG-i _TCPConnect:  DAQ 08-Mar-2019 15:18:43 CST Booted TCPConnect.cc:241
Resolving ip mu2edaq06.fnal.gov
%MSG
%MSG-i configureMessageFacility:  DAQ 08-Mar-2019 15:18:45 CST Booted configureMessageFacility.cc:286
Message Facility Application CorePropertySupervisorBase configured with: debugModules:["*"] destinations:{file:{append:false directory:"/home/mu2edaq/sync_demo/ots/srcs/otsdaq_mu2e/Data/Logs/CorePropertySupervisorBase" pattern:"CorePropertySupervisorBase-%?H%t-%p.log" seperator:"-" threshold:"DEBUG" timestamp_pattern:"%Y%m%d%H%M%S" type:"GenFile"} udp:{host:"192.168.157.6" port:30000 threshold:"DEBUG" type:"UDP"}}
%MSG
%MSG-i WebUsers:  DAQ 08-Mar-2019 15:18:47 CST Booted WebUsers.cc:3050
otsdaq/otsdaq-core/WebUsersUtilities/WebUsers.cc [3050]	User 'admin' has locked out the system!
%MSG
%MSG-i configureMessageFacility:  DAQ 08-Mar-2019 15:18:47 CST Booted configureMessageFacility.cc:286
Message Facility Application GatewaySupervisor configured with: debugModules:["*"] destinations:{file:{append:false directory:"/home/mu2edaq/sync_demo/ots/srcs/otsdaq_mu2e/Data/Logs/GatewaySupervisor" pattern:"GatewaySupervisor-%?H%t-%p.log" seperator:"-" threshold:"DEBUG" timestamp_pattern:"%Y%m%d%H%M%S" type:"GenFile"} udp:{host:"192.168.157.6" port:30000 threshold:"DEBUG" type:"UDP"}}
%MSG
%MSG-i configureMessageFacility:  DAQ 08-Mar-2019 15:18:48 CST Booted configureMessageFacility.cc:286
Message Facility Application CorePropertySupervisorBase configured with: debugModules:["*"] destinations:{file:{append:false directory:"/home/mu2edaq/sync_demo/ots/srcs/otsdaq_mu2e/Data/Logs/CorePropertySupervisorBase" pattern:"CorePropertySupervisorBase-%?H%t-%p.log" seperator:"-" threshold:"DEBUG" timestamp_pattern:"%Y%m%d%H%M%S" type:"GenFile"} udp:{host:"192.168.157.6" port:30000 threshold:"DEBUG" type:"UDP"}}
%MSG
%MSG-i configureMessageFacility:  DAQ 08-Mar-2019 15:18:49 CST Booted configureMessageFacility.cc:286
Message Facility Application RunControlStateMachine configured with: debugModules:["*"] destinations:{file:{append:false directory:"/home/mu2edaq/sync_demo/ots/srcs/otsdaq_mu2e/Data/Logs/RunControlStateMachine" pattern:"RunControlStateMachine-%?H%t-%p.log" seperator:"-" threshold:"DEBUG" timestamp_pattern:"%Y%m%d%H%M%S" type:"GenFile"} udp:{host:"192.168.157.6" port:30000 threshold:"DEBUG" type:"UDP"}}
%MSG
%MSG-i configureMessageFacility:  DAQ 08-Mar-2019 15:18:49 CST Booted configureMessageFacility.cc:286
Message Facility Application CoreSupervisorBase configured with: debugModules:["*"] destinations:{file:{append:false directory:"/home/mu2edaq/sync_demo/ots/srcs/otsdaq_mu2e/Data/Logs/CoreSupervisorBase" pattern:"CoreSupervisorBase-%?H%t-%p.log" seperator:"-" threshold:"DEBUG" timestamp_pattern:"%Y%m%d%H%M%S" type:"GenFile"} udp:{host:"192.168.157.6" port:30000 threshold:"DEBUG" type:"UDP"}}
%MSG
%MSG-i configureMessageFacility:  DAQ 08-Mar-2019 15:18:49 CST Booted configureMessageFacility.cc:286
Message Facility Application ChatSupervisor configured with: debugModules:["*"] destinations:{file:{append:false directory:"/home/mu2edaq/sync_demo/ots/srcs/otsdaq_mu2e/Data/Logs/ChatSupervisor" pattern:"ChatSupervisor-%?H%t-%p.log" seperator:"-" threshold:"DEBUG" timestamp_pattern:"%Y%m%d%H%M%S" type:"GenFile"} udp:{host:"192.168.157.6" port:30000 threshold:"DEBUG" type:"UDP"}}
%MSG
%MSG-i configureMessageFacility:  DAQ 08-Mar-2019 15:18:50 CST Booted configureMessageFacility.cc:286
Message Facility Application CorePropertySupervisorBase configured with: debugModules:["*"] destinations:{file:{append:false directory:"/home/mu2edaq/sync_demo/ots/srcs/otsdaq_mu2e/Data/Logs/CorePropertySupervisorBase" pattern:"CorePropertySupervisorBase-%?H%t-%p.log" seperator:"-" threshold:"DEBUG" timestamp_pattern:"%Y%m%d%H%M%S" type:"GenFile"} udp:{host:"192.168.157.6" port:30000 threshold:"DEBUG" type:"UDP"}}
%MSG
%MSG-i configureMessageFacility:  DAQ 08-Mar-2019 15:18:52 CST Booted configureMessageFacility.cc:286
Message Facility Application RunControlStateMachine configured with: debugModules:["*"] destinations:{file:{append:false directory:"/home/mu2edaq/sync_demo/ots/srcs/otsdaq_mu2e/Data/Logs/RunControlStateMachine" pattern:"RunControlStateMachine-%?H%t-%p.log" seperator:"-" threshold:"DEBUG" timestamp_pattern:"%Y%m%d%H%M%S" type:"GenFile"} udp:{host:"192.168.157.6" port:30000 threshold:"DEBUG" type:"UDP"}}
%MSG
%MSG-i configureMessageFacility:  DAQ 08-Mar-2019 15:18:52 CST Booted configureMessageFacility.cc:286
Message Facility Application CoreSupervisorBase configured with: debugModules:["*"] destinations:{file:{append:false directory:"/home/mu2edaq/sync_demo/ots/srcs/otsdaq_mu2e/Data/Logs/CoreSupervisorBase" pattern:"CoreSupervisorBase-%?H%t-%p.log" seperator:"-" threshold:"DEBUG" timestamp_pattern:"%Y%m%d%H%M%S" type:"GenFile"} udp:{host:"192.168.157.6" port:30000 threshold:"DEBUG" type:"UDP"}}
%MSG
%MSG-i configureMessageFacility:  DAQ 08-Mar-2019 15:18:52 CST Booted configureMessageFacility.cc:286
Message Facility Application ConsoleSupervisor configured with: debugModules:["*"] destinations:{file:{append:false directory:"/home/mu2edaq/sync_demo/ots/srcs/otsdaq_mu2e/Data/Logs/ConsoleSupervisor" pattern:"ConsoleSupervisor-%?H%t-%p.log" seperator:"-" threshold:"DEBUG" timestamp_pattern:"%Y%m%d%H%M%S" type:"GenFile"} udp:{host:"192.168.157.6" port:30000 threshold:"DEBUG" type:"UDP"}}
%MSG
%MSG-i Console:  Early 08-Mar-2019 15:18:52 CST pre-events ConsoleSupervisor.cc:171
otsdaq_utilities/otsdaq-utilities/Console/ConsoleSupervisor.cc [171]	INFO messages look like this.
%MSG
%MSG-w Console:  Early 08-Mar-2019 15:18:52 CST pre-events ConsoleSupervisor.cc:172
otsdaq_utilities/otsdaq-utilities/Console/ConsoleSupervisor.cc [172]	WARNING messages look like this.
%MSG
%MSG-e Console:  Early 08-Mar-2019 15:18:52 CST pre-events ConsoleSupervisor.cc:173
otsdaq_utilities/otsdaq-utilities/Console/ConsoleSupervisor.cc [173]	ERROR messages look like this.
%MSG
%MSG-i configureMessageFacility:  DAQ 08-Mar-2019 15:18:53 CST Booted configureMessageFacility.cc:286
Message Facility Application CorePropertySupervisorBase configured with: debugModules:["*"] destinations:{file:{append:false directory:"/home/mu2edaq/sync_demo/ots/srcs/otsdaq_mu2e/Data/Logs/CorePropertySupervisorBase" pattern:"CorePropertySupervisorBase-%?H%t-%p.log" seperator:"-" threshold:"DEBUG" timestamp_pattern:"%Y%m%d%H%M%S" type:"GenFile"} udp:{host:"192.168.157.6" port:30000 threshold:"DEBUG" type:"UDP"}}
%MSG
%MSG-i configureMessageFacility:  DAQ 08-Mar-2019 15:18:54 CST Booted configureMessageFacility.cc:286
Message Facility Application RunControlStateMachine configured with: debugModules:["*"] destinations:{file:{append:false directory:"/home/mu2edaq/sync_demo/ots/srcs/otsdaq_mu2e/Data/Logs/RunControlStateMachine" pattern:"RunControlStateMachine-%?H%t-%p.log" seperator:"-" threshold:"DEBUG" timestamp_pattern:"%Y%m%d%H%M%S" type:"GenFile"} udp:{host:"192.168.157.6" port:30000 threshold:"DEBUG" type:"UDP"}}
%MSG
%MSG-i configureMessageFacility:  DAQ 08-Mar-2019 15:18:54 CST Booted configureMessageFacility.cc:286
Message Facility Application CoreSupervisorBase configured with: debugModules:["*"] destinations:{file:{append:false directory:"/home/mu2edaq/sync_demo/ots/srcs/otsdaq_mu2e/Data/Logs/CoreSupervisorBase" pattern:"CoreSupervisorBase-%?H%t-%p.log" seperator:"-" threshold:"DEBUG" timestamp_pattern:"%Y%m%d%H%M%S" type:"GenFile"} udp:{host:"192.168.157.6" port:30000 threshold:"DEBUG" type:"UDP"}}
%MSG
%MSG-i configureMessageFacility:  DAQ 08-Mar-2019 15:18:54 CST Booted configureMessageFacility.cc:286
Message Facility Application LogbookSupervisor configured with: debugModules:["*"] destinations:{file:{append:false directory:"/home/mu2edaq/sync_demo/ots/srcs/otsdaq_mu2e/Data/Logs/LogbookSupervisor" pattern:"LogbookSupervisor-%?H%t-%p.log" seperator:"-" threshold:"DEBUG" timestamp_pattern:"%Y%m%d%H%M%S" type:"GenFile"} udp:{host:"192.168.157.6" port:30000 threshold:"DEBUG" type:"UDP"}}
%MSG
%MSG-i configureMessageFacility:  DAQ 08-Mar-2019 15:18:55 CST Booted configureMessageFacility.cc:286
Message Facility Application CorePropertySupervisorBase configured with: debugModules:["*"] destinations:{file:{append:false directory:"/home/mu2edaq/sync_demo/ots/srcs/otsdaq_mu2e/Data/Logs/CorePropertySupervisorBase" pattern:"CorePropertySupervisorBase-%?H%t-%p.log" seperator:"-" threshold:"DEBUG" timestamp_pattern:"%Y%m%d%H%M%S" type:"GenFile"} udp:{host:"192.168.157.6" port:30000 threshold:"DEBUG" type:"UDP"}}
%MSG
%MSG-i configureMessageFacility:  DAQ 08-Mar-2019 15:18:57 CST Booted configureMessageFacility.cc:286
Message Facility Application RunControlStateMachine configured with: debugModules:["*"] destinations:{file:{append:false directory:"/home/mu2edaq/sync_demo/ots/srcs/otsdaq_mu2e/Data/Logs/RunControlStateMachine" pattern:"RunControlStateMachine-%?H%t-%p.log" seperator:"-" threshold:"DEBUG" timestamp_pattern:"%Y%m%d%H%M%S" type:"GenFile"} udp:{host:"192.168.157.6" port:30000 threshold:"DEBUG" type:"UDP"}}
%MSG
%MSG-i configureMessageFacility:  DAQ 08-Mar-2019 15:18:57 CST Booted configureMessageFacility.cc:286
Message Facility Application CoreSupervisorBase configured with: debugModules:["*"] destinations:{file:{append:false directory:"/home/mu2edaq/sync_demo/ots/srcs/otsdaq_mu2e/Data/Logs/CoreSupervisorBase" pattern:"CoreSupervisorBase-%?H%t-%p.log" seperator:"-" threshold:"DEBUG" timestamp_pattern:"%Y%m%d%H%M%S" type:"GenFile"} udp:{host:"192.168.157.6" port:30000 threshold:"DEBUG" type:"UDP"}}
%MSG
%MSG-i configureMessageFacility:  DAQ 08-Mar-2019 15:18:57 CST Booted configureMessageFacility.cc:286
Message Facility Application ConfigurationGUI configured with: debugModules:["*"] destinations:{file:{append:false directory:"/home/mu2edaq/sync_demo/ots/srcs/otsdaq_mu2e/Data/Logs/ConfigurationGUI" pattern:"ConfigurationGUI-%?H%t-%p.log" seperator:"-" threshold:"DEBUG" timestamp_pattern:"%Y%m%d%H%M%S" type:"GenFile"} udp:{host:"192.168.157.6" port:30000 threshold:"DEBUG" type:"UDP"}}
%MSG
%MSG-i configureMessageFacility:  DAQ 08-Mar-2019 15:18:59 CST Booted configureMessageFacility.cc:286
Message Facility Application CorePropertySupervisorBase configured with: debugModules:["*"] destinations:{file:{append:false directory:"/home/mu2edaq/sync_demo/ots/srcs/otsdaq_mu2e/Data/Logs/CorePropertySupervisorBase" pattern:"CorePropertySupervisorBase-%?H%t-%p.log" seperator:"-" threshold:"DEBUG" timestamp_pattern:"%Y%m%d%H%M%S" type:"GenFile"} udp:{host:"192.168.157.6" port:30000 threshold:"DEBUG" type:"UDP"}}
%MSG
%MSG-i configureMessageFacility:  DAQ 08-Mar-2019 15:19:00 CST Booted configureMessageFacility.cc:286
Message Facility Application RunControlStateMachine configured with: debugModules:["*"] destinations:{file:{append:false directory:"/home/mu2edaq/sync_demo/ots/srcs/otsdaq_mu2e/Data/Logs/RunControlStateMachine" pattern:"RunControlStateMachine-%?H%t-%p.log" seperator:"-" threshold:"DEBUG" timestamp_pattern:"%Y%m%d%H%M%S" type:"GenFile"} udp:{host:"192.168.157.6" port:30000 threshold:"DEBUG" type:"UDP"}}
%MSG
%MSG-i configureMessageFacility:  DAQ 08-Mar-2019 15:19:00 CST Booted configureMessageFacility.cc:286
Message Facility Application CoreSupervisorBase configured with: debugModules:["*"] destinations:{file:{append:false directory:"/home/mu2edaq/sync_demo/ots/srcs/otsdaq_mu2e/Data/Logs/CoreSupervisorBase" pattern:"CoreSupervisorBase-%?H%t-%p.log" seperator:"-" threshold:"DEBUG" timestamp_pattern:"%Y%m%d%H%M%S" type:"GenFile"} udp:{host:"192.168.157.6" port:30000 threshold:"DEBUG" type:"UDP"}}
%MSG
%MSG-i configureMessageFacility:  DAQ 08-Mar-2019 15:19:00 CST Booted configureMessageFacility.cc:286
Message Facility Application MacroMaker configured with: debugModules:["*"] destinations:{file:{append:false directory:"/home/mu2edaq/sync_demo/ots/srcs/otsdaq_mu2e/Data/Logs/MacroMaker" pattern:"MacroMaker-%?H%t-%p.log" seperator:"-" threshold:"DEBUG" timestamp_pattern:"%Y%m%d%H%M%S" type:"GenFile"} udp:{host:"192.168.157.6" port:30000 threshold:"DEBUG" type:"UDP"}}
%MSG
%MSG-i configureMessageFacility:  DAQ 08-Mar-2019 15:19:01 CST Booted configureMessageFacility.cc:286
Message Facility Application CorePropertySupervisorBase configured with: debugModules:["*"] destinations:{file:{append:false directory:"/home/mu2edaq/sync_demo/ots/srcs/otsdaq_mu2e/Data/Logs/CorePropertySupervisorBase" pattern:"CorePropertySupervisorBase-%?H%t-%p.log" seperator:"-" threshold:"DEBUG" timestamp_pattern:"%Y%m%d%H%M%S" type:"GenFile"} udp:{host:"192.168.157.6" port:30000 threshold:"DEBUG" type:"UDP"}}
%MSG
%MSG-i configureMessageFacility:  DAQ 08-Mar-2019 15:19:02 CST Booted configureMessageFacility.cc:286
Message Facility Application RunControlStateMachine configured with: debugModules:["*"] destinations:{file:{append:false directory:"/home/mu2edaq/sync_demo/ots/srcs/otsdaq_mu2e/Data/Logs/RunControlStateMachine" pattern:"RunControlStateMachine-%?H%t-%p.log" seperator:"-" threshold:"DEBUG" timestamp_pattern:"%Y%m%d%H%M%S" type:"GenFile"} udp:{host:"192.168.157.6" port:30000 threshold:"DEBUG" type:"UDP"}}
%MSG
%MSG-i configureMessageFacility:  DAQ 08-Mar-2019 15:19:02 CST Booted configureMessageFacility.cc:286
Message Facility Application CoreSupervisorBase configured with: debugModules:["*"] destinations:{file:{append:false directory:"/home/mu2edaq/sync_demo/ots/srcs/otsdaq_mu2e/Data/Logs/CoreSupervisorBase" pattern:"CoreSupervisorBase-%?H%t-%p.log" seperator:"-" threshold:"DEBUG" timestamp_pattern:"%Y%m%d%H%M%S" type:"GenFile"} udp:{host:"192.168.157.6" port:30000 threshold:"DEBUG" type:"UDP"}}
%MSG
%MSG-i ConfigurationManagerRW:  Early 08-Mar-2019 15:19:17 CST pre-events ConfigurationManagerRW.cc:495
otsdaq/otsdaq-core/ConfigurationInterface/ConfigurationManagerRW.cc [495]	Updating persistent active groups to /home/mu2edaq/sync_demo/ots/srcs/otsdaq_mu2e/Data/ServiceData/ActiveTableGroups.cfg ...
%MSG
%MSG-i ConfigurationManagerRW:  Early 08-Mar-2019 15:19:17 CST pre-events ConfigurationManagerRW.cc:515
otsdaq/otsdaq-core/ConfigurationInterface/ConfigurationManagerRW.cc [515]	Active Context table group: testContext(59)
%MSG
%MSG-i ConfigurationManagerRW:  Early 08-Mar-2019 15:19:17 CST pre-events ConfigurationManagerRW.cc:521
otsdaq/otsdaq-core/ConfigurationInterface/ConfigurationManagerRW.cc [521]	Active Backbone table group: TableEditWizBackbone(85)
%MSG
%MSG-i ConfigurationManagerRW:  Early 08-Mar-2019 15:19:17 CST pre-events ConfigurationManagerRW.cc:527
otsdaq/otsdaq-core/ConfigurationInterface/ConfigurationManagerRW.cc [527]	Active Iterate table group: (-1)
%MSG
%MSG-i ConfigurationManagerRW:  Early 08-Mar-2019 15:19:17 CST pre-events ConfigurationManagerRW.cc:533
otsdaq/otsdaq-core/ConfigurationInterface/ConfigurationManagerRW.cc [533]	Active Configuration table group: defaultConfig(126)
%MSG
%MSG-e GatewaySupervisor:  Early 08-Mar-2019 15:19:23 CST pre-events GatewaySupervisor.cc:1793
otsdaq/otsdaq-core/GatewaySupervisor/GatewaySupervisor.cc [1793]	:GatewaySupervisor:otsdaq/otsdaq-core/GatewaySupervisor/GatewaySupervisor.cc [1786]	Error! Gateway Supervisor can NOT Configure Supervisor instance = 'FESupervisorDTC1' [LID=312] in Context 'ContextDTC1' [URL=http://mu2edaq06.fnal.gov:2018].

Fault
%MSG
%MSG-e GatewaySupervisor:  Early 08-Mar-2019 15:19:23 CST pre-events GatewaySupervisor.cc:1827
otsdaq/otsdaq-core/GatewaySupervisor/GatewaySupervisor.cc [1827]	:GatewaySupervisor:otsdaq/otsdaq-core/GatewaySupervisor/GatewaySupervisor.cc [1820]	Received error from Supervisor instance = 'FESupervisorDTC1' [LID=312] in Context 'ContextDTC1' [URL=http://mu2edaq06.fnal.gov:2018].

 Error Message = :FESupervisor:FESupervisorDTC1:otsdaq/otsdaq-core/CoreSupervisors/CoreSupervisorBase.cc [575]	Error was caught while configuring: :ots:FESupervisor2Config:otsdaq/otsdaq-core/FECore/FEVInterfacesManager.cc [125]	Failed to instantiate plugin named 'DTC1' of type 'DTCFrontEndInterface' due to the following error: 
:ConfigurationTree:otsdaq/otsdaq-core/ConfigurationInterface/ConfigurationTree.cc [1110]	

Error occurred descending from node 'DTC1_ROC2_STM0' in table 'ROCInterfaceTable' looking for child 'STMNumberParam1'


The original node search string was '.'
--- Additional error detail: 

:TableView-ROC_INTERFACE_TABLE:v38:otsdaq/otsdaq-core/TableCore/TableView.cc [1386]		In view: ROC_INTERFACE_TABLE, Can't find column named 'STMNumberParam1'
Existing columns:
	UID
	Status
	ROCGroupID
	ROCInterfacePluginName
	linkID
	EventWindowDelayOffset
	ROCTypeLinkTable
	ROCTypeLinkUID
	CommentDescription
	Author
	RecordInsertionTime

:ConfigurationTree:otsdaq/otsdaq-core/ConfigurationInterface/ConfigurationTree.cc [1148]	ConfigurationTree::nodeDump() =====================================
ConfigurationTree::nodeDump():
	Error occurred from node 'DTC1_ROC2_STM0'...
	Error occurred from node 'DTC1_ROC2_STM0' in table 'ROCInterfaceTable.'
	Here is the list of possible children (count = 9):
		Status
		ROCGroupID
		ROCInterfacePluginName
		linkID
		EventWindowDelayOffset
		ROCTypeLinkTable
		CommentDescription
		Author
		RecordInsertionTime


Here is the culprit table printout:

==============================================================================
Print: ROC_INTERFACE_TABLE Version: 38 Comment: add link to STMParametersTable Author: admin Creation Time: Fri Mar  8 11:29:37 2019

		Number of Cols 11
		Number of Rows 12
Columns:	0:UID:UID:UID:VARCHAR2	 1:Status:STATUS:OnOff:VARCHAR2	 2:ROCGroupID:ROC_GROUP_ID:GroupID-ROC:VARCHAR2	 3:ROCInterfacePluginName:ROC_INTERFACE_PLUGIN_NAME:FixedChoiceData:VARCHAR2	 4:linkID:LINK_ID:UniqueGroupData:NUMBER	 5:EventWindowDelayOffset:EVENT_WINDOW_DELAY_OFFSET:Data:NUMBER	 6:ROCTypeLinkTable:ROC_TYPE_LINK_TABLE:ChildLink-ROCParams:VARCHAR2	 7:ROCTypeLinkUID:ROC_TYPE_LINK_UID:ChildLinkUID-ROCParams:VARCHAR2	 8:CommentDescription:COMMENT_DESCRIPTION:Comment:VARCHAR2	 9:Author:AUTHOR:Author:VARCHAR2	 10:RecordInsertionTime:RECORD_INSERTION_TIME:Timestamp:TIMESTAMP WITH TIMEZONE	 
Rows:
0:	0:DTC0_ROC0_PolarFire		1:Off		2:DTC0ROCs		3:ChoiceIndex=2:ROCPolarFireCoreInterface		4:0		5:0		6:NO_LINK		7:DEFAULT		8:No Comment		9:admin		10:1551818128		
1:	0:DTC0_ROC1_PolarFire		1:Off		2:DTC0ROCs		3:ChoiceIndex=2:ROCPolarFireCoreInterface		4:1		5:10		6:NO_LINK		7:DEFAULT		8:No Comment		9:admin		10:1551803545		
2:	0:DTC0_ROC2_STM0		1:Off		2:DTC0ROCs		3:ChoiceIndex=7:ROCStoppingTargetMonitorInterface		4:2		5:20		6:STMParametersTable		7:STMPedanticParamSet0		8:No Comment		9:admin		10:1552066176		
3:	0:DTC0_ROC3_STM1		1:Off		2:DTC0ROCs		3:ChoiceIndex=7:ROCStoppingTargetMonitorInterface		4:3		5:30		6:STMParametersTable		7:STMPedanticParamSet1		8:No Comment		9:admin		10:1552066176		
4:	0:DTC0_ROC4_STM2		1:Off		2:DTC0ROCs		3:ChoiceIndex=7:ROCStoppingTargetMonitorInterface		4:4		5:40		6:STMParametersTable		7:STMPedanticParamSet2		8:No Comment		9:admin		10:1552066176		
5:	0:DTC0_ROC5_STM3		1:Off		2:DTC0ROCs		3:ChoiceIndex=7:ROCStoppingTargetMonitorInterface		4:5		5:50		6:STMParametersTable		7:STMPedanticParamSet3		8:No Comment		9:admin		10:1552066176		
6:	0:DTC1_ROC0_PolarFire		1:Off		2:DTC1ROCs		3:ChoiceIndex=2:ROCPolarFireCoreInterface		4:0		5:1		6:NO_LINK		7:DEFAULT		8:No Comment		9:admin		10:1551820779		
7:	0:DTC1_ROC1_PolarFire		1:Off		2:DTC1ROCs		3:ChoiceIndex=2:ROCPolarFireCoreInterface		4:1		5:11		6:NO_LINK		7:DEFAULT		8:No Comment		9:admin		10:1551820779		
8:	0:DTC1_ROC2_STM0		1:On		2:DTC1ROCs		3:ChoiceIndex=7:ROCStoppingTargetMonitorInterface		4:2		5:21		6:STMParametersTable		7:STMPedanticParamSet0		8:No Comment		9:admin		10:1552066176		
9:	0:DTC1_ROC3_STM1		1:On		2:DTC1ROCs		3:ChoiceIndex=7:ROCStoppingTargetMonitorInterface		4:3		5:31		6:STMParametersTable		7:STMPedanticParamSet1		8:No Comment		9:admin		10:1552066176		
10:	0:DTC1_ROC4_STM2		1:On		2:DTC1ROCs		3:ChoiceIndex=7:ROCStoppingTargetMonitorInterface		4:4		5:41		6:STMParametersTable		7:STMPedanticParamSet2		8:No Comment		9:admin		10:1552066176		
11:	0:DTC1_ROC5_STM3		1:On		2:DTC1ROCs		3:ChoiceIndex=7:ROCStoppingTargetMonitorInterface		4:5		5:51		6:STMParametersTable		7:STMPedanticParamSet3		8:No Comment		9:admin		10:1552066176		


:ots:otsdaq/otsdaq-core/Macros/StringMacros.cc [643]	ots::stackTrace:
[1] /home/mu2edaq/sync_demo/ots/build_slf7.x86_64/otsdaq/lib/libConfigurationInterface.so : ots::ConfigurationTree::nodeDump[abi:cxx11]() const+0x3cf [0x7f5721811b3f]
[2] /home/mu2edaq/sync_demo/ots/build_slf7.x86_64/otsdaq/lib/libConfigurationInterface.so : ots::ConfigurationTree::recursiveGetNode(std::__cxx11::basic_string<char, std::char_traits<char>, std::allocator<char> > const&, bool, std::__cxx11::basic_string<char, std::char_traits<char>, std::allocator<char> > const&) const+0x1011 [0x7f5721812cc1]
[3] /home/mu2edaq/sync_demo/ots/build_slf7.x86_64/otsdaq/lib/libConfigurationInterface.so : ots::ConfigurationTree::getNode(std::__cxx11::basic_string<char, std::char_traits<char>, std::allocator<char> > const&, bool) const+0x50 [0x7f57218145d0]
[4] /home/mu2edaq/sync_demo/ots/build_slf7.x86_64/otsdaq_mu2e_stm/lib/libotsdaq-mu2e-stm_FEInterfaces_ROCStoppingTargetMonitorInterface_interface.so : ots::ROCStoppingTargetMonitorInterface::ROCStoppingTargetMonitorInterface(std::__cxx11::basic_string<char, std::char_traits<char>, std::allocator<char> > const&, ots::ConfigurationTree const&, std::__cxx11::basic_string<char, std::char_traits<char>, std::allocator<char> > const&)+0x594 [0x7f56e48050a4]
[5] /home/mu2edaq/sync_demo/ots/build_slf7.x86_64/otsdaq_mu2e_stm/lib/libotsdaq-mu2e-stm_FEInterfaces_ROCStoppingTargetMonitorInterface_interface.so : make+0x3b [0x7f56e480551b]
[6] /home/mu2edaq/sync_demo/ots/build_slf7.x86_64/otsdaq/lib/libPluginMakers.so : ots::makeInterface(std::__cxx11::basic_string<char, std::char_traits<char>, std::allocator<char> > const&, std::__cxx11::basic_string<char, std::char_traits<char>, std::allocator<char> > const&, ots::ConfigurationTree const&, std::__cxx11::basic_string<char, std::char_traits<char>, std::allocator<char> > const&)+0x70 [0x7f5721599d70]
[7] /home/mu2edaq/sync_demo/ots/build_slf7.x86_64/otsdaq_mu2e/lib/libotsdaq-mu2e_FEInterfaces_DTCFrontEndInterface_interface.so : ots::DTCFrontEndInterface::createROCs()+0xaf7 [0x7f56ea14b527]
[8] /home/mu2edaq/sync_demo/ots/build_slf7.x86_64/otsdaq_mu2e/lib/libotsdaq-mu2e_FEInterfaces_DTCFrontEndInterface_interface.so : ots::DTCFrontEndInterface::DTCFrontEndInterface(std::__cxx11::basic_string<char, std::char_traits<char>, std::allocator<char> > const&, ots::ConfigurationTree const&, std::__cxx11::basic_string<char, std::char_traits<char>, std::allocator<char> > const&)+0x1447 [0x7f56ea150447]
[9] /home/mu2edaq/sync_demo/ots/build_slf7.x86_64/otsdaq_mu2e/lib/libotsdaq-mu2e_FEInterfaces_DTCFrontEndInterface_interface.so : make+0x3b [0x7f56ea150edb]


end ConfigurationTree::nodeDump() =====================================
%MSG
%MSG-e GatewaySupervisor:  Early 08-Mar-2019 15:19:24 CST pre-events GatewaySupervisor.cc:830
otsdaq/otsdaq-core/GatewaySupervisor/GatewaySupervisor.cc [830]	:GatewaySupervisor:otsdaq/otsdaq-core/GatewaySupervisor/GatewaySupervisor.cc [827]	Failure to send Workloop transition command 'Configure!' An error response 'Fault' was received.
%MSG
