%MSG-i configureMessageFacility:  Early 27-Mar-2019 13:24:37 CDT pre-events configureMessageFacility.cc:286
Message Facility Application RunControlStateMachine configured with: debugModules:["*"] destinations:{file:{append:false directory:"/home/mu2edaq/sync_demo/ots_stm/srcs/otsdaq_mu2e_stm/Data/Logs/RunControlStateMachine" pattern:"RunControlStateMachine-%?H%t-%p.log" seperator:"-" threshold:"DEBUG" timestamp_pattern:"%Y%m%d%H%M%S" type:"GenFile"} udp:{host:"192.168.157.6" port:30000 threshold:"DEBUG" type:"UDP"}}
%MSG
%MSG-i _TCPConnect:  DAQ 27-Mar-2019 13:24:37 CDT Booted TCPConnect.cc:334
Resolving host 192.168.157.6, on port 30000
%MSG
%MSG-i _TCPConnect:  DAQ 27-Mar-2019 13:24:37 CDT Booted TCPConnect.cc:241
Resolving ip mu2edaq10.fnal.gov
%MSG
%MSG-i configureMessageFacility:  DAQ 27-Mar-2019 13:24:38 CDT Booted configureMessageFacility.cc:286
Message Facility Application CorePropertySupervisorBase configured with: debugModules:["*"] destinations:{file:{append:false directory:"/home/mu2edaq/sync_demo/ots_stm/srcs/otsdaq_mu2e_stm/Data/Logs/CorePropertySupervisorBase" pattern:"CorePropertySupervisorBase-%?H%t-%p.log" seperator:"-" threshold:"DEBUG" timestamp_pattern:"%Y%m%d%H%M%S" type:"GenFile"} udp:{host:"192.168.157.6" port:30000 threshold:"DEBUG" type:"UDP"}}
%MSG
%MSG-i WebUsers:  DAQ 27-Mar-2019 13:24:40 CDT Booted WebUsers.cc:3050
otsdaq/otsdaq-core/WebUsersUtilities/WebUsers.cc [3050]	User 'admin' has locked out the system!
%MSG
%MSG-i configureMessageFacility:  DAQ 27-Mar-2019 13:24:40 CDT Booted configureMessageFacility.cc:286
Message Facility Application GatewaySupervisor configured with: debugModules:["*"] destinations:{file:{append:false directory:"/home/mu2edaq/sync_demo/ots_stm/srcs/otsdaq_mu2e_stm/Data/Logs/GatewaySupervisor" pattern:"GatewaySupervisor-%?H%t-%p.log" seperator:"-" threshold:"DEBUG" timestamp_pattern:"%Y%m%d%H%M%S" type:"GenFile"} udp:{host:"192.168.157.6" port:30000 threshold:"DEBUG" type:"UDP"}}
%MSG
%MSG-i configureMessageFacility:  DAQ 27-Mar-2019 13:24:40 CDT Booted configureMessageFacility.cc:286
Message Facility Application CorePropertySupervisorBase configured with: debugModules:["*"] destinations:{file:{append:false directory:"/home/mu2edaq/sync_demo/ots_stm/srcs/otsdaq_mu2e_stm/Data/Logs/CorePropertySupervisorBase" pattern:"CorePropertySupervisorBase-%?H%t-%p.log" seperator:"-" threshold:"DEBUG" timestamp_pattern:"%Y%m%d%H%M%S" type:"GenFile"} udp:{host:"192.168.157.6" port:30000 threshold:"DEBUG" type:"UDP"}}
%MSG
%MSG-i configureMessageFacility:  DAQ 27-Mar-2019 13:24:41 CDT Booted configureMessageFacility.cc:286
Message Facility Application RunControlStateMachine configured with: debugModules:["*"] destinations:{file:{append:false directory:"/home/mu2edaq/sync_demo/ots_stm/srcs/otsdaq_mu2e_stm/Data/Logs/RunControlStateMachine" pattern:"RunControlStateMachine-%?H%t-%p.log" seperator:"-" threshold:"DEBUG" timestamp_pattern:"%Y%m%d%H%M%S" type:"GenFile"} udp:{host:"192.168.157.6" port:30000 threshold:"DEBUG" type:"UDP"}}
%MSG
%MSG-i configureMessageFacility:  DAQ 27-Mar-2019 13:24:41 CDT Booted configureMessageFacility.cc:286
Message Facility Application CoreSupervisorBase configured with: debugModules:["*"] destinations:{file:{append:false directory:"/home/mu2edaq/sync_demo/ots_stm/srcs/otsdaq_mu2e_stm/Data/Logs/CoreSupervisorBase" pattern:"CoreSupervisorBase-%?H%t-%p.log" seperator:"-" threshold:"DEBUG" timestamp_pattern:"%Y%m%d%H%M%S" type:"GenFile"} udp:{host:"192.168.157.6" port:30000 threshold:"DEBUG" type:"UDP"}}
%MSG
%MSG-i configureMessageFacility:  DAQ 27-Mar-2019 13:24:41 CDT Booted configureMessageFacility.cc:286
Message Facility Application ChatSupervisor configured with: debugModules:["*"] destinations:{file:{append:false directory:"/home/mu2edaq/sync_demo/ots_stm/srcs/otsdaq_mu2e_stm/Data/Logs/ChatSupervisor" pattern:"ChatSupervisor-%?H%t-%p.log" seperator:"-" threshold:"DEBUG" timestamp_pattern:"%Y%m%d%H%M%S" type:"GenFile"} udp:{host:"192.168.157.6" port:30000 threshold:"DEBUG" type:"UDP"}}
%MSG
%MSG-i configureMessageFacility:  DAQ 27-Mar-2019 13:24:41 CDT Booted configureMessageFacility.cc:286
Message Facility Application CorePropertySupervisorBase configured with: debugModules:["*"] destinations:{file:{append:false directory:"/home/mu2edaq/sync_demo/ots_stm/srcs/otsdaq_mu2e_stm/Data/Logs/CorePropertySupervisorBase" pattern:"CorePropertySupervisorBase-%?H%t-%p.log" seperator:"-" threshold:"DEBUG" timestamp_pattern:"%Y%m%d%H%M%S" type:"GenFile"} udp:{host:"192.168.157.6" port:30000 threshold:"DEBUG" type:"UDP"}}
%MSG
%MSG-i configureMessageFacility:  DAQ 27-Mar-2019 13:24:42 CDT Booted configureMessageFacility.cc:286
Message Facility Application RunControlStateMachine configured with: debugModules:["*"] destinations:{file:{append:false directory:"/home/mu2edaq/sync_demo/ots_stm/srcs/otsdaq_mu2e_stm/Data/Logs/RunControlStateMachine" pattern:"RunControlStateMachine-%?H%t-%p.log" seperator:"-" threshold:"DEBUG" timestamp_pattern:"%Y%m%d%H%M%S" type:"GenFile"} udp:{host:"192.168.157.6" port:30000 threshold:"DEBUG" type:"UDP"}}
%MSG
%MSG-i configureMessageFacility:  DAQ 27-Mar-2019 13:24:42 CDT Booted configureMessageFacility.cc:286
Message Facility Application CoreSupervisorBase configured with: debugModules:["*"] destinations:{file:{append:false directory:"/home/mu2edaq/sync_demo/ots_stm/srcs/otsdaq_mu2e_stm/Data/Logs/CoreSupervisorBase" pattern:"CoreSupervisorBase-%?H%t-%p.log" seperator:"-" threshold:"DEBUG" timestamp_pattern:"%Y%m%d%H%M%S" type:"GenFile"} udp:{host:"192.168.157.6" port:30000 threshold:"DEBUG" type:"UDP"}}
%MSG
%MSG-i configureMessageFacility:  DAQ 27-Mar-2019 13:24:42 CDT Booted configureMessageFacility.cc:286
Message Facility Application ConsoleSupervisor configured with: debugModules:["*"] destinations:{file:{append:false directory:"/home/mu2edaq/sync_demo/ots_stm/srcs/otsdaq_mu2e_stm/Data/Logs/ConsoleSupervisor" pattern:"ConsoleSupervisor-%?H%t-%p.log" seperator:"-" threshold:"DEBUG" timestamp_pattern:"%Y%m%d%H%M%S" type:"GenFile"} udp:{host:"192.168.157.6" port:30000 threshold:"DEBUG" type:"UDP"}}
%MSG
%MSG-i configureMessageFacility:  DAQ 27-Mar-2019 13:24:42 CDT Booted configureMessageFacility.cc:286
Message Facility Application CorePropertySupervisorBase configured with: debugModules:["*"] destinations:{file:{append:false directory:"/home/mu2edaq/sync_demo/ots_stm/srcs/otsdaq_mu2e_stm/Data/Logs/CorePropertySupervisorBase" pattern:"CorePropertySupervisorBase-%?H%t-%p.log" seperator:"-" threshold:"DEBUG" timestamp_pattern:"%Y%m%d%H%M%S" type:"GenFile"} udp:{host:"192.168.157.6" port:30000 threshold:"DEBUG" type:"UDP"}}
%MSG
%MSG-i configureMessageFacility:  DAQ 27-Mar-2019 13:24:43 CDT Booted configureMessageFacility.cc:286
Message Facility Application RunControlStateMachine configured with: debugModules:["*"] destinations:{file:{append:false directory:"/home/mu2edaq/sync_demo/ots_stm/srcs/otsdaq_mu2e_stm/Data/Logs/RunControlStateMachine" pattern:"RunControlStateMachine-%?H%t-%p.log" seperator:"-" threshold:"DEBUG" timestamp_pattern:"%Y%m%d%H%M%S" type:"GenFile"} udp:{host:"192.168.157.6" port:30000 threshold:"DEBUG" type:"UDP"}}
%MSG
%MSG-i configureMessageFacility:  DAQ 27-Mar-2019 13:24:43 CDT Booted configureMessageFacility.cc:286
Message Facility Application CoreSupervisorBase configured with: debugModules:["*"] destinations:{file:{append:false directory:"/home/mu2edaq/sync_demo/ots_stm/srcs/otsdaq_mu2e_stm/Data/Logs/CoreSupervisorBase" pattern:"CoreSupervisorBase-%?H%t-%p.log" seperator:"-" threshold:"DEBUG" timestamp_pattern:"%Y%m%d%H%M%S" type:"GenFile"} udp:{host:"192.168.157.6" port:30000 threshold:"DEBUG" type:"UDP"}}
%MSG
%MSG-i configureMessageFacility:  DAQ 27-Mar-2019 13:24:43 CDT Booted configureMessageFacility.cc:286
Message Facility Application LogbookSupervisor configured with: debugModules:["*"] destinations:{file:{append:false directory:"/home/mu2edaq/sync_demo/ots_stm/srcs/otsdaq_mu2e_stm/Data/Logs/LogbookSupervisor" pattern:"LogbookSupervisor-%?H%t-%p.log" seperator:"-" threshold:"DEBUG" timestamp_pattern:"%Y%m%d%H%M%S" type:"GenFile"} udp:{host:"192.168.157.6" port:30000 threshold:"DEBUG" type:"UDP"}}
%MSG
%MSG-i configureMessageFacility:  DAQ 27-Mar-2019 13:24:44 CDT Booted configureMessageFacility.cc:286
Message Facility Application CorePropertySupervisorBase configured with: debugModules:["*"] destinations:{file:{append:false directory:"/home/mu2edaq/sync_demo/ots_stm/srcs/otsdaq_mu2e_stm/Data/Logs/CorePropertySupervisorBase" pattern:"CorePropertySupervisorBase-%?H%t-%p.log" seperator:"-" threshold:"DEBUG" timestamp_pattern:"%Y%m%d%H%M%S" type:"GenFile"} udp:{host:"192.168.157.6" port:30000 threshold:"DEBUG" type:"UDP"}}
%MSG
%MSG-i configureMessageFacility:  DAQ 27-Mar-2019 13:24:44 CDT Booted configureMessageFacility.cc:286
Message Facility Application RunControlStateMachine configured with: debugModules:["*"] destinations:{file:{append:false directory:"/home/mu2edaq/sync_demo/ots_stm/srcs/otsdaq_mu2e_stm/Data/Logs/RunControlStateMachine" pattern:"RunControlStateMachine-%?H%t-%p.log" seperator:"-" threshold:"DEBUG" timestamp_pattern:"%Y%m%d%H%M%S" type:"GenFile"} udp:{host:"192.168.157.6" port:30000 threshold:"DEBUG" type:"UDP"}}
%MSG
%MSG-i configureMessageFacility:  DAQ 27-Mar-2019 13:24:44 CDT Booted configureMessageFacility.cc:286
Message Facility Application CoreSupervisorBase configured with: debugModules:["*"] destinations:{file:{append:false directory:"/home/mu2edaq/sync_demo/ots_stm/srcs/otsdaq_mu2e_stm/Data/Logs/CoreSupervisorBase" pattern:"CoreSupervisorBase-%?H%t-%p.log" seperator:"-" threshold:"DEBUG" timestamp_pattern:"%Y%m%d%H%M%S" type:"GenFile"} udp:{host:"192.168.157.6" port:30000 threshold:"DEBUG" type:"UDP"}}
%MSG
%MSG-i configureMessageFacility:  DAQ 27-Mar-2019 13:24:44 CDT Booted configureMessageFacility.cc:286
Message Facility Application ConfigurationGUI configured with: debugModules:["*"] destinations:{file:{append:false directory:"/home/mu2edaq/sync_demo/ots_stm/srcs/otsdaq_mu2e_stm/Data/Logs/ConfigurationGUI" pattern:"ConfigurationGUI-%?H%t-%p.log" seperator:"-" threshold:"DEBUG" timestamp_pattern:"%Y%m%d%H%M%S" type:"GenFile"} udp:{host:"192.168.157.6" port:30000 threshold:"DEBUG" type:"UDP"}}
%MSG
%MSG-i configureMessageFacility:  DAQ 27-Mar-2019 13:24:45 CDT Booted configureMessageFacility.cc:286
Message Facility Application CorePropertySupervisorBase configured with: debugModules:["*"] destinations:{file:{append:false directory:"/home/mu2edaq/sync_demo/ots_stm/srcs/otsdaq_mu2e_stm/Data/Logs/CorePropertySupervisorBase" pattern:"CorePropertySupervisorBase-%?H%t-%p.log" seperator:"-" threshold:"DEBUG" timestamp_pattern:"%Y%m%d%H%M%S" type:"GenFile"} udp:{host:"192.168.157.6" port:30000 threshold:"DEBUG" type:"UDP"}}
%MSG
%MSG-i configureMessageFacility:  DAQ 27-Mar-2019 13:24:46 CDT Booted configureMessageFacility.cc:286
Message Facility Application RunControlStateMachine configured with: debugModules:["*"] destinations:{file:{append:false directory:"/home/mu2edaq/sync_demo/ots_stm/srcs/otsdaq_mu2e_stm/Data/Logs/RunControlStateMachine" pattern:"RunControlStateMachine-%?H%t-%p.log" seperator:"-" threshold:"DEBUG" timestamp_pattern:"%Y%m%d%H%M%S" type:"GenFile"} udp:{host:"192.168.157.6" port:30000 threshold:"DEBUG" type:"UDP"}}
%MSG
%MSG-i configureMessageFacility:  DAQ 27-Mar-2019 13:24:46 CDT Booted configureMessageFacility.cc:286
Message Facility Application CoreSupervisorBase configured with: debugModules:["*"] destinations:{file:{append:false directory:"/home/mu2edaq/sync_demo/ots_stm/srcs/otsdaq_mu2e_stm/Data/Logs/CoreSupervisorBase" pattern:"CoreSupervisorBase-%?H%t-%p.log" seperator:"-" threshold:"DEBUG" timestamp_pattern:"%Y%m%d%H%M%S" type:"GenFile"} udp:{host:"192.168.157.6" port:30000 threshold:"DEBUG" type:"UDP"}}
%MSG
%MSG-i configureMessageFacility:  DAQ 27-Mar-2019 13:24:46 CDT Booted configureMessageFacility.cc:286
Message Facility Application MacroMaker configured with: debugModules:["*"] destinations:{file:{append:false directory:"/home/mu2edaq/sync_demo/ots_stm/srcs/otsdaq_mu2e_stm/Data/Logs/MacroMaker" pattern:"MacroMaker-%?H%t-%p.log" seperator:"-" threshold:"DEBUG" timestamp_pattern:"%Y%m%d%H%M%S" type:"GenFile"} udp:{host:"192.168.157.6" port:30000 threshold:"DEBUG" type:"UDP"}}
%MSG
%MSG-i configureMessageFacility:  DAQ 27-Mar-2019 13:24:46 CDT Booted configureMessageFacility.cc:286
Message Facility Application CorePropertySupervisorBase configured with: debugModules:["*"] destinations:{file:{append:false directory:"/home/mu2edaq/sync_demo/ots_stm/srcs/otsdaq_mu2e_stm/Data/Logs/CorePropertySupervisorBase" pattern:"CorePropertySupervisorBase-%?H%t-%p.log" seperator:"-" threshold:"DEBUG" timestamp_pattern:"%Y%m%d%H%M%S" type:"GenFile"} udp:{host:"192.168.157.6" port:30000 threshold:"DEBUG" type:"UDP"}}
%MSG
%MSG-i configureMessageFacility:  DAQ 27-Mar-2019 13:24:47 CDT Booted configureMessageFacility.cc:286
Message Facility Application RunControlStateMachine configured with: debugModules:["*"] destinations:{file:{append:false directory:"/home/mu2edaq/sync_demo/ots_stm/srcs/otsdaq_mu2e_stm/Data/Logs/RunControlStateMachine" pattern:"RunControlStateMachine-%?H%t-%p.log" seperator:"-" threshold:"DEBUG" timestamp_pattern:"%Y%m%d%H%M%S" type:"GenFile"} udp:{host:"192.168.157.6" port:30000 threshold:"DEBUG" type:"UDP"}}
%MSG
%MSG-i configureMessageFacility:  DAQ 27-Mar-2019 13:24:47 CDT Booted configureMessageFacility.cc:286
Message Facility Application CoreSupervisorBase configured with: debugModules:["*"] destinations:{file:{append:false directory:"/home/mu2edaq/sync_demo/ots_stm/srcs/otsdaq_mu2e_stm/Data/Logs/CoreSupervisorBase" pattern:"CoreSupervisorBase-%?H%t-%p.log" seperator:"-" threshold:"DEBUG" timestamp_pattern:"%Y%m%d%H%M%S" type:"GenFile"} udp:{host:"192.168.157.6" port:30000 threshold:"DEBUG" type:"UDP"}}
%MSG
%MSG-i ConfigurationManagerRW:  Early 27-Mar-2019 13:27:23 CDT pre-events ConfigurationManagerRW.cc:497
otsdaq/otsdaq-core/ConfigurationInterface/ConfigurationManagerRW.cc [497]	Updating persistent active groups to /home/mu2edaq/sync_demo/ots_stm/srcs/otsdaq_mu2e_stm/Data/ServiceData/ActiveTableGroups.cfg ...
%MSG
%MSG-i ConfigurationManagerRW:  Early 27-Mar-2019 13:27:24 CDT pre-events ConfigurationManagerRW.cc:517
otsdaq/otsdaq-core/ConfigurationInterface/ConfigurationManagerRW.cc [517]	Active Context table group: testContext(61)
%MSG
%MSG-i ConfigurationManagerRW:  Early 27-Mar-2019 13:27:24 CDT pre-events ConfigurationManagerRW.cc:523
otsdaq/otsdaq-core/ConfigurationInterface/ConfigurationManagerRW.cc [523]	Active Backbone table group: TableEditWizBackbone(100)
%MSG
%MSG-i ConfigurationManagerRW:  Early 27-Mar-2019 13:27:24 CDT pre-events ConfigurationManagerRW.cc:529
otsdaq/otsdaq-core/ConfigurationInterface/ConfigurationManagerRW.cc [529]	Active Iterate table group: (-1)
%MSG
%MSG-i ConfigurationManagerRW:  Early 27-Mar-2019 13:27:24 CDT pre-events ConfigurationManagerRW.cc:535
otsdaq/otsdaq-core/ConfigurationInterface/ConfigurationManagerRW.cc [535]	Active Configuration table group: defaultConfig(145)
%MSG
%MSG-i ConfigurationManagerRW:  Early 27-Mar-2019 13:27:28 CDT pre-events ConfigurationManagerRW.cc:497
otsdaq/otsdaq-core/ConfigurationInterface/ConfigurationManagerRW.cc [497]	Updating persistent active groups to /home/mu2edaq/sync_demo/ots_stm/srcs/otsdaq_mu2e_stm/Data/ServiceData/ActiveTableGroups.cfg ...
%MSG
%MSG-i ConfigurationManagerRW:  Early 27-Mar-2019 13:27:28 CDT pre-events ConfigurationManagerRW.cc:517
otsdaq/otsdaq-core/ConfigurationInterface/ConfigurationManagerRW.cc [517]	Active Context table group: testContext(61)
%MSG
%MSG-i ConfigurationManagerRW:  Early 27-Mar-2019 13:27:28 CDT pre-events ConfigurationManagerRW.cc:523
otsdaq/otsdaq-core/ConfigurationInterface/ConfigurationManagerRW.cc [523]	Active Backbone table group: TableEditWizBackbone(101)
%MSG
%MSG-i ConfigurationManagerRW:  Early 27-Mar-2019 13:27:28 CDT pre-events ConfigurationManagerRW.cc:529
otsdaq/otsdaq-core/ConfigurationInterface/ConfigurationManagerRW.cc [529]	Active Iterate table group: (-1)
%MSG
%MSG-i ConfigurationManagerRW:  Early 27-Mar-2019 13:27:28 CDT pre-events ConfigurationManagerRW.cc:535
otsdaq/otsdaq-core/ConfigurationInterface/ConfigurationManagerRW.cc [535]	Active Configuration table group: defaultConfig(145)
%MSG
%MSG-i ConfigurationManagerRW:  Early 27-Mar-2019 13:29:15 CDT pre-events ConfigurationManagerRW.cc:497
otsdaq/otsdaq-core/ConfigurationInterface/ConfigurationManagerRW.cc [497]	Updating persistent active groups to /home/mu2edaq/sync_demo/ots_stm/srcs/otsdaq_mu2e_stm/Data/ServiceData/ActiveTableGroups.cfg ...
%MSG
%MSG-i ConfigurationManagerRW:  Early 27-Mar-2019 13:29:15 CDT pre-events ConfigurationManagerRW.cc:517
otsdaq/otsdaq-core/ConfigurationInterface/ConfigurationManagerRW.cc [517]	Active Context table group: testContext(61)
%MSG
%MSG-i ConfigurationManagerRW:  Early 27-Mar-2019 13:29:15 CDT pre-events ConfigurationManagerRW.cc:523
otsdaq/otsdaq-core/ConfigurationInterface/ConfigurationManagerRW.cc [523]	Active Backbone table group: TableEditWizBackbone(101)
%MSG
%MSG-i ConfigurationManagerRW:  Early 27-Mar-2019 13:29:15 CDT pre-events ConfigurationManagerRW.cc:529
otsdaq/otsdaq-core/ConfigurationInterface/ConfigurationManagerRW.cc [529]	Active Iterate table group: (-1)
%MSG
%MSG-i ConfigurationManagerRW:  Early 27-Mar-2019 13:29:15 CDT pre-events ConfigurationManagerRW.cc:535
otsdaq/otsdaq-core/ConfigurationInterface/ConfigurationManagerRW.cc [535]	Active Configuration table group: defaultConfig(146)
%MSG
%MSG-i ConfigurationManagerRW:  Early 27-Mar-2019 13:29:19 CDT pre-events ConfigurationManagerRW.cc:497
otsdaq/otsdaq-core/ConfigurationInterface/ConfigurationManagerRW.cc [497]	Updating persistent active groups to /home/mu2edaq/sync_demo/ots_stm/srcs/otsdaq_mu2e_stm/Data/ServiceData/ActiveTableGroups.cfg ...
%MSG
%MSG-i ConfigurationManagerRW:  Early 27-Mar-2019 13:29:19 CDT pre-events ConfigurationManagerRW.cc:517
otsdaq/otsdaq-core/ConfigurationInterface/ConfigurationManagerRW.cc [517]	Active Context table group: testContext(61)
%MSG
%MSG-i ConfigurationManagerRW:  Early 27-Mar-2019 13:29:19 CDT pre-events ConfigurationManagerRW.cc:523
otsdaq/otsdaq-core/ConfigurationInterface/ConfigurationManagerRW.cc [523]	Active Backbone table group: TableEditWizBackbone(102)
%MSG
%MSG-i ConfigurationManagerRW:  Early 27-Mar-2019 13:29:19 CDT pre-events ConfigurationManagerRW.cc:529
otsdaq/otsdaq-core/ConfigurationInterface/ConfigurationManagerRW.cc [529]	Active Iterate table group: (-1)
%MSG
%MSG-i ConfigurationManagerRW:  Early 27-Mar-2019 13:29:19 CDT pre-events ConfigurationManagerRW.cc:535
otsdaq/otsdaq-core/ConfigurationInterface/ConfigurationManagerRW.cc [535]	Active Configuration table group: defaultConfig(146)
%MSG
%MSG-i ConfigurationManagerRW:  Early 27-Mar-2019 13:43:45 CDT pre-events ConfigurationManagerRW.cc:497
otsdaq/otsdaq-core/ConfigurationInterface/ConfigurationManagerRW.cc [497]	Updating persistent active groups to /home/mu2edaq/sync_demo/ots_stm/srcs/otsdaq_mu2e_stm/Data/ServiceData/ActiveTableGroups.cfg ...
%MSG
%MSG-i ConfigurationManagerRW:  Early 27-Mar-2019 13:43:45 CDT pre-events ConfigurationManagerRW.cc:517
otsdaq/otsdaq-core/ConfigurationInterface/ConfigurationManagerRW.cc [517]	Active Context table group: testContext(62)
%MSG
%MSG-i ConfigurationManagerRW:  Early 27-Mar-2019 13:43:45 CDT pre-events ConfigurationManagerRW.cc:523
otsdaq/otsdaq-core/ConfigurationInterface/ConfigurationManagerRW.cc [523]	Active Backbone table group: TableEditWizBackbone(102)
%MSG
%MSG-i ConfigurationManagerRW:  Early 27-Mar-2019 13:43:45 CDT pre-events ConfigurationManagerRW.cc:529
otsdaq/otsdaq-core/ConfigurationInterface/ConfigurationManagerRW.cc [529]	Active Iterate table group: (-1)
%MSG
%MSG-i ConfigurationManagerRW:  Early 27-Mar-2019 13:43:45 CDT pre-events ConfigurationManagerRW.cc:535
otsdaq/otsdaq-core/ConfigurationInterface/ConfigurationManagerRW.cc [535]	Active Configuration table group: defaultConfig(146)
%MSG
