%MSG-i configureMessageFacility:  Early 26-Mar-2019 12:01:31 CDT pre-events configureMessageFacility.cc:286
Message Facility Application RunControlStateMachine configured with: debugModules:["*"] destinations:{file:{append:false directory:"/home/mu2edaq/sync_demo/ots/srcs/otsdaq_mu2e/Data/Logs/RunControlStateMachine" pattern:"RunControlStateMachine-%?H%t-%p.log" seperator:"-" threshold:"DEBUG" timestamp_pattern:"%Y%m%d%H%M%S" type:"GenFile"} udp:{host:"192.168.157.6" port:30000 threshold:"DEBUG" type:"UDP"}}
%MSG
%MSG-i _TCPConnect:  DAQ 26-Mar-2019 12:01:31 CDT Booted TCPConnect.cc:334
Resolving host 192.168.157.6, on port 30000
%MSG
%MSG-i _TCPConnect:  DAQ 26-Mar-2019 12:01:31 CDT Booted TCPConnect.cc:241
Resolving ip mu2edaq06.fnal.gov
%MSG
%MSG-i configureMessageFacility:  DAQ 26-Mar-2019 12:01:34 CDT Booted configureMessageFacility.cc:286
Message Facility Application CorePropertySupervisorBase configured with: debugModules:["*"] destinations:{file:{append:false directory:"/home/mu2edaq/sync_demo/ots/srcs/otsdaq_mu2e/Data/Logs/CorePropertySupervisorBase" pattern:"CorePropertySupervisorBase-%?H%t-%p.log" seperator:"-" threshold:"DEBUG" timestamp_pattern:"%Y%m%d%H%M%S" type:"GenFile"}}
%MSG
%MSG-i WebUsers:  DAQ 26-Mar-2019 12:01:35 CDT Booted WebUsers.cc:3050
otsdaq/otsdaq-core/WebUsersUtilities/WebUsers.cc [3050]	User 'admin' has locked out the system!
%MSG
%MSG-i configureMessageFacility:  DAQ 26-Mar-2019 12:01:35 CDT Booted configureMessageFacility.cc:286
Message Facility Application GatewaySupervisor configured with: debugModules:["*"] destinations:{file:{append:false directory:"/home/mu2edaq/sync_demo/ots/srcs/otsdaq_mu2e/Data/Logs/GatewaySupervisor" pattern:"GatewaySupervisor-%?H%t-%p.log" seperator:"-" threshold:"DEBUG" timestamp_pattern:"%Y%m%d%H%M%S" type:"GenFile"} udp:{host:"192.168.157.6" port:30000 threshold:"DEBUG" type:"UDP"}}
%MSG
%MSG-i configureMessageFacility:  DAQ 26-Mar-2019 12:01:38 CDT Booted configureMessageFacility.cc:286
Message Facility Application CorePropertySupervisorBase configured with: debugModules:["*"] destinations:{file:{append:false directory:"/home/mu2edaq/sync_demo/ots/srcs/otsdaq_mu2e/Data/Logs/CorePropertySupervisorBase" pattern:"CorePropertySupervisorBase-%?H%t-%p.log" seperator:"-" threshold:"DEBUG" timestamp_pattern:"%Y%m%d%H%M%S" type:"GenFile"} udp:{host:"192.168.157.6" port:30000 threshold:"DEBUG" type:"UDP"}}
%MSG
%MSG-i configureMessageFacility:  DAQ 26-Mar-2019 12:01:39 CDT Booted configureMessageFacility.cc:286
Message Facility Application RunControlStateMachine configured with: debugModules:["*"] destinations:{file:{append:false directory:"/home/mu2edaq/sync_demo/ots/srcs/otsdaq_mu2e/Data/Logs/RunControlStateMachine" pattern:"RunControlStateMachine-%?H%t-%p.log" seperator:"-" threshold:"DEBUG" timestamp_pattern:"%Y%m%d%H%M%S" type:"GenFile"} udp:{host:"192.168.157.6" port:30000 threshold:"DEBUG" type:"UDP"}}
%MSG
%MSG-i configureMessageFacility:  DAQ 26-Mar-2019 12:01:39 CDT Booted configureMessageFacility.cc:286
Message Facility Application CoreSupervisorBase configured with: debugModules:["*"] destinations:{file:{append:false directory:"/home/mu2edaq/sync_demo/ots/srcs/otsdaq_mu2e/Data/Logs/CoreSupervisorBase" pattern:"CoreSupervisorBase-%?H%t-%p.log" seperator:"-" threshold:"DEBUG" timestamp_pattern:"%Y%m%d%H%M%S" type:"GenFile"} udp:{host:"192.168.157.6" port:30000 threshold:"DEBUG" type:"UDP"}}
%MSG
%MSG-i configureMessageFacility:  DAQ 26-Mar-2019 12:01:39 CDT Booted configureMessageFacility.cc:286
Message Facility Application ChatSupervisor configured with: debugModules:["*"] destinations:{file:{append:false directory:"/home/mu2edaq/sync_demo/ots/srcs/otsdaq_mu2e/Data/Logs/ChatSupervisor" pattern:"ChatSupervisor-%?H%t-%p.log" seperator:"-" threshold:"DEBUG" timestamp_pattern:"%Y%m%d%H%M%S" type:"GenFile"} udp:{host:"192.168.157.6" port:30000 threshold:"DEBUG" type:"UDP"}}
%MSG
%MSG-i configureMessageFacility:  DAQ 26-Mar-2019 12:01:40 CDT Booted configureMessageFacility.cc:286
Message Facility Application CorePropertySupervisorBase configured with: debugModules:["*"] destinations:{file:{append:false directory:"/home/mu2edaq/sync_demo/ots/srcs/otsdaq_mu2e/Data/Logs/CorePropertySupervisorBase" pattern:"CorePropertySupervisorBase-%?H%t-%p.log" seperator:"-" threshold:"DEBUG" timestamp_pattern:"%Y%m%d%H%M%S" type:"GenFile"} udp:{host:"192.168.157.6" port:30000 threshold:"DEBUG" type:"UDP"}}
%MSG
%MSG-i configureMessageFacility:  DAQ 26-Mar-2019 12:01:41 CDT Booted configureMessageFacility.cc:286
Message Facility Application RunControlStateMachine configured with: debugModules:["*"] destinations:{file:{append:false directory:"/home/mu2edaq/sync_demo/ots/srcs/otsdaq_mu2e/Data/Logs/RunControlStateMachine" pattern:"RunControlStateMachine-%?H%t-%p.log" seperator:"-" threshold:"DEBUG" timestamp_pattern:"%Y%m%d%H%M%S" type:"GenFile"} udp:{host:"192.168.157.6" port:30000 threshold:"DEBUG" type:"UDP"}}
%MSG
%MSG-i configureMessageFacility:  DAQ 26-Mar-2019 12:01:41 CDT Booted configureMessageFacility.cc:286
Message Facility Application CoreSupervisorBase configured with: debugModules:["*"] destinations:{file:{append:false directory:"/home/mu2edaq/sync_demo/ots/srcs/otsdaq_mu2e/Data/Logs/CoreSupervisorBase" pattern:"CoreSupervisorBase-%?H%t-%p.log" seperator:"-" threshold:"DEBUG" timestamp_pattern:"%Y%m%d%H%M%S" type:"GenFile"} udp:{host:"192.168.157.6" port:30000 threshold:"DEBUG" type:"UDP"}}
%MSG
%MSG-i configureMessageFacility:  DAQ 26-Mar-2019 12:01:41 CDT Booted configureMessageFacility.cc:286
Message Facility Application ConsoleSupervisor configured with: debugModules:["*"] destinations:{file:{append:false directory:"/home/mu2edaq/sync_demo/ots/srcs/otsdaq_mu2e/Data/Logs/ConsoleSupervisor" pattern:"ConsoleSupervisor-%?H%t-%p.log" seperator:"-" threshold:"DEBUG" timestamp_pattern:"%Y%m%d%H%M%S" type:"GenFile"} udp:{host:"192.168.157.6" port:30000 threshold:"DEBUG" type:"UDP"}}
%MSG
%MSG-i Console:  Early 26-Mar-2019 12:01:42 CDT pre-events ConsoleSupervisor.cc:171
otsdaq_utilities/otsdaq-utilities/Console/ConsoleSupervisor.cc [171]	INFO messages look like this.
%MSG
%MSG-w Console:  Early 26-Mar-2019 12:01:42 CDT pre-events ConsoleSupervisor.cc:172
otsdaq_utilities/otsdaq-utilities/Console/ConsoleSupervisor.cc [172]	WARNING messages look like this.
%MSG
%MSG-e Console:  Early 26-Mar-2019 12:01:42 CDT pre-events ConsoleSupervisor.cc:173
otsdaq_utilities/otsdaq-utilities/Console/ConsoleSupervisor.cc [173]	ERROR messages look like this.
%MSG
%MSG-i configureMessageFacility:  DAQ 26-Mar-2019 12:01:42 CDT Booted configureMessageFacility.cc:286
Message Facility Application CorePropertySupervisorBase configured with: debugModules:["*"] destinations:{file:{append:false directory:"/home/mu2edaq/sync_demo/ots/srcs/otsdaq_mu2e/Data/Logs/CorePropertySupervisorBase" pattern:"CorePropertySupervisorBase-%?H%t-%p.log" seperator:"-" threshold:"DEBUG" timestamp_pattern:"%Y%m%d%H%M%S" type:"GenFile"} udp:{host:"192.168.157.6" port:30000 threshold:"DEBUG" type:"UDP"}}
%MSG
%MSG-i configureMessageFacility:  DAQ 26-Mar-2019 12:01:43 CDT Booted configureMessageFacility.cc:286
Message Facility Application RunControlStateMachine configured with: debugModules:["*"] destinations:{file:{append:false directory:"/home/mu2edaq/sync_demo/ots/srcs/otsdaq_mu2e/Data/Logs/RunControlStateMachine" pattern:"RunControlStateMachine-%?H%t-%p.log" seperator:"-" threshold:"DEBUG" timestamp_pattern:"%Y%m%d%H%M%S" type:"GenFile"} udp:{host:"192.168.157.6" port:30000 threshold:"DEBUG" type:"UDP"}}
%MSG
%MSG-i configureMessageFacility:  DAQ 26-Mar-2019 12:01:43 CDT Booted configureMessageFacility.cc:286
Message Facility Application CoreSupervisorBase configured with: debugModules:["*"] destinations:{file:{append:false directory:"/home/mu2edaq/sync_demo/ots/srcs/otsdaq_mu2e/Data/Logs/CoreSupervisorBase" pattern:"CoreSupervisorBase-%?H%t-%p.log" seperator:"-" threshold:"DEBUG" timestamp_pattern:"%Y%m%d%H%M%S" type:"GenFile"} udp:{host:"192.168.157.6" port:30000 threshold:"DEBUG" type:"UDP"}}
%MSG
%MSG-i configureMessageFacility:  DAQ 26-Mar-2019 12:01:43 CDT Booted configureMessageFacility.cc:286
Message Facility Application LogbookSupervisor configured with: debugModules:["*"] destinations:{file:{append:false directory:"/home/mu2edaq/sync_demo/ots/srcs/otsdaq_mu2e/Data/Logs/LogbookSupervisor" pattern:"LogbookSupervisor-%?H%t-%p.log" seperator:"-" threshold:"DEBUG" timestamp_pattern:"%Y%m%d%H%M%S" type:"GenFile"} udp:{host:"192.168.157.6" port:30000 threshold:"DEBUG" type:"UDP"}}
%MSG
%MSG-i configureMessageFacility:  DAQ 26-Mar-2019 12:01:44 CDT Booted configureMessageFacility.cc:286
Message Facility Application CorePropertySupervisorBase configured with: debugModules:["*"] destinations:{file:{append:false directory:"/home/mu2edaq/sync_demo/ots/srcs/otsdaq_mu2e/Data/Logs/CorePropertySupervisorBase" pattern:"CorePropertySupervisorBase-%?H%t-%p.log" seperator:"-" threshold:"DEBUG" timestamp_pattern:"%Y%m%d%H%M%S" type:"GenFile"} udp:{host:"192.168.157.6" port:30000 threshold:"DEBUG" type:"UDP"}}
%MSG
%MSG-i configureMessageFacility:  DAQ 26-Mar-2019 12:01:45 CDT Booted configureMessageFacility.cc:286
Message Facility Application RunControlStateMachine configured with: debugModules:["*"] destinations:{file:{append:false directory:"/home/mu2edaq/sync_demo/ots/srcs/otsdaq_mu2e/Data/Logs/RunControlStateMachine" pattern:"RunControlStateMachine-%?H%t-%p.log" seperator:"-" threshold:"DEBUG" timestamp_pattern:"%Y%m%d%H%M%S" type:"GenFile"} udp:{host:"192.168.157.6" port:30000 threshold:"DEBUG" type:"UDP"}}
%MSG
%MSG-i configureMessageFacility:  DAQ 26-Mar-2019 12:01:45 CDT Booted configureMessageFacility.cc:286
Message Facility Application CoreSupervisorBase configured with: debugModules:["*"] destinations:{file:{append:false directory:"/home/mu2edaq/sync_demo/ots/srcs/otsdaq_mu2e/Data/Logs/CoreSupervisorBase" pattern:"CoreSupervisorBase-%?H%t-%p.log" seperator:"-" threshold:"DEBUG" timestamp_pattern:"%Y%m%d%H%M%S" type:"GenFile"} udp:{host:"192.168.157.6" port:30000 threshold:"DEBUG" type:"UDP"}}
%MSG
%MSG-i configureMessageFacility:  DAQ 26-Mar-2019 12:01:45 CDT Booted configureMessageFacility.cc:286
Message Facility Application ConfigurationGUI configured with: debugModules:["*"] destinations:{file:{append:false directory:"/home/mu2edaq/sync_demo/ots/srcs/otsdaq_mu2e/Data/Logs/ConfigurationGUI" pattern:"ConfigurationGUI-%?H%t-%p.log" seperator:"-" threshold:"DEBUG" timestamp_pattern:"%Y%m%d%H%M%S" type:"GenFile"} udp:{host:"192.168.157.6" port:30000 threshold:"DEBUG" type:"UDP"}}
%MSG
%MSG-i configureMessageFacility:  DAQ 26-Mar-2019 12:01:47 CDT Booted configureMessageFacility.cc:286
Message Facility Application CorePropertySupervisorBase configured with: debugModules:["*"] destinations:{file:{append:false directory:"/home/mu2edaq/sync_demo/ots/srcs/otsdaq_mu2e/Data/Logs/CorePropertySupervisorBase" pattern:"CorePropertySupervisorBase-%?H%t-%p.log" seperator:"-" threshold:"DEBUG" timestamp_pattern:"%Y%m%d%H%M%S" type:"GenFile"} udp:{host:"192.168.157.6" port:30000 threshold:"DEBUG" type:"UDP"}}
%MSG
%MSG-i configureMessageFacility:  DAQ 26-Mar-2019 12:01:48 CDT Booted configureMessageFacility.cc:286
Message Facility Application RunControlStateMachine configured with: debugModules:["*"] destinations:{file:{append:false directory:"/home/mu2edaq/sync_demo/ots/srcs/otsdaq_mu2e/Data/Logs/RunControlStateMachine" pattern:"RunControlStateMachine-%?H%t-%p.log" seperator:"-" threshold:"DEBUG" timestamp_pattern:"%Y%m%d%H%M%S" type:"GenFile"} udp:{host:"192.168.157.6" port:30000 threshold:"DEBUG" type:"UDP"}}
%MSG
%MSG-i configureMessageFacility:  DAQ 26-Mar-2019 12:01:48 CDT Booted configureMessageFacility.cc:286
Message Facility Application CoreSupervisorBase configured with: debugModules:["*"] destinations:{file:{append:false directory:"/home/mu2edaq/sync_demo/ots/srcs/otsdaq_mu2e/Data/Logs/CoreSupervisorBase" pattern:"CoreSupervisorBase-%?H%t-%p.log" seperator:"-" threshold:"DEBUG" timestamp_pattern:"%Y%m%d%H%M%S" type:"GenFile"} udp:{host:"192.168.157.6" port:30000 threshold:"DEBUG" type:"UDP"}}
%MSG
%MSG-i configureMessageFacility:  DAQ 26-Mar-2019 12:01:48 CDT Booted configureMessageFacility.cc:286
Message Facility Application MacroMaker configured with: debugModules:["*"] destinations:{file:{append:false directory:"/home/mu2edaq/sync_demo/ots/srcs/otsdaq_mu2e/Data/Logs/MacroMaker" pattern:"MacroMaker-%?H%t-%p.log" seperator:"-" threshold:"DEBUG" timestamp_pattern:"%Y%m%d%H%M%S" type:"GenFile"} udp:{host:"192.168.157.6" port:30000 threshold:"DEBUG" type:"UDP"}}
%MSG
%MSG-i configureMessageFacility:  DAQ 26-Mar-2019 12:01:49 CDT Booted configureMessageFacility.cc:286
Message Facility Application CorePropertySupervisorBase configured with: debugModules:["*"] destinations:{file:{append:false directory:"/home/mu2edaq/sync_demo/ots/srcs/otsdaq_mu2e/Data/Logs/CorePropertySupervisorBase" pattern:"CorePropertySupervisorBase-%?H%t-%p.log" seperator:"-" threshold:"DEBUG" timestamp_pattern:"%Y%m%d%H%M%S" type:"GenFile"} udp:{host:"192.168.157.6" port:30000 threshold:"DEBUG" type:"UDP"}}
%MSG
%MSG-i configureMessageFacility:  DAQ 26-Mar-2019 12:01:50 CDT Booted configureMessageFacility.cc:286
Message Facility Application RunControlStateMachine configured with: debugModules:["*"] destinations:{file:{append:false directory:"/home/mu2edaq/sync_demo/ots/srcs/otsdaq_mu2e/Data/Logs/RunControlStateMachine" pattern:"RunControlStateMachine-%?H%t-%p.log" seperator:"-" threshold:"DEBUG" timestamp_pattern:"%Y%m%d%H%M%S" type:"GenFile"} udp:{host:"192.168.157.6" port:30000 threshold:"DEBUG" type:"UDP"}}
%MSG
%MSG-i configureMessageFacility:  DAQ 26-Mar-2019 12:01:50 CDT Booted configureMessageFacility.cc:286
Message Facility Application CoreSupervisorBase configured with: debugModules:["*"] destinations:{file:{append:false directory:"/home/mu2edaq/sync_demo/ots/srcs/otsdaq_mu2e/Data/Logs/CoreSupervisorBase" pattern:"CoreSupervisorBase-%?H%t-%p.log" seperator:"-" threshold:"DEBUG" timestamp_pattern:"%Y%m%d%H%M%S" type:"GenFile"} udp:{host:"192.168.157.6" port:30000 threshold:"DEBUG" type:"UDP"}}
%MSG
%MSG-i ConfigurationManagerRW:  Early 26-Mar-2019 12:02:34 CDT pre-events ConfigurationManagerRW.cc:497
otsdaq/otsdaq-core/ConfigurationInterface/ConfigurationManagerRW.cc [497]	Updating persistent active groups to /home/mu2edaq/sync_demo/ots/srcs/otsdaq_mu2e/Data/ServiceData/ActiveTableGroups.cfg ...
%MSG
%MSG-i ConfigurationManagerRW:  Early 26-Mar-2019 12:02:35 CDT pre-events ConfigurationManagerRW.cc:517
otsdaq/otsdaq-core/ConfigurationInterface/ConfigurationManagerRW.cc [517]	Active Context table group: testContext(59)
%MSG
%MSG-i ConfigurationManagerRW:  Early 26-Mar-2019 12:02:35 CDT pre-events ConfigurationManagerRW.cc:523
otsdaq/otsdaq-core/ConfigurationInterface/ConfigurationManagerRW.cc [523]	Active Backbone table group: TableEditWizBackbone(100)
%MSG
%MSG-i ConfigurationManagerRW:  Early 26-Mar-2019 12:02:35 CDT pre-events ConfigurationManagerRW.cc:529
otsdaq/otsdaq-core/ConfigurationInterface/ConfigurationManagerRW.cc [529]	Active Iterate table group: (-1)
%MSG
%MSG-i ConfigurationManagerRW:  Early 26-Mar-2019 12:02:35 CDT pre-events ConfigurationManagerRW.cc:535
otsdaq/otsdaq-core/ConfigurationInterface/ConfigurationManagerRW.cc [535]	Active Configuration table group: defaultConfig(144)
%MSG
%MSG-i ConfigurationManagerRW:  Early 26-Mar-2019 12:19:03 CDT pre-events ConfigurationManagerRW.cc:497
otsdaq/otsdaq-core/ConfigurationInterface/ConfigurationManagerRW.cc [497]	Updating persistent active groups to /home/mu2edaq/sync_demo/ots/srcs/otsdaq_mu2e/Data/ServiceData/ActiveTableGroups.cfg ...
%MSG
%MSG-i ConfigurationManagerRW:  Early 26-Mar-2019 12:19:03 CDT pre-events ConfigurationManagerRW.cc:517
otsdaq/otsdaq-core/ConfigurationInterface/ConfigurationManagerRW.cc [517]	Active Context table group: testContext(59)
%MSG
%MSG-i ConfigurationManagerRW:  Early 26-Mar-2019 12:19:03 CDT pre-events ConfigurationManagerRW.cc:523
otsdaq/otsdaq-core/ConfigurationInterface/ConfigurationManagerRW.cc [523]	Active Backbone table group: TableEditWizBackbone(100)
%MSG
%MSG-i ConfigurationManagerRW:  Early 26-Mar-2019 12:19:03 CDT pre-events ConfigurationManagerRW.cc:529
otsdaq/otsdaq-core/ConfigurationInterface/ConfigurationManagerRW.cc [529]	Active Iterate table group: (-1)
%MSG
%MSG-i ConfigurationManagerRW:  Early 26-Mar-2019 12:19:03 CDT pre-events ConfigurationManagerRW.cc:535
otsdaq/otsdaq-core/ConfigurationInterface/ConfigurationManagerRW.cc [535]	Active Configuration table group: defaultConfig(144)
%MSG
%MSG-e GatewaySupervisor:  Early 26-Mar-2019 12:19:39 CDT pre-events GatewaySupervisor.cc:1793
otsdaq/otsdaq-core/GatewaySupervisor/GatewaySupervisor.cc [1793]	:GatewaySupervisor:otsdaq/otsdaq-core/GatewaySupervisor/GatewaySupervisor.cc [1786]	Error! Gateway Supervisor can NOT Configure Supervisor instance = 'FESupervisorDTC0' [LID=311] in Context 'ContextDTC0' [URL=http://mu2edaq05.fnal.gov:2017].

Fault
%MSG
%MSG-e GatewaySupervisor:  Early 26-Mar-2019 12:19:39 CDT pre-events GatewaySupervisor.cc:1827
otsdaq/otsdaq-core/GatewaySupervisor/GatewaySupervisor.cc [1827]	:GatewaySupervisor:otsdaq/otsdaq-core/GatewaySupervisor/GatewaySupervisor.cc [1820]	Received error from Supervisor instance = 'FESupervisorDTC0' [LID=311] in Context 'ContextDTC0' [URL=http://mu2edaq05.fnal.gov:2017].

 Error Message = :FESupervisor:FESupervisorDTC0:otsdaq/otsdaq-core/CoreSupervisors/CoreSupervisorBase.cc [581]	Error was caught while configuring: :FE:DTCFrontEndInterface:DTC0:DTC0:otsdaq_mu2e/otsdaq-mu2e/FEInterfaces/DTCFrontEndInterface_interface.cc [1051]	Error caught: :FE:ROCPolarFireCoreInterface:DTC0_ROC0_PolarFire:DTC0_ROC0_PolarFire:otsdaq_mu2e/otsdaq-mu2e/FEInterfaces/ROCPolarFireCoreInterface_interface.cc [135]	Bad read not 4860! val = 65535


:FSM-FESupervisor:FESupervisorDTC0:otsdaq/otsdaq-core/FiniteStateMachine/RunControlStateMachine.cc [436]	Run Control Message Handling Failed: :FESupervisor:FESupervisorDTC0:otsdaq/otsdaq-core/CoreSupervisors/CoreSupervisorBase.cc [581]	Error was caught while configuring: :FE:DTCFrontEndInterface:DTC0:DTC0:otsdaq_mu2e/otsdaq-mu2e/FEInterfaces/DTCFrontEndInterface_interface.cc [1051]	Error caught: :FE:ROCPolarFireCoreInterface:DTC0_ROC0_PolarFire:DTC0_ROC0_PolarFire:otsdaq_mu2e/otsdaq-mu2e/FEInterfaces/ROCPolarFireCoreInterface_interface.cc [135]	Bad read not 4860! val = 65535


 :FESupervisor:FESupervisorDTC0:otsdaq/otsdaq-core/CoreSupervisors/CoreSupervisorBase.cc [581]	Error was caught while configuring: :FE:DTCFrontEndInterface:DTC0:DTC0:otsdaq_mu2e/otsdaq-mu2e/FEInterfaces/DTCFrontEndInterface_interface.cc [1051]	Error caught: :FE:ROCPolarFireCoreInterface:DTC0_ROC0_PolarFire:DTC0_ROC0_PolarFire:otsdaq_mu2e/otsdaq-mu2e/FEInterfaces/ROCPolarFireCoreInterface_interface.cc [135]	Bad read not 4860! val = 65535
%MSG
%MSG-e GatewaySupervisor:  Early 26-Mar-2019 12:19:40 CDT pre-events GatewaySupervisor.cc:830
otsdaq/otsdaq-core/GatewaySupervisor/GatewaySupervisor.cc [830]	:GatewaySupervisor:otsdaq/otsdaq-core/GatewaySupervisor/GatewaySupervisor.cc [827]	Failure to send Workloop transition command 'Configure!' An error response 'Fault' was received.
%MSG
%MSG-i ConfigurationManagerRW:  Early 26-Mar-2019 12:34:38 CDT pre-events ConfigurationManagerRW.cc:497
otsdaq/otsdaq-core/ConfigurationInterface/ConfigurationManagerRW.cc [497]	Updating persistent active groups to /home/mu2edaq/sync_demo/ots/srcs/otsdaq_mu2e/Data/ServiceData/ActiveTableGroups.cfg ...
%MSG
%MSG-i ConfigurationManagerRW:  Early 26-Mar-2019 12:34:38 CDT pre-events ConfigurationManagerRW.cc:517
otsdaq/otsdaq-core/ConfigurationInterface/ConfigurationManagerRW.cc [517]	Active Context table group: testContext(59)
%MSG
%MSG-i ConfigurationManagerRW:  Early 26-Mar-2019 12:34:38 CDT pre-events ConfigurationManagerRW.cc:523
otsdaq/otsdaq-core/ConfigurationInterface/ConfigurationManagerRW.cc [523]	Active Backbone table group: TableEditWizBackbone(100)
%MSG
%MSG-i ConfigurationManagerRW:  Early 26-Mar-2019 12:34:38 CDT pre-events ConfigurationManagerRW.cc:529
otsdaq/otsdaq-core/ConfigurationInterface/ConfigurationManagerRW.cc [529]	Active Iterate table group: (-1)
%MSG
%MSG-i ConfigurationManagerRW:  Early 26-Mar-2019 12:34:38 CDT pre-events ConfigurationManagerRW.cc:535
otsdaq/otsdaq-core/ConfigurationInterface/ConfigurationManagerRW.cc [535]	Active Configuration table group: defaultConfig(144)
%MSG
%MSG-e GatewaySupervisor:  Early 26-Mar-2019 12:35:14 CDT pre-events GatewaySupervisor.cc:1793
otsdaq/otsdaq-core/GatewaySupervisor/GatewaySupervisor.cc [1793]	:GatewaySupervisor:otsdaq/otsdaq-core/GatewaySupervisor/GatewaySupervisor.cc [1786]	Error! Gateway Supervisor can NOT Configure Supervisor instance = 'FESupervisorDTC0' [LID=311] in Context 'ContextDTC0' [URL=http://mu2edaq05.fnal.gov:2017].

Fault
%MSG
%MSG-e GatewaySupervisor:  Early 26-Mar-2019 12:35:14 CDT pre-events GatewaySupervisor.cc:1827
otsdaq/otsdaq-core/GatewaySupervisor/GatewaySupervisor.cc [1827]	:GatewaySupervisor:otsdaq/otsdaq-core/GatewaySupervisor/GatewaySupervisor.cc [1820]	Received error from Supervisor instance = 'FESupervisorDTC0' [LID=311] in Context 'ContextDTC0' [URL=http://mu2edaq05.fnal.gov:2017].

 Error Message = :FESupervisor:FESupervisorDTC0:otsdaq/otsdaq-core/CoreSupervisors/CoreSupervisorBase.cc [581]	Error was caught while configuring: :FE:DTCFrontEndInterface:DTC0:DTC0:otsdaq_mu2e/otsdaq-mu2e/FEInterfaces/DTCFrontEndInterface_interface.cc [1051]	Error caught: :FE:ROCPolarFireCoreInterface:DTC0_ROC0_PolarFire:DTC0_ROC0_PolarFire:otsdaq_mu2e/otsdaq-mu2e/FEInterfaces/ROCPolarFireCoreInterface_interface.cc [135]	Bad read not 4860! val = 65535


:FSM-FESupervisor:FESupervisorDTC0:otsdaq/otsdaq-core/FiniteStateMachine/RunControlStateMachine.cc [436]	Run Control Message Handling Failed: :FESupervisor:FESupervisorDTC0:otsdaq/otsdaq-core/CoreSupervisors/CoreSupervisorBase.cc [581]	Error was caught while configuring: :FE:DTCFrontEndInterface:DTC0:DTC0:otsdaq_mu2e/otsdaq-mu2e/FEInterfaces/DTCFrontEndInterface_interface.cc [1051]	Error caught: :FE:ROCPolarFireCoreInterface:DTC0_ROC0_PolarFire:DTC0_ROC0_PolarFire:otsdaq_mu2e/otsdaq-mu2e/FEInterfaces/ROCPolarFireCoreInterface_interface.cc [135]	Bad read not 4860! val = 65535


 :FESupervisor:FESupervisorDTC0:otsdaq/otsdaq-core/CoreSupervisors/CoreSupervisorBase.cc [581]	Error was caught while configuring: :FE:DTCFrontEndInterface:DTC0:DTC0:otsdaq_mu2e/otsdaq-mu2e/FEInterfaces/DTCFrontEndInterface_interface.cc [1051]	Error caught: :FE:ROCPolarFireCoreInterface:DTC0_ROC0_PolarFire:DTC0_ROC0_PolarFire:otsdaq_mu2e/otsdaq-mu2e/FEInterfaces/ROCPolarFireCoreInterface_interface.cc [135]	Bad read not 4860! val = 65535
%MSG
%MSG-e GatewaySupervisor:  Early 26-Mar-2019 12:35:15 CDT pre-events GatewaySupervisor.cc:830
otsdaq/otsdaq-core/GatewaySupervisor/GatewaySupervisor.cc [830]	:GatewaySupervisor:otsdaq/otsdaq-core/GatewaySupervisor/GatewaySupervisor.cc [827]	Failure to send Workloop transition command 'Configure!' An error response 'Fault' was received.
%MSG
%MSG-i ConfigurationManagerRW:  Early 26-Mar-2019 14:34:38 CDT pre-events ConfigurationManagerRW.cc:497
otsdaq/otsdaq-core/ConfigurationInterface/ConfigurationManagerRW.cc [497]	Updating persistent active groups to /home/mu2edaq/sync_demo/ots/srcs/otsdaq_mu2e/Data/ServiceData/ActiveTableGroups.cfg ...
%MSG
%MSG-i ConfigurationManagerRW:  Early 26-Mar-2019 14:34:38 CDT pre-events ConfigurationManagerRW.cc:517
otsdaq/otsdaq-core/ConfigurationInterface/ConfigurationManagerRW.cc [517]	Active Context table group: testContext(59)
%MSG
%MSG-i ConfigurationManagerRW:  Early 26-Mar-2019 14:34:38 CDT pre-events ConfigurationManagerRW.cc:523
otsdaq/otsdaq-core/ConfigurationInterface/ConfigurationManagerRW.cc [523]	Active Backbone table group: TableEditWizBackbone(100)
%MSG
%MSG-i ConfigurationManagerRW:  Early 26-Mar-2019 14:34:38 CDT pre-events ConfigurationManagerRW.cc:529
otsdaq/otsdaq-core/ConfigurationInterface/ConfigurationManagerRW.cc [529]	Active Iterate table group: (-1)
%MSG
%MSG-i ConfigurationManagerRW:  Early 26-Mar-2019 14:34:38 CDT pre-events ConfigurationManagerRW.cc:535
otsdaq/otsdaq-core/ConfigurationInterface/ConfigurationManagerRW.cc [535]	Active Configuration table group: defaultConfig(144)
%MSG
%MSG-e ConfigurationGUISupervisor-ConfigurationGUISupervisor:  Early  26-Mar-2019 15:45:03 CDT pre-events
otsdaq/otsdaq-core/CoreSupervisors/CoreSupervisorBase.cc [179]	'getTreeView' ERROR encountered: :ConfigurationGUISupervisor:ConfigurationGUISupervisor:otsdaq_utilities/otsdaq-utilities/ConfigurationGUI/ConfigurationGUISupervisor.cc [2705] Error detected generating XML tree!   :ConfigurationManager:otsdaq/otsdaq-core/ConfigurationInterface/ConfigurationManager.cc [1678]   Can not find configuration named &apos;FEInterfaceConfiguration&apos;    You need to load the configuration before it can be used. It probably is missing from the member list of the Table Group that was loaded.  You may need to enter wiz mode to remedy the situation, use the following:    StartOTS.sh --wiz
%MSG
%MSG-i ConfigurationManagerRW:  Early 26-Mar-2019 16:47:17 CDT pre-events ConfigurationManagerRW.cc:497
otsdaq/otsdaq-core/ConfigurationInterface/ConfigurationManagerRW.cc [497]	Updating persistent active groups to /home/mu2edaq/sync_demo/ots/srcs/otsdaq_mu2e/Data/ServiceData/ActiveTableGroups.cfg ...
%MSG
%MSG-i ConfigurationManagerRW:  Early 26-Mar-2019 16:47:17 CDT pre-events ConfigurationManagerRW.cc:517
otsdaq/otsdaq-core/ConfigurationInterface/ConfigurationManagerRW.cc [517]	Active Context table group: testContext(59)
%MSG
%MSG-i ConfigurationManagerRW:  Early 26-Mar-2019 16:47:17 CDT pre-events ConfigurationManagerRW.cc:523
otsdaq/otsdaq-core/ConfigurationInterface/ConfigurationManagerRW.cc [523]	Active Backbone table group: TableEditWizBackbone(100)
%MSG
%MSG-i ConfigurationManagerRW:  Early 26-Mar-2019 16:47:17 CDT pre-events ConfigurationManagerRW.cc:529
otsdaq/otsdaq-core/ConfigurationInterface/ConfigurationManagerRW.cc [529]	Active Iterate table group: (-1)
%MSG
%MSG-i ConfigurationManagerRW:  Early 26-Mar-2019 16:47:17 CDT pre-events ConfigurationManagerRW.cc:535
otsdaq/otsdaq-core/ConfigurationInterface/ConfigurationManagerRW.cc [535]	Active Configuration table group: defaultConfig(144)
%MSG
