%MSG-i configureMessageFacility:  Early 25-Mar-2019 14:02:54 CDT pre-events configureMessageFacility.cc:286
Message Facility Application CorePropertySupervisorBase configured with: debugModules:["*"] destinations:{file:{append:false directory:"/home/mu2edaq/sync_demo/ots/srcs/otsdaq_mu2e/Data/Logs/CorePropertySupervisorBase" pattern:"CorePropertySupervisorBase-%?H%t-%p.log" seperator:"-" threshold:"DEBUG" timestamp_pattern:"%Y%m%d%H%M%S" type:"GenFile"} udp:{host:"192.168.157.6" port:30000 threshold:"DEBUG" type:"UDP"}}
%MSG
%MSG-i _TCPConnect:  DAQ 25-Mar-2019 14:02:54 CDT Booted TCPConnect.cc:334
Resolving host 192.168.157.6, on port 30000
%MSG
%MSG-i _TCPConnect:  DAQ 25-Mar-2019 14:02:54 CDT Booted TCPConnect.cc:241
Resolving ip mu2edaq04.fnal.gov
%MSG
%MSG-i configureMessageFacility:  DAQ 25-Mar-2019 14:02:56 CDT Booted configureMessageFacility.cc:286
Message Facility Application RunControlStateMachine configured with: debugModules:["*"] destinations:{file:{append:false directory:"/home/mu2edaq/sync_demo/ots/srcs/otsdaq_mu2e/Data/Logs/RunControlStateMachine" pattern:"RunControlStateMachine-%?H%t-%p.log" seperator:"-" threshold:"DEBUG" timestamp_pattern:"%Y%m%d%H%M%S" type:"GenFile"} udp:{host:"192.168.157.6" port:30000 threshold:"DEBUG" type:"UDP"}}
%MSG
%MSG-i configureMessageFacility:  DAQ 25-Mar-2019 14:02:56 CDT Booted configureMessageFacility.cc:286
Message Facility Application CoreSupervisorBase configured with: debugModules:["*"] destinations:{file:{append:false directory:"/home/mu2edaq/sync_demo/ots/srcs/otsdaq_mu2e/Data/Logs/CoreSupervisorBase" pattern:"CoreSupervisorBase-%?H%t-%p.log" seperator:"-" threshold:"DEBUG" timestamp_pattern:"%Y%m%d%H%M%S" type:"GenFile"} udp:{host:"192.168.157.6" port:30000 threshold:"DEBUG" type:"UDP"}}
%MSG
%MSG-i CFOFrontEndInterface:  Early 25-Mar-2019 14:05:14 CDT pre-events
otsdaq_mu2e/otsdaq-mu2e/FEInterfaces/CFOFrontEndInterface_interface.cc [519]	Step 1: CFO do NOT reset clock...
%MSG
%MSG-i CFOFrontEndInterface:  Early 25-Mar-2019 14:05:14 CDT pre-events
otsdaq_mu2e/otsdaq-mu2e/FEInterfaces/CFOFrontEndInterface_interface.cc [527]	Step 3: CFO reset TX...
%MSG
%MSG-i CFOFrontEndInterface:  Early 25-Mar-2019 14:10:33 CDT pre-events
otsdaq_mu2e/otsdaq-mu2e/FEInterfaces/CFOFrontEndInterface_interface.cc [519]	Step 1: CFO do NOT reset clock...
%MSG
%MSG-i CFOFrontEndInterface:  Early 25-Mar-2019 14:10:33 CDT pre-events
otsdaq_mu2e/otsdaq-mu2e/FEInterfaces/CFOFrontEndInterface_interface.cc [527]	Step 3: CFO reset TX...
%MSG
%MSG-i CFOFrontEndInterface:  Early 25-Mar-2019 14:10:39 CDT pre-events
otsdaq_mu2e/otsdaq-mu2e/FEInterfaces/CFOFrontEndInterface_interface.cc [549]	Step 6: CFO enable Event start characters, SERDES Tx and Rx, and event window interval
%MSG
%MSG-i CFOFrontEndInterface:  Early 25-Mar-2019 14:10:42 CDT pre-events
otsdaq_mu2e/otsdaq-mu2e/FEInterfaces/CFOFrontEndInterface_interface.cc [573]	--------------
%MSG
%MSG-i CFOFrontEndInterface:  Early 25-Mar-2019 14:10:42 CDT pre-events
otsdaq_mu2e/otsdaq-mu2e/FEInterfaces/CFOFrontEndInterface_interface.cc [574]	CFO configured
%MSG
%MSG-i CFOFrontEndInterface:  Early 25-Mar-2019 14:10:42 CDT pre-events
otsdaq_mu2e/otsdaq-mu2e/FEInterfaces/CFOFrontEndInterface_interface.cc [579]	CFO links OK = 0x1
%MSG
%MSG-i CFOFrontEndInterface:  Early 25-Mar-2019 14:11:58 CDT pre-events
otsdaq_mu2e/otsdaq-mu2e/FEInterfaces/CFOFrontEndInterface_interface.cc [519]	Step 1: CFO do NOT reset clock...
%MSG
%MSG-i CFOFrontEndInterface:  Early 25-Mar-2019 14:11:58 CDT pre-events
otsdaq_mu2e/otsdaq-mu2e/FEInterfaces/CFOFrontEndInterface_interface.cc [527]	Step 3: CFO reset TX...
%MSG
%MSG-i CFOFrontEndInterface:  Early 25-Mar-2019 14:12:04 CDT pre-events
otsdaq_mu2e/otsdaq-mu2e/FEInterfaces/CFOFrontEndInterface_interface.cc [549]	Step 6: CFO enable Event start characters, SERDES Tx and Rx, and event window interval
%MSG
%MSG-i CFOFrontEndInterface:  Early 25-Mar-2019 14:12:07 CDT pre-events
otsdaq_mu2e/otsdaq-mu2e/FEInterfaces/CFOFrontEndInterface_interface.cc [573]	--------------
%MSG
%MSG-i CFOFrontEndInterface:  Early 25-Mar-2019 14:12:07 CDT pre-events
otsdaq_mu2e/otsdaq-mu2e/FEInterfaces/CFOFrontEndInterface_interface.cc [574]	CFO configured
%MSG
%MSG-i CFOFrontEndInterface:  Early 25-Mar-2019 14:12:07 CDT pre-events
otsdaq_mu2e/otsdaq-mu2e/FEInterfaces/CFOFrontEndInterface_interface.cc [579]	CFO links OK = 0x1
%MSG
%MSG-i CFOFrontEndInterface:  Early 25-Mar-2019 14:13:41 CDT pre-events
otsdaq_mu2e/otsdaq-mu2e/FEInterfaces/CFOFrontEndInterface_interface.cc [519]	Step 1: CFO do NOT reset clock...
%MSG
%MSG-i CFOFrontEndInterface:  Early 25-Mar-2019 14:14:12 CDT pre-events
otsdaq_mu2e/otsdaq-mu2e/FEInterfaces/CFOFrontEndInterface_interface.cc [527]	Step 3: CFO reset TX...
%MSG
%MSG-i CFOFrontEndInterface:  Early 25-Mar-2019 14:14:33 CDT pre-events
otsdaq_mu2e/otsdaq-mu2e/FEInterfaces/CFOFrontEndInterface_interface.cc [549]	Step 6: CFO enable Event start characters, SERDES Tx and Rx, and event window interval
%MSG
%MSG-i CFOFrontEndInterface:  Early 25-Mar-2019 14:14:36 CDT pre-events
otsdaq_mu2e/otsdaq-mu2e/FEInterfaces/CFOFrontEndInterface_interface.cc [573]	--------------
%MSG
%MSG-i CFOFrontEndInterface:  Early 25-Mar-2019 14:14:36 CDT pre-events
otsdaq_mu2e/otsdaq-mu2e/FEInterfaces/CFOFrontEndInterface_interface.cc [574]	CFO configured
%MSG
%MSG-i CFOFrontEndInterface:  Early 25-Mar-2019 14:14:36 CDT pre-events
otsdaq_mu2e/otsdaq-mu2e/FEInterfaces/CFOFrontEndInterface_interface.cc [579]	CFO links OK = 0x1
%MSG
%MSG-i CFOFrontEndInterface:  Early 25-Mar-2019 14:17:46 CDT pre-events
otsdaq_mu2e/otsdaq-mu2e/FEInterfaces/CFOFrontEndInterface_interface.cc [519]	Step 1: CFO do NOT reset clock...
%MSG
%MSG-i CFOFrontEndInterface:  Early 25-Mar-2019 14:18:17 CDT pre-events
otsdaq_mu2e/otsdaq-mu2e/FEInterfaces/CFOFrontEndInterface_interface.cc [527]	Step 3: CFO reset TX...
%MSG
%MSG-i CFOFrontEndInterface:  Early 25-Mar-2019 14:18:37 CDT pre-events
otsdaq_mu2e/otsdaq-mu2e/FEInterfaces/CFOFrontEndInterface_interface.cc [549]	Step 6: CFO enable Event start characters, SERDES Tx and Rx, and event window interval
%MSG
%MSG-i CFOFrontEndInterface:  Early 25-Mar-2019 14:18:40 CDT pre-events
otsdaq_mu2e/otsdaq-mu2e/FEInterfaces/CFOFrontEndInterface_interface.cc [573]	--------------
%MSG
%MSG-i CFOFrontEndInterface:  Early 25-Mar-2019 14:18:40 CDT pre-events
otsdaq_mu2e/otsdaq-mu2e/FEInterfaces/CFOFrontEndInterface_interface.cc [574]	CFO configured
%MSG
%MSG-i CFOFrontEndInterface:  Early 25-Mar-2019 14:18:40 CDT pre-events
otsdaq_mu2e/otsdaq-mu2e/FEInterfaces/CFOFrontEndInterface_interface.cc [579]	CFO links OK = 0x1
%MSG
%MSG-i CFOFrontEndInterface:  Early 25-Mar-2019 14:20:02 CDT pre-events
otsdaq_mu2e/otsdaq-mu2e/FEInterfaces/CFOFrontEndInterface_interface.cc [519]	Step 1: CFO do NOT reset clock...
%MSG
%MSG-i CFOFrontEndInterface:  Early 25-Mar-2019 14:20:33 CDT pre-events
otsdaq_mu2e/otsdaq-mu2e/FEInterfaces/CFOFrontEndInterface_interface.cc [527]	Step 3: CFO reset TX...
%MSG
%MSG-i CFOFrontEndInterface:  Early 25-Mar-2019 14:20:54 CDT pre-events
otsdaq_mu2e/otsdaq-mu2e/FEInterfaces/CFOFrontEndInterface_interface.cc [549]	Step 6: CFO enable Event start characters, SERDES Tx and Rx, and event window interval
%MSG
%MSG-i CFOFrontEndInterface:  Early 25-Mar-2019 14:20:57 CDT pre-events
otsdaq_mu2e/otsdaq-mu2e/FEInterfaces/CFOFrontEndInterface_interface.cc [573]	--------------
%MSG
%MSG-i CFOFrontEndInterface:  Early 25-Mar-2019 14:20:57 CDT pre-events
otsdaq_mu2e/otsdaq-mu2e/FEInterfaces/CFOFrontEndInterface_interface.cc [574]	CFO configured
%MSG
%MSG-i CFOFrontEndInterface:  Early 25-Mar-2019 14:20:57 CDT pre-events
otsdaq_mu2e/otsdaq-mu2e/FEInterfaces/CFOFrontEndInterface_interface.cc [579]	CFO links OK = 0x1
%MSG
%MSG-i CFOFrontEndInterface:  Early 25-Mar-2019 15:38:02 CDT pre-events
otsdaq_mu2e/otsdaq-mu2e/FEInterfaces/CFOFrontEndInterface_interface.cc [519]	Step 1: CFO do NOT reset clock...
%MSG
%MSG-i CFOFrontEndInterface:  Early 25-Mar-2019 15:38:33 CDT pre-events
otsdaq_mu2e/otsdaq-mu2e/FEInterfaces/CFOFrontEndInterface_interface.cc [527]	Step 3: CFO reset TX...
%MSG
%MSG-i CFOFrontEndInterface:  Early 25-Mar-2019 15:38:53 CDT pre-events
otsdaq_mu2e/otsdaq-mu2e/FEInterfaces/CFOFrontEndInterface_interface.cc [549]	Step 6: CFO enable Event start characters, SERDES Tx and Rx, and event window interval
%MSG
%MSG-i CFOFrontEndInterface:  Early 25-Mar-2019 15:38:56 CDT pre-events
otsdaq_mu2e/otsdaq-mu2e/FEInterfaces/CFOFrontEndInterface_interface.cc [573]	--------------
%MSG
%MSG-i CFOFrontEndInterface:  Early 25-Mar-2019 15:38:56 CDT pre-events
otsdaq_mu2e/otsdaq-mu2e/FEInterfaces/CFOFrontEndInterface_interface.cc [574]	CFO configured
%MSG
%MSG-i CFOFrontEndInterface:  Early 25-Mar-2019 15:38:56 CDT pre-events
otsdaq_mu2e/otsdaq-mu2e/FEInterfaces/CFOFrontEndInterface_interface.cc [579]	CFO links OK = 0x1
%MSG
%MSG-i CFOFrontEndInterface:  Early 25-Mar-2019 15:39:08 CDT pre-events
otsdaq_mu2e/otsdaq-mu2e/FEInterfaces/CFOFrontEndInterface_interface.cc [723]	 Looping back DTC0 ROC0
%MSG
%MSG-i CFOFrontEndInterface:  Early 25-Mar-2019 15:39:41 CDT pre-events
otsdaq_mu2e/otsdaq-mu2e/FEInterfaces/CFOFrontEndInterface_interface.cc [519]	Step 1: CFO do NOT reset clock...
%MSG
%MSG-i CFOFrontEndInterface:  Early 25-Mar-2019 15:40:11 CDT pre-events
otsdaq_mu2e/otsdaq-mu2e/FEInterfaces/CFOFrontEndInterface_interface.cc [527]	Step 3: CFO reset TX...
%MSG
%MSG-i CFOFrontEndInterface:  Early 25-Mar-2019 15:40:33 CDT pre-events
otsdaq_mu2e/otsdaq-mu2e/FEInterfaces/CFOFrontEndInterface_interface.cc [549]	Step 6: CFO enable Event start characters, SERDES Tx and Rx, and event window interval
%MSG
%MSG-i CFOFrontEndInterface:  Early 25-Mar-2019 15:40:36 CDT pre-events
otsdaq_mu2e/otsdaq-mu2e/FEInterfaces/CFOFrontEndInterface_interface.cc [573]	--------------
%MSG
%MSG-i CFOFrontEndInterface:  Early 25-Mar-2019 15:40:36 CDT pre-events
otsdaq_mu2e/otsdaq-mu2e/FEInterfaces/CFOFrontEndInterface_interface.cc [574]	CFO configured
%MSG
%MSG-i CFOFrontEndInterface:  Early 25-Mar-2019 15:40:36 CDT pre-events
otsdaq_mu2e/otsdaq-mu2e/FEInterfaces/CFOFrontEndInterface_interface.cc [579]	CFO links OK = 0x1
%MSG
