%MSG-i configureMessageFacility:  Early 08-Mar-2019 15:18:45 CST pre-events configureMessageFacility.cc:286
Message Facility Application CorePropertySupervisorBase configured with: debugModules:["*"] destinations:{file:{append:false directory:"/home/mu2edaq/sync_demo/ots/srcs/otsdaq_mu2e/Data/Logs/CorePropertySupervisorBase" pattern:"CorePropertySupervisorBase-%?H%t-%p.log" seperator:"-" threshold:"DEBUG" timestamp_pattern:"%Y%m%d%H%M%S" type:"GenFile"} udp:{host:"192.168.157.6" port:30000 threshold:"DEBUG" type:"UDP"}}
%MSG
%MSG-i _TCPConnect:  DAQ 08-Mar-2019 15:18:45 CST Booted TCPConnect.cc:334
Resolving host 192.168.157.6, on port 30000
%MSG
%MSG-i _TCPConnect:  DAQ 08-Mar-2019 15:18:45 CST Booted TCPConnect.cc:241
Resolving ip mu2edaq06.fnal.gov
%MSG
%MSG-i configureMessageFacility:  DAQ 08-Mar-2019 15:18:46 CST Booted configureMessageFacility.cc:286
Message Facility Application RunControlStateMachine configured with: debugModules:["*"] destinations:{file:{append:false directory:"/home/mu2edaq/sync_demo/ots/srcs/otsdaq_mu2e/Data/Logs/RunControlStateMachine" pattern:"RunControlStateMachine-%?H%t-%p.log" seperator:"-" threshold:"DEBUG" timestamp_pattern:"%Y%m%d%H%M%S" type:"GenFile"} udp:{host:"192.168.157.6" port:30000 threshold:"DEBUG" type:"UDP"}}
%MSG
%MSG-i configureMessageFacility:  DAQ 08-Mar-2019 15:18:46 CST Booted configureMessageFacility.cc:286
Message Facility Application CoreSupervisorBase configured with: debugModules:["*"] destinations:{file:{append:false directory:"/home/mu2edaq/sync_demo/ots/srcs/otsdaq_mu2e/Data/Logs/CoreSupervisorBase" pattern:"CoreSupervisorBase-%?H%t-%p.log" seperator:"-" threshold:"DEBUG" timestamp_pattern:"%Y%m%d%H%M%S" type:"GenFile"} udp:{host:"192.168.157.6" port:30000 threshold:"DEBUG" type:"UDP"}}
%MSG
%MSG-i configureMessageFacility:  Early 08-Mar-2019 15:19:23 CST pre-events configureMessageFacility.cc:286
Message Facility Application ROCCoreVInterface configured with: debugModules:["*"] destinations:{file:{append:false directory:"/home/mu2edaq/sync_demo/ots/srcs/otsdaq_mu2e/Data/Logs/ROCCoreVInterface" pattern:"ROCCoreVInterface-%?H%t-%p.log" seperator:"-" threshold:"DEBUG" timestamp_pattern:"%Y%m%d%H%M%S" type:"GenFile"} udp:{host:"192.168.157.6" port:30000 threshold:"DEBUG" type:"UDP"}}
%MSG
%MSG-i FE-ROCCoreVInterface:  Early 08-Mar-2019 15:19:23 CST pre-events
otsdaq_mu2e/otsdaq-mu2e/ROCCore/ROCCoreVInterface.cc [28]	ROCCoreVInterface instantiated with link: 2 and EventWindowDelayOffset = 21
%MSG
%MSG-i configureMessageFacility:  Early 08-Mar-2019 15:19:23 CST pre-events configureMessageFacility.cc:286
Message Facility Application ROCStoppingTargetMonitorInterface configured with: debugModules:["*"] destinations:{file:{append:false directory:"/home/mu2edaq/sync_demo/ots/srcs/otsdaq_mu2e/Data/Logs/ROCStoppingTargetMonitorInterface" pattern:"ROCStoppingTargetMonitorInterface-%?H%t-%p.log" seperator:"-" threshold:"DEBUG" timestamp_pattern:"%Y%m%d%H%M%S" type:"GenFile"} udp:{host:"192.168.157.6" port:30000 threshold:"DEBUG" type:"UDP"}}
%MSG
%MSG-i FE-ROCStoppingTargetMonitorInterface:  Early 08-Mar-2019 15:19:23 CST  pre-events
otsdaq_mu2e_stm/otsdaq-mu2e-stm/FEInterfaces/ROCStoppingTargetMonitorInterface_interface.cc [21]	ROCStoppingTargetMonitorInterface instantiated with link: 2 and EventWindowDelayOffset = 21
%MSG
%MSG-e ots:  Early 08-Mar-2019 15:19:23 CST pre-events FEVInterfacesManager.cc:131
otsdaq/otsdaq-core/FECore/FEVInterfacesManager.cc [131]	:ots:FESupervisor2Config:otsdaq/otsdaq-core/FECore/FEVInterfacesManager.cc [125]	Failed to instantiate plugin named 'DTC1' of type 'DTCFrontEndInterface' due to the following error: 
:ConfigurationTree:otsdaq/otsdaq-core/ConfigurationInterface/ConfigurationTree.cc [1110]	

Error occurred descending from node 'DTC1_ROC2_STM0' in table 'ROCInterfaceTable' looking for child 'STMNumberParam1'


The original node search string was '.'
--- Additional error detail: 

:TableView-ROC_INTERFACE_TABLE:v38:otsdaq/otsdaq-core/TableCore/TableView.cc [1386]		In view: ROC_INTERFACE_TABLE, Can't find column named 'STMNumberParam1'
Existing columns:
	UID
	Status
	ROCGroupID
	ROCInterfacePluginName
	linkID
	EventWindowDelayOffset
	ROCTypeLinkTable
	ROCTypeLinkUID
	CommentDescription
	Author
	RecordInsertionTime

:ConfigurationTree:otsdaq/otsdaq-core/ConfigurationInterface/ConfigurationTree.cc [1148]	ConfigurationTree::nodeDump() =====================================
ConfigurationTree::nodeDump():
	Error occurred from node 'DTC1_ROC2_STM0'...
	Error occurred from node 'DTC1_ROC2_STM0' in table 'ROCInterfaceTable.'
	Here is the list of possible children (count = 9):
		Status
		ROCGroupID
		ROCInterfacePluginName
		linkID
		EventWindowDelayOffset
		ROCTypeLinkTable
		CommentDescription
		Author
		RecordInsertionTime


Here is the culprit table printout:

==============================================================================
Print: ROC_INTERFACE_TABLE Version: 38 Comment: add link to STMParametersTable Author: admin Creation Time: Fri Mar  8 11:29:37 2019

		Number of Cols 11
		Number of Rows 12
Columns:	0:UID:UID:UID:VARCHAR2	 1:Status:STATUS:OnOff:VARCHAR2	 2:ROCGroupID:ROC_GROUP_ID:GroupID-ROC:VARCHAR2	 3:ROCInterfacePluginName:ROC_INTERFACE_PLUGIN_NAME:FixedChoiceData:VARCHAR2	 4:linkID:LINK_ID:UniqueGroupData:NUMBER	 5:EventWindowDelayOffset:EVENT_WINDOW_DELAY_OFFSET:Data:NUMBER	 6:ROCTypeLinkTable:ROC_TYPE_LINK_TABLE:ChildLink-ROCParams:VARCHAR2	 7:ROCTypeLinkUID:ROC_TYPE_LINK_UID:ChildLinkUID-ROCParams:VARCHAR2	 8:CommentDescription:COMMENT_DESCRIPTION:Comment:VARCHAR2	 9:Author:AUTHOR:Author:VARCHAR2	 10:RecordInsertionTime:RECORD_INSERTION_TIME:Timestamp:TIMESTAMP WITH TIMEZONE	 
Rows:
0:	0:DTC0_ROC0_PolarFire		1:Off		2:DTC0ROCs		3:ChoiceIndex=2:ROCPolarFireCoreInterface		4:0		5:0		6:NO_LINK		7:DEFAULT		8:No Comment		9:admin		10:1551818128		
1:	0:DTC0_ROC1_PolarFire		1:Off		2:DTC0ROCs		3:ChoiceIndex=2:ROCPolarFireCoreInterface		4:1		5:10		6:NO_LINK		7:DEFAULT		8:No Comment		9:admin		10:1551803545		
2:	0:DTC0_ROC2_STM0		1:Off		2:DTC0ROCs		3:ChoiceIndex=7:ROCStoppingTargetMonitorInterface		4:2		5:20		6:STMParametersTable		7:STMPedanticParamSet0		8:No Comment		9:admin		10:1552066176		
3:	0:DTC0_ROC3_STM1		1:Off		2:DTC0ROCs		3:ChoiceIndex=7:ROCStoppingTargetMonitorInterface		4:3		5:30		6:STMParametersTable		7:STMPedanticParamSet1		8:No Comment		9:admin		10:1552066176		
4:	0:DTC0_ROC4_STM2		1:Off		2:DTC0ROCs		3:ChoiceIndex=7:ROCStoppingTargetMonitorInterface		4:4		5:40		6:STMParametersTable		7:STMPedanticParamSet2		8:No Comment		9:admin		10:1552066176		
5:	0:DTC0_ROC5_STM3		1:Off		2:DTC0ROCs		3:ChoiceIndex=7:ROCStoppingTargetMonitorInterface		4:5		5:50		6:STMParametersTable		7:STMPedanticParamSet3		8:No Comment		9:admin		10:1552066176		
6:	0:DTC1_ROC0_PolarFire		1:Off		2:DTC1ROCs		3:ChoiceIndex=2:ROCPolarFireCoreInterface		4:0		5:1		6:NO_LINK		7:DEFAULT		8:No Comment		9:admin		10:1551820779		
7:	0:DTC1_ROC1_PolarFire		1:Off		2:DTC1ROCs		3:ChoiceIndex=2:ROCPolarFireCoreInterface		4:1		5:11		6:NO_LINK		7:DEFAULT		8:No Comment		9:admin		10:1551820779		
8:	0:DTC1_ROC2_STM0		1:On		2:DTC1ROCs		3:ChoiceIndex=7:ROCStoppingTargetMonitorInterface		4:2		5:21		6:STMParametersTable		7:STMPedanticParamSet0		8:No Comment		9:admin		10:1552066176		
9:	0:DTC1_ROC3_STM1		1:On		2:DTC1ROCs		3:ChoiceIndex=7:ROCStoppingTargetMonitorInterface		4:3		5:31		6:STMParametersTable		7:STMPedanticParamSet1		8:No Comment		9:admin		10:1552066176		
10:	0:DTC1_ROC4_STM2		1:On		2:DTC1ROCs		3:ChoiceIndex=7:ROCStoppingTargetMonitorInterface		4:4		5:41		6:STMParametersTable		7:STMPedanticParamSet2		8:No Comment		9:admin		10:1552066176		
11:	0:DTC1_ROC5_STM3		1:On		2:DTC1ROCs		3:ChoiceIndex=7:ROCStoppingTargetMonitorInterface		4:5		5:51		6:STMParametersTable		7:STMPedanticParamSet3		8:No Comment		9:admin		10:1552066176		


:ots:otsdaq/otsdaq-core/Macros/StringMacros.cc [643]	ots::stackTrace:
[1] /home/mu2edaq/sync_demo/ots/build_slf7.x86_64/otsdaq/lib/libConfigurationInterface.so : ots::ConfigurationTree::nodeDump[abi:cxx11]() const+0x3cf [0x7f5721811b3f]
[2] /home/mu2edaq/sync_demo/ots/build_slf7.x86_64/otsdaq/lib/libConfigurationInterface.so : ots::ConfigurationTree::recursiveGetNode(std::__cxx11::basic_string<char, std::char_traits<char>, std::allocator<char> > const&, bool, std::__cxx11::basic_string<char, std::char_traits<char>, std::allocator<char> > const&) const+0x1011 [0x7f5721812cc1]
[3] /home/mu2edaq/sync_demo/ots/build_slf7.x86_64/otsdaq/lib/libConfigurationInterface.so : ots::ConfigurationTree::getNode(std::__cxx11::basic_string<char, std::char_traits<char>, std::allocator<char> > const&, bool) const+0x50 [0x7f57218145d0]
[4] /home/mu2edaq/sync_demo/ots/build_slf7.x86_64/otsdaq_mu2e_stm/lib/libotsdaq-mu2e-stm_FEInterfaces_ROCStoppingTargetMonitorInterface_interface.so : ots::ROCStoppingTargetMonitorInterface::ROCStoppingTargetMonitorInterface(std::__cxx11::basic_string<char, std::char_traits<char>, std::allocator<char> > const&, ots::ConfigurationTree const&, std::__cxx11::basic_string<char, std::char_traits<char>, std::allocator<char> > const&)+0x594 [0x7f56e48050a4]
[5] /home/mu2edaq/sync_demo/ots/build_slf7.x86_64/otsdaq_mu2e_stm/lib/libotsdaq-mu2e-stm_FEInterfaces_ROCStoppingTargetMonitorInterface_interface.so : make+0x3b [0x7f56e480551b]
[6] /home/mu2edaq/sync_demo/ots/build_slf7.x86_64/otsdaq/lib/libPluginMakers.so : ots::makeInterface(std::__cxx11::basic_string<char, std::char_traits<char>, std::allocator<char> > const&, std::__cxx11::basic_string<char, std::char_traits<char>, std::allocator<char> > const&, ots::ConfigurationTree const&, std::__cxx11::basic_string<char, std::char_traits<char>, std::allocator<char> > const&)+0x70 [0x7f5721599d70]
[7] /home/mu2edaq/sync_demo/ots/build_slf7.x86_64/otsdaq_mu2e/lib/libotsdaq-mu2e_FEInterfaces_DTCFrontEndInterface_interface.so : ots::DTCFrontEndInterface::createROCs()+0xaf7 [0x7f56ea14b527]
[8] /home/mu2edaq/sync_demo/ots/build_slf7.x86_64/otsdaq_mu2e/lib/libotsdaq-mu2e_FEInterfaces_DTCFrontEndInterface_interface.so : ots::DTCFrontEndInterface::DTCFrontEndInterface(std::__cxx11::basic_string<char, std::char_traits<char>, std::allocator<char> > const&, ots::ConfigurationTree const&, std::__cxx11::basic_string<char, std::char_traits<char>, std::allocator<char> > const&)+0x1447 [0x7f56ea150447]
[9] /home/mu2edaq/sync_demo/ots/build_slf7.x86_64/otsdaq_mu2e/lib/libotsdaq-mu2e_FEInterfaces_DTCFrontEndInterface_interface.so : make+0x3b [0x7f56ea150edb]


end ConfigurationTree::nodeDump() =====================================
%MSG
