%MSG-i configureMessageFacility:  Early 06-Mar-2019 14:28:48 CST pre-events configureMessageFacility.cc:286
Message Facility Application CorePropertySupervisorBase configured with: debugModules:["*"] destinations:{file:{append:false directory:"/home/mu2edaq/sync_demo/ots/srcs/otsdaq_mu2e/Data/Logs/CorePropertySupervisorBase" pattern:"CorePropertySupervisorBase-%?H%t-%p.log" seperator:"-" threshold:"DEBUG" timestamp_pattern:"%Y%m%d%H%M%S" type:"GenFile"} udp:{host:"127.0.0.1" port:30000 threshold:"DEBUG" type:"UDP"}}
%MSG
%MSG-i _TCPConnect:  DAQ 06-Mar-2019 14:28:48 CST Booted TCPConnect.cc:334
Resolving host 127.0.0.1, on port 30000
%MSG
%MSG-i _TCPConnect:  DAQ 06-Mar-2019 14:28:48 CST Booted TCPConnect.cc:241
Resolving ip mu2edaq06.fnal.gov
%MSG
%MSG-i configureMessageFacility:  DAQ 06-Mar-2019 14:28:48 CST Booted configureMessageFacility.cc:286
Message Facility Application RunControlStateMachine configured with: debugModules:["*"] destinations:{file:{append:false directory:"/home/mu2edaq/sync_demo/ots/srcs/otsdaq_mu2e/Data/Logs/RunControlStateMachine" pattern:"RunControlStateMachine-%?H%t-%p.log" seperator:"-" threshold:"DEBUG" timestamp_pattern:"%Y%m%d%H%M%S" type:"GenFile"} udp:{host:"127.0.0.1" port:30000 threshold:"DEBUG" type:"UDP"}}
%MSG
%MSG-i configureMessageFacility:  DAQ 06-Mar-2019 14:28:48 CST Booted configureMessageFacility.cc:286
Message Facility Application CoreSupervisorBase configured with: debugModules:["*"] destinations:{file:{append:false directory:"/home/mu2edaq/sync_demo/ots/srcs/otsdaq_mu2e/Data/Logs/CoreSupervisorBase" pattern:"CoreSupervisorBase-%?H%t-%p.log" seperator:"-" threshold:"DEBUG" timestamp_pattern:"%Y%m%d%H%M%S" type:"GenFile"} udp:{host:"127.0.0.1" port:30000 threshold:"DEBUG" type:"UDP"}}
%MSG
%MSG-i configureMessageFacility:  DAQ 06-Mar-2019 14:28:48 CST Booted configureMessageFacility.cc:286
Message Facility Application ConfigurationGUI configured with: debugModules:["*"] destinations:{file:{append:false directory:"/home/mu2edaq/sync_demo/ots/srcs/otsdaq_mu2e/Data/Logs/ConfigurationGUI" pattern:"ConfigurationGUI-%?H%t-%p.log" seperator:"-" threshold:"DEBUG" timestamp_pattern:"%Y%m%d%H%M%S" type:"GenFile"} udp:{host:"127.0.0.1" port:30000 threshold:"DEBUG" type:"UDP"}}
%MSG
%MSG-i configureMessageFacility:  DAQ 06-Mar-2019 14:28:48 CST Booted configureMessageFacility.cc:286
Message Facility Application OtsConfigurationWizard configured with: debugModules:["*"] destinations:{file:{append:false directory:"/home/mu2edaq/sync_demo/ots/srcs/otsdaq_mu2e/Data/Logs/OtsConfigurationWizard" pattern:"OtsConfigurationWizard-%?H%t-%p.log" seperator:"-" threshold:"DEBUG" timestamp_pattern:"%Y%m%d%H%M%S" type:"GenFile"} udp:{host:"127.0.0.1" port:30000 threshold:"DEBUG" type:"UDP"}}
%MSG
%MSG-i configureMessageFacility:  DAQ 06-Mar-2019 14:28:49 CST Booted configureMessageFacility.cc:286
Message Facility Application CorePropertySupervisorBase configured with: debugModules:["*"] destinations:{file:{append:false directory:"/home/mu2edaq/sync_demo/ots/srcs/otsdaq_mu2e/Data/Logs/CorePropertySupervisorBase" pattern:"CorePropertySupervisorBase-%?H%t-%p.log" seperator:"-" threshold:"DEBUG" timestamp_pattern:"%Y%m%d%H%M%S" type:"GenFile"} udp:{host:"127.0.0.1" port:30000 threshold:"DEBUG" type:"UDP"}}
%MSG
%MSG-i configureMessageFacility:  DAQ 06-Mar-2019 14:28:49 CST Booted configureMessageFacility.cc:286
Message Facility Application RunControlStateMachine configured with: debugModules:["*"] destinations:{file:{append:false directory:"/home/mu2edaq/sync_demo/ots/srcs/otsdaq_mu2e/Data/Logs/RunControlStateMachine" pattern:"RunControlStateMachine-%?H%t-%p.log" seperator:"-" threshold:"DEBUG" timestamp_pattern:"%Y%m%d%H%M%S" type:"GenFile"} udp:{host:"127.0.0.1" port:30000 threshold:"DEBUG" type:"UDP"}}
%MSG
%MSG-i configureMessageFacility:  DAQ 06-Mar-2019 14:28:49 CST Booted configureMessageFacility.cc:286
Message Facility Application CoreSupervisorBase configured with: debugModules:["*"] destinations:{file:{append:false directory:"/home/mu2edaq/sync_demo/ots/srcs/otsdaq_mu2e/Data/Logs/CoreSupervisorBase" pattern:"CoreSupervisorBase-%?H%t-%p.log" seperator:"-" threshold:"DEBUG" timestamp_pattern:"%Y%m%d%H%M%S" type:"GenFile"} udp:{host:"127.0.0.1" port:30000 threshold:"DEBUG" type:"UDP"}}
%MSG
%MSG-i configureMessageFacility:  DAQ 06-Mar-2019 14:28:49 CST Booted configureMessageFacility.cc:286
Message Facility Application ConsoleSupervisor configured with: debugModules:["*"] destinations:{file:{append:false directory:"/home/mu2edaq/sync_demo/ots/srcs/otsdaq_mu2e/Data/Logs/ConsoleSupervisor" pattern:"ConsoleSupervisor-%?H%t-%p.log" seperator:"-" threshold:"DEBUG" timestamp_pattern:"%Y%m%d%H%M%S" type:"GenFile"} udp:{host:"127.0.0.1" port:30000 threshold:"DEBUG" type:"UDP"}}
%MSG
%MSG-i Console:  Early 06-Mar-2019 14:28:49 CST pre-events ConsoleSupervisor.cc:171
otsdaq_utilities/otsdaq-utilities/Console/ConsoleSupervisor.cc [171]	INFO messages look like this.
%MSG
%MSG-w Console:  Early 06-Mar-2019 14:28:49 CST pre-events ConsoleSupervisor.cc:172
otsdaq_utilities/otsdaq-utilities/Console/ConsoleSupervisor.cc [172]	WARNING messages look like this.
%MSG
%MSG-e Console:  Early 06-Mar-2019 14:28:49 CST pre-events ConsoleSupervisor.cc:173
otsdaq_utilities/otsdaq-utilities/Console/ConsoleSupervisor.cc [173]	ERROR messages look like this.
%MSG
%MSG-i configureMessageFacility:  DAQ 06-Mar-2019 14:28:49 CST Booted configureMessageFacility.cc:286
Message Facility Application CorePropertySupervisorBase configured with: debugModules:["*"] destinations:{file:{append:false directory:"/home/mu2edaq/sync_demo/ots/srcs/otsdaq_mu2e/Data/Logs/CorePropertySupervisorBase" pattern:"CorePropertySupervisorBase-%?H%t-%p.log" seperator:"-" threshold:"DEBUG" timestamp_pattern:"%Y%m%d%H%M%S" type:"GenFile"} udp:{host:"127.0.0.1" port:30000 threshold:"DEBUG" type:"UDP"}}
%MSG
%MSG-i configureMessageFacility:  DAQ 06-Mar-2019 14:28:49 CST Booted configureMessageFacility.cc:286
Message Facility Application RunControlStateMachine configured with: debugModules:["*"] destinations:{file:{append:false directory:"/home/mu2edaq/sync_demo/ots/srcs/otsdaq_mu2e/Data/Logs/RunControlStateMachine" pattern:"RunControlStateMachine-%?H%t-%p.log" seperator:"-" threshold:"DEBUG" timestamp_pattern:"%Y%m%d%H%M%S" type:"GenFile"} udp:{host:"127.0.0.1" port:30000 threshold:"DEBUG" type:"UDP"}}
%MSG
%MSG-i configureMessageFacility:  DAQ 06-Mar-2019 14:28:49 CST Booted configureMessageFacility.cc:286
Message Facility Application CoreSupervisorBase configured with: debugModules:["*"] destinations:{file:{append:false directory:"/home/mu2edaq/sync_demo/ots/srcs/otsdaq_mu2e/Data/Logs/CoreSupervisorBase" pattern:"CoreSupervisorBase-%?H%t-%p.log" seperator:"-" threshold:"DEBUG" timestamp_pattern:"%Y%m%d%H%M%S" type:"GenFile"} udp:{host:"127.0.0.1" port:30000 threshold:"DEBUG" type:"UDP"}}
%MSG
%MSG-i ConfigurationManagerRW:  Early 06-Mar-2019 14:28:55 CST pre-events ConfigurationManagerRW.cc:495
otsdaq/otsdaq-core/ConfigurationInterface/ConfigurationManagerRW.cc [495]	Updating persistent active groups to /home/mu2edaq/sync_demo/ots/srcs/otsdaq_mu2e/Data/ServiceData/ActiveTableGroups.cfg ...
%MSG
%MSG-i ConfigurationManagerRW:  Early 06-Mar-2019 14:28:55 CST pre-events ConfigurationManagerRW.cc:515
otsdaq/otsdaq-core/ConfigurationInterface/ConfigurationManagerRW.cc [515]	Active Context table group: testContext(59)
%MSG
%MSG-i ConfigurationManagerRW:  Early 06-Mar-2019 14:28:55 CST pre-events ConfigurationManagerRW.cc:521
otsdaq/otsdaq-core/ConfigurationInterface/ConfigurationManagerRW.cc [521]	Active Backbone table group: GroupAliasTreeEditWizBackbone(70)
%MSG
%MSG-i ConfigurationManagerRW:  Early 06-Mar-2019 14:28:55 CST pre-events ConfigurationManagerRW.cc:527
otsdaq/otsdaq-core/ConfigurationInterface/ConfigurationManagerRW.cc [527]	Active Iterate table group: (-1)
%MSG
%MSG-i ConfigurationManagerRW:  Early 06-Mar-2019 14:28:55 CST pre-events ConfigurationManagerRW.cc:533
otsdaq/otsdaq-core/ConfigurationInterface/ConfigurationManagerRW.cc [533]	Active Configuration table group: defaultConfig(117)
%MSG
%MSG-i ConfigurationManagerRW:  Early 06-Mar-2019 14:29:00 CST pre-events ConfigurationManagerRW.cc:495
otsdaq/otsdaq-core/ConfigurationInterface/ConfigurationManagerRW.cc [495]	Updating persistent active groups to /home/mu2edaq/sync_demo/ots/srcs/otsdaq_mu2e/Data/ServiceData/ActiveTableGroups.cfg ...
%MSG
%MSG-i ConfigurationManagerRW:  Early 06-Mar-2019 14:29:00 CST pre-events ConfigurationManagerRW.cc:515
otsdaq/otsdaq-core/ConfigurationInterface/ConfigurationManagerRW.cc [515]	Active Context table group: testContext(59)
%MSG
%MSG-i ConfigurationManagerRW:  Early 06-Mar-2019 14:29:00 CST pre-events ConfigurationManagerRW.cc:521
otsdaq/otsdaq-core/ConfigurationInterface/ConfigurationManagerRW.cc [521]	Active Backbone table group: GroupAliasTreeEditWizBackbone(70)
%MSG
%MSG-i ConfigurationManagerRW:  Early 06-Mar-2019 14:29:00 CST pre-events ConfigurationManagerRW.cc:527
otsdaq/otsdaq-core/ConfigurationInterface/ConfigurationManagerRW.cc [527]	Active Iterate table group: (-1)
%MSG
%MSG-i ConfigurationManagerRW:  Early 06-Mar-2019 14:29:00 CST pre-events ConfigurationManagerRW.cc:533
otsdaq/otsdaq-core/ConfigurationInterface/ConfigurationManagerRW.cc [533]	Active Configuration table group: defaultConfig(120)
%MSG
%MSG-i ConfigurationManagerRW:  Early 06-Mar-2019 14:29:06 CST pre-events ConfigurationManagerRW.cc:495
otsdaq/otsdaq-core/ConfigurationInterface/ConfigurationManagerRW.cc [495]	Updating persistent active groups to /home/mu2edaq/sync_demo/ots/srcs/otsdaq_mu2e/Data/ServiceData/ActiveTableGroups.cfg ...
%MSG
%MSG-i ConfigurationManagerRW:  Early 06-Mar-2019 14:29:06 CST pre-events ConfigurationManagerRW.cc:515
otsdaq/otsdaq-core/ConfigurationInterface/ConfigurationManagerRW.cc [515]	Active Context table group: testContext(59)
%MSG
%MSG-i ConfigurationManagerRW:  Early 06-Mar-2019 14:29:06 CST pre-events ConfigurationManagerRW.cc:521
otsdaq/otsdaq-core/ConfigurationInterface/ConfigurationManagerRW.cc [521]	Active Backbone table group: GroupAliasWizBackbone(3)
%MSG
%MSG-i ConfigurationManagerRW:  Early 06-Mar-2019 14:29:06 CST pre-events ConfigurationManagerRW.cc:527
otsdaq/otsdaq-core/ConfigurationInterface/ConfigurationManagerRW.cc [527]	Active Iterate table group: (-1)
%MSG
%MSG-i ConfigurationManagerRW:  Early 06-Mar-2019 14:29:06 CST pre-events ConfigurationManagerRW.cc:533
otsdaq/otsdaq-core/ConfigurationInterface/ConfigurationManagerRW.cc [533]	Active Configuration table group: defaultConfig(120)
%MSG
