%MSG-i configureMessageFacility:  Early 06-Mar-2019 14:21:13 CST pre-events configureMessageFacility.cc:286
Message Facility Application CorePropertySupervisorBase configured with: debugModules:["*"] destinations:{file:{append:false directory:"/home/mu2edaq/sync_demo/ots/srcs/otsdaq_mu2e/Data/Logs/CorePropertySupervisorBase" pattern:"CorePropertySupervisorBase-%?H%t-%p.log" seperator:"-" threshold:"DEBUG" timestamp_pattern:"%Y%m%d%H%M%S" type:"GenFile"} udp:{host:"127.0.0.1" port:30000 threshold:"DEBUG" type:"UDP"}}
%MSG
%MSG-i _TCPConnect:  DAQ 06-Mar-2019 14:21:13 CST Booted TCPConnect.cc:334
Resolving host 127.0.0.1, on port 30000
%MSG
%MSG-i _TCPConnect:  DAQ 06-Mar-2019 14:21:13 CST Booted TCPConnect.cc:241
Resolving ip mu2edaq06.fnal.gov
%MSG
%MSG-i configureMessageFacility:  DAQ 06-Mar-2019 14:21:13 CST Booted configureMessageFacility.cc:286
Message Facility Application RunControlStateMachine configured with: debugModules:["*"] destinations:{file:{append:false directory:"/home/mu2edaq/sync_demo/ots/srcs/otsdaq_mu2e/Data/Logs/RunControlStateMachine" pattern:"RunControlStateMachine-%?H%t-%p.log" seperator:"-" threshold:"DEBUG" timestamp_pattern:"%Y%m%d%H%M%S" type:"GenFile"} udp:{host:"127.0.0.1" port:30000 threshold:"DEBUG" type:"UDP"}}
%MSG
%MSG-i configureMessageFacility:  DAQ 06-Mar-2019 14:21:13 CST Booted configureMessageFacility.cc:286
Message Facility Application CoreSupervisorBase configured with: debugModules:["*"] destinations:{file:{append:false directory:"/home/mu2edaq/sync_demo/ots/srcs/otsdaq_mu2e/Data/Logs/CoreSupervisorBase" pattern:"CoreSupervisorBase-%?H%t-%p.log" seperator:"-" threshold:"DEBUG" timestamp_pattern:"%Y%m%d%H%M%S" type:"GenFile"} udp:{host:"127.0.0.1" port:30000 threshold:"DEBUG" type:"UDP"}}
%MSG
%MSG-i configureMessageFacility:  DAQ 06-Mar-2019 14:21:13 CST Booted configureMessageFacility.cc:286
Message Facility Application ConfigurationGUI configured with: debugModules:["*"] destinations:{file:{append:false directory:"/home/mu2edaq/sync_demo/ots/srcs/otsdaq_mu2e/Data/Logs/ConfigurationGUI" pattern:"ConfigurationGUI-%?H%t-%p.log" seperator:"-" threshold:"DEBUG" timestamp_pattern:"%Y%m%d%H%M%S" type:"GenFile"} udp:{host:"127.0.0.1" port:30000 threshold:"DEBUG" type:"UDP"}}
%MSG
%MSG-i configureMessageFacility:  DAQ 06-Mar-2019 14:21:14 CST Booted configureMessageFacility.cc:286
Message Facility Application OtsConfigurationWizard configured with: debugModules:["*"] destinations:{file:{append:false directory:"/home/mu2edaq/sync_demo/ots/srcs/otsdaq_mu2e/Data/Logs/OtsConfigurationWizard" pattern:"OtsConfigurationWizard-%?H%t-%p.log" seperator:"-" threshold:"DEBUG" timestamp_pattern:"%Y%m%d%H%M%S" type:"GenFile"} udp:{host:"127.0.0.1" port:30000 threshold:"DEBUG" type:"UDP"}}
%MSG
%MSG-i configureMessageFacility:  DAQ 06-Mar-2019 14:21:15 CST Booted configureMessageFacility.cc:286
Message Facility Application CorePropertySupervisorBase configured with: debugModules:["*"] destinations:{file:{append:false directory:"/home/mu2edaq/sync_demo/ots/srcs/otsdaq_mu2e/Data/Logs/CorePropertySupervisorBase" pattern:"CorePropertySupervisorBase-%?H%t-%p.log" seperator:"-" threshold:"DEBUG" timestamp_pattern:"%Y%m%d%H%M%S" type:"GenFile"} udp:{host:"127.0.0.1" port:30000 threshold:"DEBUG" type:"UDP"}}
%MSG
%MSG-i configureMessageFacility:  DAQ 06-Mar-2019 14:21:15 CST Booted configureMessageFacility.cc:286
Message Facility Application RunControlStateMachine configured with: debugModules:["*"] destinations:{file:{append:false directory:"/home/mu2edaq/sync_demo/ots/srcs/otsdaq_mu2e/Data/Logs/RunControlStateMachine" pattern:"RunControlStateMachine-%?H%t-%p.log" seperator:"-" threshold:"DEBUG" timestamp_pattern:"%Y%m%d%H%M%S" type:"GenFile"} udp:{host:"127.0.0.1" port:30000 threshold:"DEBUG" type:"UDP"}}
%MSG
%MSG-i configureMessageFacility:  DAQ 06-Mar-2019 14:21:15 CST Booted configureMessageFacility.cc:286
Message Facility Application CoreSupervisorBase configured with: debugModules:["*"] destinations:{file:{append:false directory:"/home/mu2edaq/sync_demo/ots/srcs/otsdaq_mu2e/Data/Logs/CoreSupervisorBase" pattern:"CoreSupervisorBase-%?H%t-%p.log" seperator:"-" threshold:"DEBUG" timestamp_pattern:"%Y%m%d%H%M%S" type:"GenFile"} udp:{host:"127.0.0.1" port:30000 threshold:"DEBUG" type:"UDP"}}
%MSG
%MSG-i configureMessageFacility:  DAQ 06-Mar-2019 14:21:15 CST Booted configureMessageFacility.cc:286
Message Facility Application ConsoleSupervisor configured with: debugModules:["*"] destinations:{file:{append:false directory:"/home/mu2edaq/sync_demo/ots/srcs/otsdaq_mu2e/Data/Logs/ConsoleSupervisor" pattern:"ConsoleSupervisor-%?H%t-%p.log" seperator:"-" threshold:"DEBUG" timestamp_pattern:"%Y%m%d%H%M%S" type:"GenFile"} udp:{host:"127.0.0.1" port:30000 threshold:"DEBUG" type:"UDP"}}
%MSG
%MSG-i Console:  Early 06-Mar-2019 14:21:15 CST pre-events ConsoleSupervisor.cc:171
otsdaq_utilities/otsdaq-utilities/Console/ConsoleSupervisor.cc [171]	INFO messages look like this.
%MSG
%MSG-w Console:  Early 06-Mar-2019 14:21:15 CST pre-events ConsoleSupervisor.cc:172
otsdaq_utilities/otsdaq-utilities/Console/ConsoleSupervisor.cc [172]	WARNING messages look like this.
%MSG
%MSG-e Console:  Early 06-Mar-2019 14:21:15 CST pre-events ConsoleSupervisor.cc:173
otsdaq_utilities/otsdaq-utilities/Console/ConsoleSupervisor.cc [173]	ERROR messages look like this.
%MSG
%MSG-i configureMessageFacility:  DAQ 06-Mar-2019 14:21:15 CST Booted configureMessageFacility.cc:286
Message Facility Application CorePropertySupervisorBase configured with: debugModules:["*"] destinations:{file:{append:false directory:"/home/mu2edaq/sync_demo/ots/srcs/otsdaq_mu2e/Data/Logs/CorePropertySupervisorBase" pattern:"CorePropertySupervisorBase-%?H%t-%p.log" seperator:"-" threshold:"DEBUG" timestamp_pattern:"%Y%m%d%H%M%S" type:"GenFile"} udp:{host:"127.0.0.1" port:30000 threshold:"DEBUG" type:"UDP"}}
%MSG
%MSG-i configureMessageFacility:  DAQ 06-Mar-2019 14:21:15 CST Booted configureMessageFacility.cc:286
Message Facility Application RunControlStateMachine configured with: debugModules:["*"] destinations:{file:{append:false directory:"/home/mu2edaq/sync_demo/ots/srcs/otsdaq_mu2e/Data/Logs/RunControlStateMachine" pattern:"RunControlStateMachine-%?H%t-%p.log" seperator:"-" threshold:"DEBUG" timestamp_pattern:"%Y%m%d%H%M%S" type:"GenFile"} udp:{host:"127.0.0.1" port:30000 threshold:"DEBUG" type:"UDP"}}
%MSG
%MSG-i configureMessageFacility:  DAQ 06-Mar-2019 14:21:15 CST Booted configureMessageFacility.cc:286
Message Facility Application CoreSupervisorBase configured with: debugModules:["*"] destinations:{file:{append:false directory:"/home/mu2edaq/sync_demo/ots/srcs/otsdaq_mu2e/Data/Logs/CoreSupervisorBase" pattern:"CoreSupervisorBase-%?H%t-%p.log" seperator:"-" threshold:"DEBUG" timestamp_pattern:"%Y%m%d%H%M%S" type:"GenFile"} udp:{host:"127.0.0.1" port:30000 threshold:"DEBUG" type:"UDP"}}
%MSG
%MSG-e ConfigurationGUISupervisor-280:  Early 06-Mar-2019 14:21:40 CST  pre-events
otsdaq/otsdaq-core/CoreSupervisors/CoreSupervisorBase.cc [173]	'getGroupAliases' ERROR encountered: :ConfigurationGUISupervisor:280:otsdaq_utilities/otsdaq-utilities/ConfigurationGUI/ConfigurationGUISupervisor.cc [429] Error loading active groups!  :ConfigurationManager:otsdaq/otsdaq-core/ConfigurationInterface/ConfigurationManager.cc [216] Failed to load group in ConfigurationManager::init() with name &apos;defaultConfig(120)&apos; :ConfigurationManager:otsdaq/otsdaq-core/ConfigurationInterface/ConfigurationManager.cc [1341] Error occurred while loading table group: :ConfigurationManager:otsdaq/otsdaq-core/ConfigurationInterface/ConfigurationManager.cc [1306] Error occurred while loading table group &apos;defaultConfig(120)&apos;:  :TableView-ROC_INTERFACE_TABLE:v37:otsdaq/otsdaq-core/TableCore/TableView.cc [455] Table Error: &apos;ROCPolarFireCoreInterface&apos; in column ROCInterfacePluginName is not a valid Fixed Choice option. Possible values are as follows: arbitraryBool=0, ROCCoreInterface, ROCCalorimeterInterface, ROCTrackerInterface, ROCCalorimeterEmulator.
%MSG
%MSG-e ConfigurationGUISupervisor-280:  Early 06-Mar-2019 14:21:57 CST  pre-events
otsdaq/otsdaq-core/CoreSupervisors/CoreSupervisorBase.cc [173]	'activateTableGroup' ERROR encountered: Error activating config group &apos;defaultConfig(117).&apos; Please see details below:  :ConfigurationManager:otsdaq/otsdaq-core/ConfigurationInterface/ConfigurationManager.cc [1341] Error occurred while loading table group: :ConfigurationManager:otsdaq/otsdaq-core/ConfigurationInterface/ConfigurationManager.cc [1306] Error occurred while loading table group &apos;defaultConfig(117)&apos;:  :TableView-ROC_INTERFACE_TABLE:v35:otsdaq/otsdaq-core/TableCore/TableView.cc [455] Table Error: &apos;ROCPolarFireCoreInterface&apos; in column ROCInterfacePluginName is not a valid Fixed Choice option. Possible values are as follows: arbitraryBool=0, ROCCoreInterface, ROCCalorimeterInterface, ROCTrackerInterface, ROCCalorimeterEmulator.
%MSG
%MSG-e ConfigurationGUISupervisor-280:  Early 06-Mar-2019 14:21:57 CST  pre-events
otsdaq/otsdaq-core/CoreSupervisors/CoreSupervisorBase.cc [173]	'activateTableGroup' ERROR encountered: Warnings were found when activating group &apos;defaultConfig(117)&apos;! Please see details below:  :ConfigurationManager:otsdaq/otsdaq-core/ConfigurationInterface/ConfigurationManager.cc [1306] Error occurred while loading table group &apos;defaultConfig(117)&apos;:  :TableView-ROC_INTERFACE_TABLE:v35:otsdaq/otsdaq-core/TableCore/TableView.cc [455] Table Error: &apos;ROCPolarFireCoreInterface&apos; in column ROCInterfacePluginName is not a valid Fixed Choice option. Possible values are as follows: arbitraryBool=0, ROCCoreInterface, ROCCalorimeterInterface, ROCTrackerInterface, ROCCalorimeterEmulator.  :ConfigurationManager:otsdaq/otsdaq-core/ConfigurationInterface/ConfigurationManager.cc [1341] Error occurred while loading table group: :ConfigurationManager:otsdaq/otsdaq-core/ConfigurationInterface/ConfigurationManager.cc [1306] Error occurred while loading table group &apos;defaultConfig(117)&apos;:  :TableView-ROC_INTERFACE_TABLE:v35:otsdaq/otsdaq-core/TableCore/TableView.cc [455] Table Error: &apos;ROCPolarFireCoreInterface&apos; in column ROCInterfacePluginName is not a valid Fixed Choice option. Possible values are as follows: arbitraryBool=0, ROCCoreInterface, ROCCalorimeterInterface, ROCTrackerInterface, ROCCalorimeterEmulator.
%MSG
%MSG-e ConfigurationGUISupervisor-280:  Early 06-Mar-2019 14:21:58 CST  pre-events
otsdaq/otsdaq-core/CoreSupervisors/CoreSupervisorBase.cc [173]	'getGroupAliases' ERROR encountered: :ConfigurationGUISupervisor:280:otsdaq_utilities/otsdaq-utilities/ConfigurationGUI/ConfigurationGUISupervisor.cc [429] Error loading active groups!  :ConfigurationManager:otsdaq/otsdaq-core/ConfigurationInterface/ConfigurationManager.cc [216] Failed to load group in ConfigurationManager::init() with name &apos;defaultConfig(120)&apos; :ConfigurationManager:otsdaq/otsdaq-core/ConfigurationInterface/ConfigurationManager.cc [1341] Error occurred while loading table group: :ConfigurationManager:otsdaq/otsdaq-core/ConfigurationInterface/ConfigurationManager.cc [1306] Error occurred while loading table group &apos;defaultConfig(120)&apos;:  :TableView-ROC_INTERFACE_TABLE:v37:otsdaq/otsdaq-core/TableCore/TableView.cc [455] Table Error: &apos;ROCPolarFireCoreInterface&apos; in column ROCInterfacePluginName is not a valid Fixed Choice option. Possible values are as follows: arbitraryBool=0, ROCCoreInterface, ROCCalorimeterInterface, ROCTrackerInterface, ROCCalorimeterEmulator.
%MSG
%MSG-e ConfigurationGUISupervisor-280:  Early 06-Mar-2019 14:22:23 CST  pre-events
otsdaq/otsdaq-core/CoreSupervisors/CoreSupervisorBase.cc [173]	'activateTableGroup' ERROR encountered: Error activating config group &apos;defaultConfig(117).&apos; Please see details below:  :ConfigurationManager:otsdaq/otsdaq-core/ConfigurationInterface/ConfigurationManager.cc [1341] Error occurred while loading table group: :ConfigurationManager:otsdaq/otsdaq-core/ConfigurationInterface/ConfigurationManager.cc [1306] Error occurred while loading table group &apos;defaultConfig(117)&apos;:  :TableView-ROC_INTERFACE_TABLE:v35:otsdaq/otsdaq-core/TableCore/TableView.cc [455] Table Error: &apos;ROCPolarFireCoreInterface&apos; in column ROCInterfacePluginName is not a valid Fixed Choice option. Possible values are as follows: arbitraryBool=0, ROCCoreInterface, ROCCalorimeterInterface, ROCTrackerInterface, ROCCalorimeterEmulator.
%MSG
%MSG-e ConfigurationGUISupervisor-280:  Early 06-Mar-2019 14:22:23 CST  pre-events
otsdaq/otsdaq-core/CoreSupervisors/CoreSupervisorBase.cc [173]	'activateTableGroup' ERROR encountered: Warnings were found when activating group &apos;defaultConfig(117)&apos;! Please see details below:  :ConfigurationManager:otsdaq/otsdaq-core/ConfigurationInterface/ConfigurationManager.cc [1306] Error occurred while loading table group &apos;defaultConfig(117)&apos;:  :TableView-ROC_INTERFACE_TABLE:v35:otsdaq/otsdaq-core/TableCore/TableView.cc [455] Table Error: &apos;ROCPolarFireCoreInterface&apos; in column ROCInterfacePluginName is not a valid Fixed Choice option. Possible values are as follows: arbitraryBool=0, ROCCoreInterface, ROCCalorimeterInterface, ROCTrackerInterface, ROCCalorimeterEmulator.  :ConfigurationManager:otsdaq/otsdaq-core/ConfigurationInterface/ConfigurationManager.cc [1341] Error occurred while loading table group: :ConfigurationManager:otsdaq/otsdaq-core/ConfigurationInterface/ConfigurationManager.cc [1306] Error occurred while loading table group &apos;defaultConfig(117)&apos;:  :TableView-ROC_INTERFACE_TABLE:v35:otsdaq/otsdaq-core/TableCore/TableView.cc [455] Table Error: &apos;ROCPolarFireCoreInterface&apos; in column ROCInterfacePluginName is not a valid Fixed Choice option. Possible values are as follows: arbitraryBool=0, ROCCoreInterface, ROCCalorimeterInterface, ROCTrackerInterface, ROCCalorimeterEmulator.
%MSG
%MSG-e ConfigurationGUISupervisor-280:  Early 06-Mar-2019 14:22:24 CST  pre-events
otsdaq/otsdaq-core/CoreSupervisors/CoreSupervisorBase.cc [173]	'getGroupAliases' ERROR encountered: :ConfigurationGUISupervisor:280:otsdaq_utilities/otsdaq-utilities/ConfigurationGUI/ConfigurationGUISupervisor.cc [429] Error loading active groups!  :ConfigurationManager:otsdaq/otsdaq-core/ConfigurationInterface/ConfigurationManager.cc [216] Failed to load group in ConfigurationManager::init() with name &apos;defaultConfig(120)&apos; :ConfigurationManager:otsdaq/otsdaq-core/ConfigurationInterface/ConfigurationManager.cc [1341] Error occurred while loading table group: :ConfigurationManager:otsdaq/otsdaq-core/ConfigurationInterface/ConfigurationManager.cc [1306] Error occurred while loading table group &apos;defaultConfig(120)&apos;:  :TableView-ROC_INTERFACE_TABLE:v37:otsdaq/otsdaq-core/TableCore/TableView.cc [455] Table Error: &apos;ROCPolarFireCoreInterface&apos; in column ROCInterfacePluginName is not a valid Fixed Choice option. Possible values are as follows: arbitraryBool=0, ROCCoreInterface, ROCCalorimeterInterface, ROCTrackerInterface, ROCCalorimeterEmulator.
%MSG
%MSG-e ConfigurationGUISupervisor-280:  Early 06-Mar-2019 14:23:33 CST  pre-events
otsdaq/otsdaq-core/CoreSupervisors/CoreSupervisorBase.cc [173]	'getSpecificTableGroup' ERROR encountered: :ConfigurationGUISupervisor:280:otsdaq_utilities/otsdaq-utilities/ConfigurationGUI/ConfigurationGUISupervisor.cc [4438] Table group &quot;defaultConfig(117)&quot; members can not be loaded!  :ConfigurationManager:otsdaq/otsdaq-core/ConfigurationInterface/ConfigurationManager.cc [1341] Error occurred while loading table group: :ConfigurationManager:otsdaq/otsdaq-core/ConfigurationInterface/ConfigurationManager.cc [1306] Error occurred while loading table group &apos;defaultConfig(117)&apos;:  :TableView-ROC_INTERFACE_TABLE:v35:otsdaq/otsdaq-core/TableCore/TableView.cc [455] Table Error: &apos;ROCPolarFireCoreInterface&apos; in column ROCInterfacePluginName is not a valid Fixed Choice option. Possible values are as follows: arbitraryBool=0, ROCCoreInterface, ROCCalorimeterInterface, ROCTrackerInterface, ROCCalorimeterEmulator.
%MSG
%MSG-e ConfigurationGUISupervisor-280:  Early 06-Mar-2019 14:23:33 CST  pre-events
otsdaq/otsdaq-core/CoreSupervisors/CoreSupervisorBase.cc [173]	'getSpecificTableGroup' ERROR encountered: :ConfigurationGUISupervisor:280:otsdaq_utilities/otsdaq-utilities/ConfigurationGUI/ConfigurationGUISupervisor.cc [4548] Error!  :TableBase-RawDataSaverConsumerTable:otsdaq/otsdaq-core/TableCore/TableBase.cc [475] activeTableView_ pointer is null! (...likely the active view was not setup properly. Check your system setup.)
%MSG
%MSG-e ConfigurationGUISupervisor-280:  Early 06-Mar-2019 14:24:04 CST  pre-events
otsdaq/otsdaq-core/CoreSupervisors/CoreSupervisorBase.cc [173]	'getGroupAliases' ERROR encountered: :ConfigurationGUISupervisor:280:otsdaq_utilities/otsdaq-utilities/ConfigurationGUI/ConfigurationGUISupervisor.cc [429] Error loading active groups!  :ConfigurationManager:otsdaq/otsdaq-core/ConfigurationInterface/ConfigurationManager.cc [216] Failed to load group in ConfigurationManager::init() with name &apos;defaultConfig(120)&apos; :ConfigurationManager:otsdaq/otsdaq-core/ConfigurationInterface/ConfigurationManager.cc [1341] Error occurred while loading table group: :ConfigurationManager:otsdaq/otsdaq-core/ConfigurationInterface/ConfigurationManager.cc [1306] Error occurred while loading table group &apos;defaultConfig(120)&apos;:  :TableView-ROC_INTERFACE_TABLE:v37:otsdaq/otsdaq-core/TableCore/TableView.cc [455] Table Error: &apos;ROCPolarFireCoreInterface&apos; in column ROCInterfacePluginName is not a valid Fixed Choice option. Possible values are as follows: arbitraryBool=0, ROCCoreInterface, ROCCalorimeterInterface, ROCTrackerInterface, ROCCalorimeterEmulator.
%MSG
%MSG-e ConfigurationGUISupervisor-280:  Early 06-Mar-2019 14:27:42 CST  pre-events
otsdaq/otsdaq-core/CoreSupervisors/CoreSupervisorBase.cc [173]	'getGroupAliases' ERROR encountered: :ConfigurationGUISupervisor:280:otsdaq_utilities/otsdaq-utilities/ConfigurationGUI/ConfigurationGUISupervisor.cc [429] Error loading active groups!  :ConfigurationManager:otsdaq/otsdaq-core/ConfigurationInterface/ConfigurationManager.cc [216] Failed to load group in ConfigurationManager::init() with name &apos;defaultConfig(120)&apos; :ConfigurationManager:otsdaq/otsdaq-core/ConfigurationInterface/ConfigurationManager.cc [1341] Error occurred while loading table group: :ConfigurationManager:otsdaq/otsdaq-core/ConfigurationInterface/ConfigurationManager.cc [1306] Error occurred while loading table group &apos;defaultConfig(120)&apos;:  :TableView-ROC_INTERFACE_TABLE:v37:otsdaq/otsdaq-core/TableCore/TableView.cc [455] Table Error: &apos;ROCPolarFireCoreInterface&apos; in column ROCInterfacePluginName is not a valid Fixed Choice option. Possible values are as follows: arbitraryBool=0, ROCCoreInterface, ROCCalorimeterInterface, ROCTrackerInterface, ROCCalorimeterEmulator.
%MSG
%MSG-e ConfigurationGUISupervisor-280:  Early 06-Mar-2019 14:27:50 CST  pre-events
otsdaq/otsdaq-core/CoreSupervisors/CoreSupervisorBase.cc [173]	'getGroupAliases' ERROR encountered: :ConfigurationGUISupervisor:280:otsdaq_utilities/otsdaq-utilities/ConfigurationGUI/ConfigurationGUISupervisor.cc [429] Error loading active groups!  :ConfigurationManager:otsdaq/otsdaq-core/ConfigurationInterface/ConfigurationManager.cc [216] Failed to load group in ConfigurationManager::init() with name &apos;defaultConfig(120)&apos; :ConfigurationManager:otsdaq/otsdaq-core/ConfigurationInterface/ConfigurationManager.cc [1341] Error occurred while loading table group: :ConfigurationManager:otsdaq/otsdaq-core/ConfigurationInterface/ConfigurationManager.cc [1306] Error occurred while loading table group &apos;defaultConfig(120)&apos;:  :TableView-ROC_INTERFACE_TABLE:v37:otsdaq/otsdaq-core/TableCore/TableView.cc [455] Table Error: &apos;ROCPolarFireCoreInterface&apos; in column ROCInterfacePluginName is not a valid Fixed Choice option. Possible values are as follows: arbitraryBool=0, ROCCoreInterface, ROCCalorimeterInterface, ROCTrackerInterface, ROCCalorimeterEmulator.
%MSG
%MSG-e ConfigurationGUISupervisor-280:  Early 06-Mar-2019 14:28:35 CST  pre-events
otsdaq/otsdaq-core/CoreSupervisors/CoreSupervisorBase.cc [173]	'activateTableGroup' ERROR encountered: Error activating config group &apos;defaultConfig(117).&apos; Please see details below:  :ConfigurationManager:otsdaq/otsdaq-core/ConfigurationInterface/ConfigurationManager.cc [1341] Error occurred while loading table group: :ConfigurationManager:otsdaq/otsdaq-core/ConfigurationInterface/ConfigurationManager.cc [1306] Error occurred while loading table group &apos;defaultConfig(117)&apos;:  :TableView-ROC_INTERFACE_TABLE:v35:otsdaq/otsdaq-core/TableCore/TableView.cc [455] Table Error: &apos;ROCPolarFireCoreInterface&apos; in column ROCInterfacePluginName is not a valid Fixed Choice option. Possible values are as follows: arbitraryBool=0, ROCCoreInterface, ROCCalorimeterInterface, ROCTrackerInterface, ROCCalorimeterEmulator.
%MSG
%MSG-e ConfigurationGUISupervisor-280:  Early 06-Mar-2019 14:28:35 CST  pre-events
otsdaq/otsdaq-core/CoreSupervisors/CoreSupervisorBase.cc [173]	'activateTableGroup' ERROR encountered: Warnings were found when activating group &apos;defaultConfig(117)&apos;! Please see details below:  :ConfigurationManager:otsdaq/otsdaq-core/ConfigurationInterface/ConfigurationManager.cc [1306] Error occurred while loading table group &apos;defaultConfig(117)&apos;:  :TableView-ROC_INTERFACE_TABLE:v35:otsdaq/otsdaq-core/TableCore/TableView.cc [455] Table Error: &apos;ROCPolarFireCoreInterface&apos; in column ROCInterfacePluginName is not a valid Fixed Choice option. Possible values are as follows: arbitraryBool=0, ROCCoreInterface, ROCCalorimeterInterface, ROCTrackerInterface, ROCCalorimeterEmulator.  :ConfigurationManager:otsdaq/otsdaq-core/ConfigurationInterface/ConfigurationManager.cc [1341] Error occurred while loading table group: :ConfigurationManager:otsdaq/otsdaq-core/ConfigurationInterface/ConfigurationManager.cc [1306] Error occurred while loading table group &apos;defaultConfig(117)&apos;:  :TableView-ROC_INTERFACE_TABLE:v35:otsdaq/otsdaq-core/TableCore/TableView.cc [455] Table Error: &apos;ROCPolarFireCoreInterface&apos; in column ROCInterfacePluginName is not a valid Fixed Choice option. Possible values are as follows: arbitraryBool=0, ROCCoreInterface, ROCCalorimeterInterface, ROCTrackerInterface, ROCCalorimeterEmulator.
%MSG
%MSG-e ConfigurationGUISupervisor-280:  Early 06-Mar-2019 14:28:36 CST  pre-events
otsdaq/otsdaq-core/CoreSupervisors/CoreSupervisorBase.cc [173]	'getGroupAliases' ERROR encountered: :ConfigurationGUISupervisor:280:otsdaq_utilities/otsdaq-utilities/ConfigurationGUI/ConfigurationGUISupervisor.cc [429] Error loading active groups!  :ConfigurationManager:otsdaq/otsdaq-core/ConfigurationInterface/ConfigurationManager.cc [216] Failed to load group in ConfigurationManager::init() with name &apos;defaultConfig(120)&apos; :ConfigurationManager:otsdaq/otsdaq-core/ConfigurationInterface/ConfigurationManager.cc [1341] Error occurred while loading table group: :ConfigurationManager:otsdaq/otsdaq-core/ConfigurationInterface/ConfigurationManager.cc [1306] Error occurred while loading table group &apos;defaultConfig(120)&apos;:  :TableView-ROC_INTERFACE_TABLE:v37:otsdaq/otsdaq-core/TableCore/TableView.cc [455] Table Error: &apos;ROCPolarFireCoreInterface&apos; in column ROCInterfacePluginName is not a valid Fixed Choice option. Possible values are as follows: arbitraryBool=0, ROCCoreInterface, ROCCalorimeterInterface, ROCTrackerInterface, ROCCalorimeterEmulator.
%MSG
