%MSG-i configureMessageFacility:  Early 27-Mar-2019 13:49:42 CDT pre-events configureMessageFacility.cc:286
Message Facility Application CorePropertySupervisorBase configured with: debugModules:["*"] destinations:{file:{append:false directory:"/home/mu2edaq/sync_demo/ots_stm/srcs/otsdaq_mu2e_stm/Data/Logs/CorePropertySupervisorBase" pattern:"CorePropertySupervisorBase-%?H%t-%p.log" seperator:"-" threshold:"DEBUG" timestamp_pattern:"%Y%m%d%H%M%S" type:"GenFile"} udp:{host:"192.168.157.6" port:30000 threshold:"DEBUG" type:"UDP"}}
%MSG
%MSG-i _TCPConnect:  DAQ 27-Mar-2019 13:49:42 CDT Booted TCPConnect.cc:334
Resolving host 192.168.157.6, on port 30000
%MSG
%MSG-i _TCPConnect:  DAQ 27-Mar-2019 13:49:42 CDT Booted TCPConnect.cc:241
Resolving ip mu2edaq10.fnal.gov
%MSG
%MSG-i configureMessageFacility:  DAQ 27-Mar-2019 13:49:43 CDT Booted configureMessageFacility.cc:286
Message Facility Application RunControlStateMachine configured with: debugModules:["*"] destinations:{file:{append:false directory:"/home/mu2edaq/sync_demo/ots_stm/srcs/otsdaq_mu2e_stm/Data/Logs/RunControlStateMachine" pattern:"RunControlStateMachine-%?H%t-%p.log" seperator:"-" threshold:"DEBUG" timestamp_pattern:"%Y%m%d%H%M%S" type:"GenFile"} udp:{host:"192.168.157.6" port:30000 threshold:"DEBUG" type:"UDP"}}
%MSG
%MSG-i configureMessageFacility:  DAQ 27-Mar-2019 13:49:43 CDT Booted configureMessageFacility.cc:286
Message Facility Application CoreSupervisorBase configured with: debugModules:["*"] destinations:{file:{append:false directory:"/home/mu2edaq/sync_demo/ots_stm/srcs/otsdaq_mu2e_stm/Data/Logs/CoreSupervisorBase" pattern:"CoreSupervisorBase-%?H%t-%p.log" seperator:"-" threshold:"DEBUG" timestamp_pattern:"%Y%m%d%H%M%S" type:"GenFile"} udp:{host:"192.168.157.6" port:30000 threshold:"DEBUG" type:"UDP"}}
%MSG
%MSG-i configureMessageFacility:  Early 27-Mar-2019 13:54:57 CDT pre-events configureMessageFacility.cc:286
Message Facility Application ROCCoreVInterface configured with: debugModules:["*"] destinations:{file:{append:false directory:"/home/mu2edaq/sync_demo/ots_stm/srcs/otsdaq_mu2e_stm/Data/Logs/ROCCoreVInterface" pattern:"ROCCoreVInterface-%?H%t-%p.log" seperator:"-" threshold:"DEBUG" timestamp_pattern:"%Y%m%d%H%M%S" type:"GenFile"} udp:{host:"192.168.157.6" port:30000 threshold:"DEBUG" type:"UDP"}}
%MSG
%MSG-i FE-ROCCoreVInterface:  Early 27-Mar-2019 13:54:57 CDT pre-events
otsdaq_mu2e/otsdaq-mu2e/ROCCore/ROCCoreVInterface.cc [28]	ROCCoreVInterface instantiated with link: 2 and EventWindowDelayOffset = 20
%MSG
%MSG-i configureMessageFacility:  Early 27-Mar-2019 13:54:57 CDT pre-events configureMessageFacility.cc:286
Message Facility Application ROCStoppingTargetMonitorInterface configured with: debugModules:["*"] destinations:{file:{append:false directory:"/home/mu2edaq/sync_demo/ots_stm/srcs/otsdaq_mu2e_stm/Data/Logs/ROCStoppingTargetMonitorInterface" pattern:"ROCStoppingTargetMonitorInterface-%?H%t-%p.log" seperator:"-" threshold:"DEBUG" timestamp_pattern:"%Y%m%d%H%M%S" type:"GenFile"} udp:{host:"192.168.157.6" port:30000 threshold:"DEBUG" type:"UDP"}}
%MSG
%MSG-i FE-ROCStoppingTargetMonitorInterface:  Early 27-Mar-2019 13:54:57 CDT  pre-events
otsdaq_mu2e_stm/otsdaq-mu2e-stm/FEInterfaces/ROCStoppingTargetMonitorInterface_interface.cc [21]	ROCStoppingTargetMonitorInterface instantiated with link: 2 and EventWindowDelayOffset = 20
%MSG
%MSG-i configureMessageFacility:  Early 27-Mar-2019 13:54:57 CDT pre-events configureMessageFacility.cc:286
Message Facility Application ROCCoreVInterface configured with: debugModules:["*"] destinations:{file:{append:false directory:"/home/mu2edaq/sync_demo/ots_stm/srcs/otsdaq_mu2e_stm/Data/Logs/ROCCoreVInterface" pattern:"ROCCoreVInterface-%?H%t-%p.log" seperator:"-" threshold:"DEBUG" timestamp_pattern:"%Y%m%d%H%M%S" type:"GenFile"} udp:{host:"192.168.157.6" port:30000 threshold:"DEBUG" type:"UDP"}}
%MSG
%MSG-i FE-ROCCoreVInterface:  Early 27-Mar-2019 13:54:57 CDT pre-events
otsdaq_mu2e/otsdaq-mu2e/ROCCore/ROCCoreVInterface.cc [28]	ROCCoreVInterface instantiated with link: 3 and EventWindowDelayOffset = 30
%MSG
%MSG-i configureMessageFacility:  Early 27-Mar-2019 13:54:57 CDT pre-events configureMessageFacility.cc:286
Message Facility Application ROCStoppingTargetMonitorInterface configured with: debugModules:["*"] destinations:{file:{append:false directory:"/home/mu2edaq/sync_demo/ots_stm/srcs/otsdaq_mu2e_stm/Data/Logs/ROCStoppingTargetMonitorInterface" pattern:"ROCStoppingTargetMonitorInterface-%?H%t-%p.log" seperator:"-" threshold:"DEBUG" timestamp_pattern:"%Y%m%d%H%M%S" type:"GenFile"} udp:{host:"192.168.157.6" port:30000 threshold:"DEBUG" type:"UDP"}}
%MSG
%MSG-i FE-ROCStoppingTargetMonitorInterface:  Early 27-Mar-2019 13:54:57 CDT  pre-events
otsdaq_mu2e_stm/otsdaq-mu2e-stm/FEInterfaces/ROCStoppingTargetMonitorInterface_interface.cc [21]	ROCStoppingTargetMonitorInterface instantiated with link: 3 and EventWindowDelayOffset = 30
%MSG
%MSG-i configureMessageFacility:  Early 27-Mar-2019 13:54:57 CDT pre-events configureMessageFacility.cc:286
Message Facility Application ROCCoreVInterface configured with: debugModules:["*"] destinations:{file:{append:false directory:"/home/mu2edaq/sync_demo/ots_stm/srcs/otsdaq_mu2e_stm/Data/Logs/ROCCoreVInterface" pattern:"ROCCoreVInterface-%?H%t-%p.log" seperator:"-" threshold:"DEBUG" timestamp_pattern:"%Y%m%d%H%M%S" type:"GenFile"} udp:{host:"192.168.157.6" port:30000 threshold:"DEBUG" type:"UDP"}}
%MSG
%MSG-i FE-ROCCoreVInterface:  Early 27-Mar-2019 13:54:57 CDT pre-events
otsdaq_mu2e/otsdaq-mu2e/ROCCore/ROCCoreVInterface.cc [28]	ROCCoreVInterface instantiated with link: 4 and EventWindowDelayOffset = 40
%MSG
%MSG-i configureMessageFacility:  Early 27-Mar-2019 13:54:57 CDT pre-events configureMessageFacility.cc:286
Message Facility Application ROCStoppingTargetMonitorInterface configured with: debugModules:["*"] destinations:{file:{append:false directory:"/home/mu2edaq/sync_demo/ots_stm/srcs/otsdaq_mu2e_stm/Data/Logs/ROCStoppingTargetMonitorInterface" pattern:"ROCStoppingTargetMonitorInterface-%?H%t-%p.log" seperator:"-" threshold:"DEBUG" timestamp_pattern:"%Y%m%d%H%M%S" type:"GenFile"} udp:{host:"192.168.157.6" port:30000 threshold:"DEBUG" type:"UDP"}}
%MSG
%MSG-i FE-ROCStoppingTargetMonitorInterface:  Early 27-Mar-2019 13:54:57 CDT  pre-events
otsdaq_mu2e_stm/otsdaq-mu2e-stm/FEInterfaces/ROCStoppingTargetMonitorInterface_interface.cc [21]	ROCStoppingTargetMonitorInterface instantiated with link: 4 and EventWindowDelayOffset = 40
%MSG
%MSG-i configureMessageFacility:  Early 27-Mar-2019 13:54:57 CDT pre-events configureMessageFacility.cc:286
Message Facility Application ROCCoreVInterface configured with: debugModules:["*"] destinations:{file:{append:false directory:"/home/mu2edaq/sync_demo/ots_stm/srcs/otsdaq_mu2e_stm/Data/Logs/ROCCoreVInterface" pattern:"ROCCoreVInterface-%?H%t-%p.log" seperator:"-" threshold:"DEBUG" timestamp_pattern:"%Y%m%d%H%M%S" type:"GenFile"} udp:{host:"192.168.157.6" port:30000 threshold:"DEBUG" type:"UDP"}}
%MSG
%MSG-i FE-ROCCoreVInterface:  Early 27-Mar-2019 13:54:57 CDT pre-events
otsdaq_mu2e/otsdaq-mu2e/ROCCore/ROCCoreVInterface.cc [28]	ROCCoreVInterface instantiated with link: 5 and EventWindowDelayOffset = 50
%MSG
%MSG-i configureMessageFacility:  Early 27-Mar-2019 13:54:57 CDT pre-events configureMessageFacility.cc:286
Message Facility Application ROCStoppingTargetMonitorInterface configured with: debugModules:["*"] destinations:{file:{append:false directory:"/home/mu2edaq/sync_demo/ots_stm/srcs/otsdaq_mu2e_stm/Data/Logs/ROCStoppingTargetMonitorInterface" pattern:"ROCStoppingTargetMonitorInterface-%?H%t-%p.log" seperator:"-" threshold:"DEBUG" timestamp_pattern:"%Y%m%d%H%M%S" type:"GenFile"} udp:{host:"192.168.157.6" port:30000 threshold:"DEBUG" type:"UDP"}}
%MSG
%MSG-i FE-ROCStoppingTargetMonitorInterface:  Early 27-Mar-2019 13:54:57 CDT  pre-events
otsdaq_mu2e_stm/otsdaq-mu2e-stm/FEInterfaces/ROCStoppingTargetMonitorInterface_interface.cc [21]	ROCStoppingTargetMonitorInterface instantiated with link: 5 and EventWindowDelayOffset = 50
%MSG
%MSG-i FE-ROCStoppingTargetMonitorInterface:  Early 27-Mar-2019 13:54:57 CDT  pre-events
otsdaq_mu2e_stm/otsdaq-mu2e-stm/FEInterfaces/ROCStoppingTargetMonitorInterface_interface.cc [128]	.... STM parameter 1 = 42
%MSG
%MSG-i FE-ROCStoppingTargetMonitorInterface:  Early 27-Mar-2019 13:54:57 CDT  pre-events
otsdaq_mu2e_stm/otsdaq-mu2e-stm/FEInterfaces/ROCStoppingTargetMonitorInterface_interface.cc [129]	.... STM parameter 2 = 1
%MSG
%MSG-i FE-ROCStoppingTargetMonitorInterface:  Early 27-Mar-2019 13:54:57 CDT  pre-events
otsdaq_mu2e_stm/otsdaq-mu2e-stm/FEInterfaces/ROCStoppingTargetMonitorInterface_interface.cc [132]	... STM ROC Register 0, Write 1, Read -1
%MSG
%MSG-i FE-ROCStoppingTargetMonitorInterface:  Early 27-Mar-2019 13:54:57 CDT  pre-events
otsdaq_mu2e_stm/otsdaq-mu2e-stm/FEInterfaces/ROCStoppingTargetMonitorInterface_interface.cc [128]	.... STM parameter 1 = 1003
%MSG
%MSG-i FE-ROCStoppingTargetMonitorInterface:  Early 27-Mar-2019 13:54:57 CDT  pre-events
otsdaq_mu2e_stm/otsdaq-mu2e-stm/FEInterfaces/ROCStoppingTargetMonitorInterface_interface.cc [129]	.... STM parameter 2 = 1
%MSG
%MSG-i FE-ROCStoppingTargetMonitorInterface:  Early 27-Mar-2019 13:54:57 CDT  pre-events
otsdaq_mu2e_stm/otsdaq-mu2e-stm/FEInterfaces/ROCStoppingTargetMonitorInterface_interface.cc [132]	... STM ROC Register 0, Write 1, Read -1
%MSG
%MSG-i FE-ROCStoppingTargetMonitorInterface:  Early 27-Mar-2019 13:54:57 CDT  pre-events
otsdaq_mu2e_stm/otsdaq-mu2e-stm/FEInterfaces/ROCStoppingTargetMonitorInterface_interface.cc [128]	.... STM parameter 1 = 11
%MSG
%MSG-i FE-ROCStoppingTargetMonitorInterface:  Early 27-Mar-2019 13:54:57 CDT  pre-events
otsdaq_mu2e_stm/otsdaq-mu2e-stm/FEInterfaces/ROCStoppingTargetMonitorInterface_interface.cc [129]	.... STM parameter 2 = 0
%MSG
%MSG-i FE-ROCStoppingTargetMonitorInterface:  Early 27-Mar-2019 13:54:57 CDT  pre-events
otsdaq_mu2e_stm/otsdaq-mu2e-stm/FEInterfaces/ROCStoppingTargetMonitorInterface_interface.cc [132]	... STM ROC Register 0, Write 1, Read -1
%MSG
%MSG-i FE-ROCStoppingTargetMonitorInterface:  Early 27-Mar-2019 13:54:57 CDT  pre-events
otsdaq_mu2e_stm/otsdaq-mu2e-stm/FEInterfaces/ROCStoppingTargetMonitorInterface_interface.cc [128]	.... STM parameter 1 = 16
%MSG
%MSG-i FE-ROCStoppingTargetMonitorInterface:  Early 27-Mar-2019 13:54:57 CDT  pre-events
otsdaq_mu2e_stm/otsdaq-mu2e-stm/FEInterfaces/ROCStoppingTargetMonitorInterface_interface.cc [129]	.... STM parameter 2 = 0
%MSG
%MSG-i FE-ROCStoppingTargetMonitorInterface:  Early 27-Mar-2019 13:54:57 CDT  pre-events
otsdaq_mu2e_stm/otsdaq-mu2e-stm/FEInterfaces/ROCStoppingTargetMonitorInterface_interface.cc [132]	... STM ROC Register 0, Write 1, Read -1
%MSG
